[Licensing::Module] Trying to connect to existing licensing client channel...
Built from '6000.2/staging' branch; Version is '6000.2.14f1 (589824c1fc31) revision 5806116'; Using compiler version '194234433'; Build Type 'Release'
OS: 'Windows 10  (10.0.19045) 64bit Professional' Language: 'en' Physical Memory: 32549 MB
[Licensing::IpcConnector] Successfully connected to: "LicenseClient-user" at "2025-11-29T11:50:28.4811252Z"
BatchMode: 1, IsHumanControllingUs: 0, StartBugReporterOnCrash: 0, Is64bit: 1
Date: 2025-11-29T11:50:28Z

COMMAND LINE ARGUMENTS:
C:\Program Files\Unity\Hub\Editor\6000.2.14f1\Editor\Unity.exe
-adb2
-batchMode
-noUpm
-name
AssetImportWorker3
-projectPath
C:/Users/user/Downloads/Winter_university_2025/VR project
-logFile
Logs/AssetImportWorker3.log
-srvPort
50976
-licensingIpc
LicenseClient-user
-job-worker-count
5
-background-job-worker-count
8
-gc-helper-count
1
-name
AssetImport
Successfully changed project path to: C:/Users/user/Downloads/Winter_university_2025/VR project
C:/Users/user/Downloads/Winter_university_2025/VR project
[UnityMemory] Configuration Parameters - Can be set up in boot.config
    "memorysetup-allocator-temp-initial-block-size-main=262144"
    "memorysetup-allocator-temp-initial-block-size-worker=262144"
    "memorysetup-bucket-allocator-granularity=16"
    "memorysetup-bucket-allocator-bucket-count=8"
    "memorysetup-bucket-allocator-block-size=33554432"
    "memorysetup-bucket-allocator-block-count=8"
    "memorysetup-main-allocator-block-size=16777216"
    "memorysetup-thread-allocator-block-size=16777216"
    "memorysetup-gfx-main-allocator-block-size=16777216"
    "memorysetup-gfx-thread-allocator-block-size=16777216"
    "memorysetup-cache-allocator-block-size=4194304"
    "memorysetup-typetree-allocator-block-size=2097152"
    "memorysetup-profiler-bucket-allocator-granularity=16"
    "memorysetup-profiler-bucket-allocator-bucket-count=8"
    "memorysetup-profiler-bucket-allocator-block-size=33554432"
    "memorysetup-profiler-bucket-allocator-block-count=8"
    "memorysetup-profiler-allocator-block-size=16777216"
    "memorysetup-profiler-editor-allocator-block-size=1048576"
    "memorysetup-temp-allocator-size-main=16777216"
    "memorysetup-job-temp-allocator-block-size=2097152"
    "memorysetup-job-temp-allocator-block-size-background=1048576"
    "memorysetup-job-temp-allocator-reduction-small-platforms=262144"
    "memorysetup-temp-allocator-size-background-worker=32768"
    "memorysetup-temp-allocator-size-job-worker=262144"
    "memorysetup-temp-allocator-size-preload-manager=33554432"
    "memorysetup-temp-allocator-size-nav-mesh-worker=65536"
    "memorysetup-temp-allocator-size-audio-worker=65536"
    "memorysetup-temp-allocator-size-cloud-worker=32768"
    "memorysetup-temp-allocator-size-gi-baking-worker=262144"
    "memorysetup-temp-allocator-size-gi-baking-worker=262144"
    "memorysetup-temp-allocator-size-gi-baking-worker=262144"
    "memorysetup-temp-allocator-size-gi-baking-worker=262144"
    "memorysetup-temp-allocator-size-gi-baking-worker=262144"
    "memorysetup-temp-allocator-size-gfx=262144"
Player connection [17428]  Target information:

Player connection [17428]  * "[IP] 192.168.80.1 [Port] 0 [Flags] 2 [Guid] 586365281 [EditorId] 586365281 [Version] 1048832 [Id] WindowsEditor(7,WIN-E5MA88GDPSC) [Debug] 1 [PackageName] WindowsEditor [ProjectName] Editor" 

Player connection [17428]  * "[IP] 192.168.50.1 [Port] 0 [Flags] 2 [Guid] 586365281 [EditorId] 586365281 [Version] 1048832 [Id] WindowsEditor(7,WIN-E5MA88GDPSC) [Debug] 1 [PackageName] WindowsEditor [ProjectName] Editor" 

Player connection [17428]  * "[IP] 10.102.65.103 [Port] 0 [Flags] 2 [Guid] 586365281 [EditorId] 586365281 [Version] 1048832 [Id] WindowsEditor(7,WIN-E5MA88GDPSC) [Debug] 1 [PackageName] WindowsEditor [ProjectName] Editor" 

Player connection [17428] Host joined multi-casting on [225.0.0.222:54997]...
Player connection [17428] Host joined alternative multi-casting on [225.0.0.222:34997]...
JobSystem: Creating JobQueue using job-worker-count value 5
Input System module state changed to: Initialized.
[Physics::Module] Initialized fallback backend.
[Physics::Module] Id: 0xdecafbad
Library Redirect Path: Library/
[Physics::Module] Selected backend.
[Physics::Module] Name: PhysX
[Physics::Module] Id: 0xf2b8ea05
[Physics::Module] SDK Version: 4.1.2
[Physics::Module] Integration Version: 1.0.0
[Physics::Module] Threading Mode: Multi-Threaded
Refreshing native plugins compatible for Editor in 1.72 ms, found 3 plugins.
Preloading 0 native plugins for Editor in 0.00 ms.
Initialize engine version: 6000.2.14f1 (589824c1fc31)
[Subsystems] Discovering subsystems at path C:/Program Files/Unity/Hub/Editor/6000.2.14f1/Editor/Data/Resources/UnitySubsystems
[Subsystems] Discovering subsystems at path C:/Users/user/Downloads/Winter_university_2025/VR project/Assets
GfxDevice: creating device client; kGfxThreadingModeNonThreaded
Direct3D:
    Version:  Direct3D 11.0 [level 11.1]
    Renderer: NVIDIA GeForce GTX 1630 (ID=0x1f83)
    Vendor:   NVIDIA
    VRAM:     3942 MB
    Driver:   32.0.15.6590
Initialize mono
Mono path[0] = 'C:/Program Files/Unity/Hub/Editor/6000.2.14f1/Editor/Data/Managed'
Mono path[1] = 'C:/Program Files/Unity/Hub/Editor/6000.2.14f1/Editor/Data/MonoBleedingEdge/lib/mono/unityjit-win32'
Mono config path = 'C:/Program Files/Unity/Hub/Editor/6000.2.14f1/Editor/Data/MonoBleedingEdge/etc'
Using monoOptions --debugger-agent=transport=dt_socket,embedding=1,server=y,suspend=n,address=127.0.0.1:56380
Begin MonoManager ReloadAssembly
Registering precompiled unity dll's ...
Register platform support module: C:/Program Files/Unity/Hub/Editor/6000.2.14f1/Editor/Data/PlaybackEngines/WindowsStandaloneSupport/UnityEditor.WindowsStandalone.Extensions.dll
Registered in 0.001285 seconds.
- Loaded All Assemblies, in  0.289 seconds
Native extension for WindowsStandalone target not found
[Licensing::Client] Error: HandshakeResponse reported an error:
	ResponseCode: 505
	ResponseStatus: Unsupported protocol version '1.17.4'.
[Licensing::Module] Error: Failed to handshake to channel: "LicenseClient-user"
[Licensing::IpcConnector] LicenseClient-user channel disconnected successfully.
[Licensing::IpcConnector] Successfully connected to: "LicenseClient-user-6000.2.14" at "2025-11-29T11:50:29.1389555Z"
Mono: successfully reloaded assembly
- Finished resetting the current domain, in  0.253 seconds
Domain Reload Profiling: 540ms
	BeginReloadAssembly (97ms)
		ExecutionOrderSort (0ms)
		DisableScriptedObjects (0ms)
		BackupInstance (0ms)
		ReleaseScriptingObjects (0ms)
		CreateAndSetChildDomain (1ms)
	RebuildCommonClasses (28ms)
	RebuildNativeTypeToScriptingClass (10ms)
	initialDomainReloadingComplete (36ms)
	LoadAllAssembliesAndSetupDomain (116ms)
		LoadAssemblies (95ms)
		RebuildTransferFunctionScriptingTraits (0ms)
		AnalyzeDomain (114ms)
			TypeCache.Refresh (113ms)
				TypeCache.ScanAssembly (103ms)
			BuildScriptInfoCaches (0ms)
			ResolveRequiredComponents (0ms)
	FinalizeReload (253ms)
		ReleaseScriptCaches (0ms)
		RebuildScriptCaches (0ms)
		SetupLoadedEditorAssemblies (223ms)
			LogAssemblyErrors (0ms)
			InitializePlatformSupportModulesInManaged (41ms)
			SetLoadedEditorAssemblies (3ms)
			BeforeProcessingInitializeOnLoad (49ms)
			ProcessInitializeOnLoadAttributes (92ms)
			ProcessInitializeOnLoadMethodAttributes (38ms)
			AfterProcessingInitializeOnLoad (0ms)
			EditorAssembliesLoaded (0ms)
		ExecutionOrderSort2 (0ms)
		AwakeInstancesAfterBackupRestoration (0ms)
========================================================================
Worker process is ready to serve import requests
Import Worker Mode flag is 0x00
Begin MonoManager ReloadAssembly
[Licensing::Module] Licensing is not yet initialized.
[Licensing::Client] Handshaking with LicensingClient:
  Version:                 1.17.4+4293ba1
  Session Id:              58d19785c6d04cf3aa2be4ee09340d9a
  Correlation Id:          c677492c90f93d1fe723df52d2e77708
  External correlation Id: 7976613962373370802
  Machine Id:              gI87iXUkw2WQWbN3VV2VE697BKU=
[Licensing::Module] Successfully connected to LicensingClient on channel: "LicenseClient-user-6000.2.14" (connect: 0.00s, validation: 0.00s, handshake: 0.64s)
[Licensing::IpcConnector] Successfully connected to: "LicenseClient-user-6000.2.14-notifications" at "2025-11-29T11:50:29.778187Z"
[Licensing::Module] Licensing Background thread has ended after 1.30s
[Licensing::Module] Licensing is initialized (took 0.23s).
[Licensing::Client] Successfully resolved entitlement details
[Licensing::Module] License group:
  Id: 10170689369165-UnityPersXXXX
  Product: Unity Personal
  Type: Assigned
  Expiration: Unlimited
- Loaded All Assemblies, in  0.717 seconds
Refreshing native plugins compatible for Editor in 0.47 ms, found 3 plugins.
Native extension for WindowsStandalone target not found
Package Manager log level set to [2]
[Package Manager] Failed to launch server process. Reason: Unity was launched with the -noUpm command-line argument
[Package Manager] Unable to send message (not connected to server process).
[Package Manager] Cannot connect to Unity Package Manager local server
Mono: successfully reloaded assembly
- Finished resetting the current domain, in  0.422 seconds
Domain Reload Profiling: 1137ms
	BeginReloadAssembly (365ms)
		ExecutionOrderSort (0ms)
		DisableScriptedObjects (5ms)
		BackupInstance (0ms)
		ReleaseScriptingObjects (0ms)
		CreateAndSetChildDomain (21ms)
	RebuildCommonClasses (28ms)
	RebuildNativeTypeToScriptingClass (9ms)
	initialDomainReloadingComplete (28ms)
	LoadAllAssembliesAndSetupDomain (285ms)
		LoadAssemblies (217ms)
		RebuildTransferFunctionScriptingTraits (0ms)
		AnalyzeDomain (143ms)
			TypeCache.Refresh (114ms)
				TypeCache.ScanAssembly (105ms)
			BuildScriptInfoCaches (23ms)
			ResolveRequiredComponents (4ms)
	FinalizeReload (422ms)
		ReleaseScriptCaches (0ms)
		RebuildScriptCaches (0ms)
		SetupLoadedEditorAssemblies (340ms)
			LogAssemblyErrors (0ms)
			InitializePlatformSupportModulesInManaged (1ms)
			SetLoadedEditorAssemblies (3ms)
			BeforeProcessingInitializeOnLoad (69ms)
			ProcessInitializeOnLoadAttributes (245ms)
			ProcessInitializeOnLoadMethodAttributes (18ms)
			AfterProcessingInitializeOnLoad (3ms)
			EditorAssembliesLoaded (0ms)
		ExecutionOrderSort2 (0ms)
		AwakeInstancesAfterBackupRestoration (4ms)
Launched and connected shader compiler UnityShaderCompiler.exe after 0.01 seconds
Refreshing native plugins compatible for Editor in 0.55 ms, found 3 plugins.
Preloading 0 native plugins for Editor in 0.00 ms.
Unloading 0 Unused Serialized files (Serialized files now loaded: 0)
Unloading 3858 unused Assets / (1.2 MB). Loaded Objects now: 4371.
Memory consumption went from 94.6 MB to 93.4 MB.
Total: 4.187200 ms (FindLiveObjects: 0.248200 ms CreateObjectMapping: 0.202600 ms MarkObjects: 3.019300 ms  DeleteObjects: 0.716500 ms)

========================================================================
Received Import Request.
  Time since last request: 3608.963027 seconds.
  path: Assets/3D_Content/Worklight/WorkLightGlass_NormalOGL.png
  artifactKey: Guid(495c9efa72d8ace4daf68626c24f3d24) Importer(815301076,1909f56bfc062723c751e8b465ee728b)
Start importing Assets/3D_Content/Worklight/WorkLightGlass_NormalOGL.png using Guid(495c9efa72d8ace4daf68626c24f3d24) Importer(815301076,1909f56bfc062723c751e8b465ee728b) (PreviewImporter) -> (artifact id: 'cf23090ca365308fa3428aee5d21a93c') in 0.0891845 seconds
Number of updated asset objects reloaded before import = 0Number of asset objects unloaded after import = 2

========================================================================
Received Import Request.
  Time since last request: 726.127640 seconds.
  path: Assets/3D_Content/TrafficCones/Traffic_Cones.fbx
  artifactKey: Guid(bd80b122acb2b664dbda0d296e4b710b) Importer(815301076,1909f56bfc062723c751e8b465ee728b)
Start importing Assets/3D_Content/TrafficCones/Traffic_Cones.fbx using Guid(bd80b122acb2b664dbda0d296e4b710b) Importer(815301076,1909f56bfc062723c751e8b465ee728b) (PreviewImporter) -> (artifact id: '5cf35adf9a2094d14683bf085212ef52') in 0.2995679 seconds
Number of updated asset objects reloaded before import = 0Number of asset objects unloaded after import = 167

========================================================================
Received Import Request.
  Time since last request: 0.752628 seconds.
  path: Assets/3D_Content/TrafficCones/Traffic_Cones_1_1_CoatMask.png
  artifactKey: Guid(589e47bb60834d94293874b2dec28b8a) Importer(2089858483,192608db42251d675da83286b1cce702)
Start importing Assets/3D_Content/TrafficCones/Traffic_Cones_1_1_CoatMask.png using Guid(589e47bb60834d94293874b2dec28b8a) Importer(2089858483,192608db42251d675da83286b1cce702) (ScriptedImporter) -> (artifact id: '1afddd738a9bcfae8b1e86472ab228a4') in 0.1236905 seconds
Number of updated asset objects reloaded before import = 0Number of asset objects unloaded after import = 1

========================================================================
Received Import Request.
  Time since last request: 0.000031 seconds.
  path: Assets/3D_Content/TrafficCones/Traffic_Cones_1_1_Roughness.png
  artifactKey: Guid(aee3cda15766b454c89dca130567ce3f) Importer(2089858483,192608db42251d675da83286b1cce702)
Start importing Assets/3D_Content/TrafficCones/Traffic_Cones_1_1_Roughness.png using Guid(aee3cda15766b454c89dca130567ce3f) Importer(2089858483,192608db42251d675da83286b1cce702) (ScriptedImporter) -> (artifact id: '42bb9130336008fbdf31dcbbc9a490e5') in 0.0177759 seconds
Number of updated asset objects reloaded before import = 0Number of asset objects unloaded after import = 1

========================================================================
Received Import Request.
  Time since last request: 1653.989781 seconds.
  path: Assets/Scenes/Construction_Site.unity
  artifactKey: Guid(4f11b397c46374943a15ea4969e44fe1) Importer(2089858483,192608db42251d675da83286b1cce702)
Start importing Assets/Scenes/Construction_Site.unity using Guid(4f11b397c46374943a15ea4969e44fe1) Importer(2089858483,192608db42251d675da83286b1cce702) (ScriptedImporter) -> (artifact id: 'c7d7d15367fc8c3c52baffdcf493f0fe') in 0.0120745 seconds
Number of updated asset objects reloaded before import = 0Number of asset objects unloaded after import = 1

========================================================================
Received Import Request.
  Time since last request: 246.839842 seconds.
  path: Assets/3D_Content/Canister/kanistra_2_AO.jpg
  artifactKey: Guid(7eae2661abe1af348a3d3da38c0bfdcb) Importer(815301076,1909f56bfc062723c751e8b465ee728b)
Start importing Assets/3D_Content/Canister/kanistra_2_AO.jpg using Guid(7eae2661abe1af348a3d3da38c0bfdcb) Importer(815301076,1909f56bfc062723c751e8b465ee728b) (PreviewImporter) -> (artifact id: 'f5308cd1f8fdbcc1460d597ef56c0f4c') in 0.0141607 seconds
Number of updated asset objects reloaded before import = 0Number of asset objects unloaded after import = 2

========================================================================
Received Import Request.
  Time since last request: 0.000022 seconds.
  path: Assets/3D_Content/Canister/kanistra_2_Normal_DirectX.jpg
  artifactKey: Guid(214d28f68a4f9384f897f061d25952b7) Importer(815301076,1909f56bfc062723c751e8b465ee728b)
Start importing Assets/3D_Content/Canister/kanistra_2_Normal_DirectX.jpg using Guid(214d28f68a4f9384f897f061d25952b7) Importer(815301076,1909f56bfc062723c751e8b465ee728b) (PreviewImporter) -> (artifact id: '871c136275086a035a15d9a7199b5431') in 0.0133759 seconds
Number of updated asset objects reloaded before import = 0Number of asset objects unloaded after import = 2

========================================================================
Received Import Request.
  Time since last request: 0.000024 seconds.
  path: Assets/3D_Content/Canister/kanistra_2_diffuse.jpg
  artifactKey: Guid(823b31cae449fc74381f91d195aa8ead) Importer(815301076,1909f56bfc062723c751e8b465ee728b)
Start importing Assets/3D_Content/Canister/kanistra_2_diffuse.jpg using Guid(823b31cae449fc74381f91d195aa8ead) Importer(815301076,1909f56bfc062723c751e8b465ee728b) (PreviewImporter) -> (artifact id: 'c601e55ebb4493b4198e9667cbea1a08') in 0.0144828 seconds
Number of updated asset objects reloaded before import = 0Number of asset objects unloaded after import = 2

========================================================================
Received Import Request.
  Time since last request: 1.018868 seconds.
  path: Assets/3D_Content/Canister/kanistra_2_diffuse.jpg
  artifactKey: Guid(823b31cae449fc74381f91d195aa8ead) Importer(2089858483,192608db42251d675da83286b1cce702)
Start importing Assets/3D_Content/Canister/kanistra_2_diffuse.jpg using Guid(823b31cae449fc74381f91d195aa8ead) Importer(2089858483,192608db42251d675da83286b1cce702) (ScriptedImporter) -> (artifact id: '1f196ed544f14c4f02a0f47b5c0ab2d3') in 0.0168051 seconds
Number of updated asset objects reloaded before import = 0Number of asset objects unloaded after import = 1

========================================================================
Received Import Request.
  Time since last request: 0.000020 seconds.
  path: Assets/3D_Content/Canister/kanistra_2_Normal_DirectX.jpg
  artifactKey: Guid(214d28f68a4f9384f897f061d25952b7) Importer(2089858483,192608db42251d675da83286b1cce702)
Start importing Assets/3D_Content/Canister/kanistra_2_Normal_DirectX.jpg using Guid(214d28f68a4f9384f897f061d25952b7) Importer(2089858483,192608db42251d675da83286b1cce702) (ScriptedImporter) -> (artifact id: 'f49a521e4c6e6ae2e8ec93a230ae0d67') in 0.01879 seconds
Number of updated asset objects reloaded before import = 0Number of asset objects unloaded after import = 1

Editor requested this worker to shutdown with reason: Scaling down because of idle timeout
AssetImportWorker is now disconnected from the server
Process exiting
Exiting without the bug reporter. Application will terminate with return code 0