[Licensing::Module] Trying to connect to existing licensing client channel...
Built from '6000.2/staging' branch; Version is '6000.2.14f1 (589824c1fc31) revision 5806116'; Using compiler version '194234433'; Build Type 'Release'
OS: 'Windows 10  (10.0.19045) 64bit Professional' Language: 'en' Physical Memory: 32549 MB
BatchMode: 1, IsHumanControllingUs: 0, StartBugReporterOnCrash: 0, Is64bit: 1
[Licensing::IpcConnector] Successfully connected to: "LicenseClient-user" at "2025-11-29T12:35:14.7826763Z"
Date: 2025-11-29T12:35:14Z

COMMAND LINE ARGUMENTS:
C:\Program Files\Unity\Hub\Editor\6000.2.14f1\Editor\Unity.exe
-adb2
-batchMode
-noUpm
-name
AssetImportWorker5
-projectPath
C:/Users/user/Downloads/Winter_university_2025/VR project
-logFile
Logs/AssetImportWorker5.log
-srvPort
50976
-licensingIpc
LicenseClient-user
-job-worker-count
5
-background-job-worker-count
8
-gc-helper-count
1
-name
AssetImport
Successfully changed project path to: C:/Users/user/Downloads/Winter_university_2025/VR project
C:/Users/user/Downloads/Winter_university_2025/VR project
[UnityMemory] Configuration Parameters - Can be set up in boot.config
    "memorysetup-allocator-temp-initial-block-size-main=262144"
    "memorysetup-allocator-temp-initial-block-size-worker=262144"
    "memorysetup-bucket-allocator-granularity=16"
    "memorysetup-bucket-allocator-bucket-count=8"
    "memorysetup-bucket-allocator-block-size=33554432"
    "memorysetup-bucket-allocator-block-count=8"
    "memorysetup-main-allocator-block-size=16777216"
    "memorysetup-thread-allocator-block-size=16777216"
    "memorysetup-gfx-main-allocator-block-size=16777216"
    "memorysetup-gfx-thread-allocator-block-size=16777216"
    "memorysetup-cache-allocator-block-size=4194304"
    "memorysetup-typetree-allocator-block-size=2097152"
    "memorysetup-profiler-bucket-allocator-granularity=16"
    "memorysetup-profiler-bucket-allocator-bucket-count=8"
    "memorysetup-profiler-bucket-allocator-block-size=33554432"
    "memorysetup-profiler-bucket-allocator-block-count=8"
    "memorysetup-profiler-allocator-block-size=16777216"
    "memorysetup-profiler-editor-allocator-block-size=1048576"
    "memorysetup-temp-allocator-size-main=16777216"
    "memorysetup-job-temp-allocator-block-size=2097152"
    "memorysetup-job-temp-allocator-block-size-background=1048576"
    "memorysetup-job-temp-allocator-reduction-small-platforms=262144"
    "memorysetup-temp-allocator-size-background-worker=32768"
    "memorysetup-temp-allocator-size-job-worker=262144"
    "memorysetup-temp-allocator-size-preload-manager=33554432"
    "memorysetup-temp-allocator-size-nav-mesh-worker=65536"
    "memorysetup-temp-allocator-size-audio-worker=65536"
    "memorysetup-temp-allocator-size-cloud-worker=32768"
    "memorysetup-temp-allocator-size-gi-baking-worker=262144"
    "memorysetup-temp-allocator-size-gi-baking-worker=262144"
    "memorysetup-temp-allocator-size-gi-baking-worker=262144"
    "memorysetup-temp-allocator-size-gi-baking-worker=262144"
    "memorysetup-temp-allocator-size-gi-baking-worker=262144"
    "memorysetup-temp-allocator-size-gfx=262144"
Player connection [11420]  Target information:

Player connection [11420]  * "[IP] 192.168.80.1 [Port] 0 [Flags] 2 [Guid] 973998283 [EditorId] 973998283 [Version] 1048832 [Id] WindowsEditor(7,WIN-E5MA88GDPSC) [Debug] 1 [PackageName] WindowsEditor [ProjectName] Editor" 

Player connection [11420]  * "[IP] 192.168.50.1 [Port] 0 [Flags] 2 [Guid] 973998283 [EditorId] 973998283 [Version] 1048832 [Id] WindowsEditor(7,WIN-E5MA88GDPSC) [Debug] 1 [PackageName] WindowsEditor [ProjectName] Editor" 

Player connection [11420]  * "[IP] 10.102.65.103 [Port] 0 [Flags] 2 [Guid] 973998283 [EditorId] 973998283 [Version] 1048832 [Id] WindowsEditor(7,WIN-E5MA88GDPSC) [Debug] 1 [PackageName] WindowsEditor [ProjectName] Editor" 

Player connection [11420] Host joined multi-casting on [225.0.0.222:54997]...
Player connection [11420] Host joined alternative multi-casting on [225.0.0.222:34997]...
JobSystem: Creating JobQueue using job-worker-count value 5
Input System module state changed to: Initialized.
[Physics::Module] Initialized fallback backend.
[Physics::Module] Id: 0xdecafbad
Library Redirect Path: Library/
[Physics::Module] Selected backend.
[Physics::Module] Name: PhysX
[Physics::Module] Id: 0xf2b8ea05
[Physics::Module] SDK Version: 4.1.2
[Physics::Module] Integration Version: 1.0.0
[Physics::Module] Threading Mode: Multi-Threaded
Refreshing native plugins compatible for Editor in 1.71 ms, found 3 plugins.
Preloading 0 native plugins for Editor in 0.00 ms.
Initialize engine version: 6000.2.14f1 (589824c1fc31)
[Subsystems] Discovering subsystems at path C:/Program Files/Unity/Hub/Editor/6000.2.14f1/Editor/Data/Resources/UnitySubsystems
[Subsystems] Discovering subsystems at path C:/Users/user/Downloads/Winter_university_2025/VR project/Assets
GfxDevice: creating device client; kGfxThreadingModeNonThreaded
Direct3D:
    Version:  Direct3D 11.0 [level 11.1]
    Renderer: NVIDIA GeForce GTX 1630 (ID=0x1f83)
    Vendor:   NVIDIA
    VRAM:     3942 MB
    Driver:   32.0.15.6590
Initialize mono
Mono path[0] = 'C:/Program Files/Unity/Hub/Editor/6000.2.14f1/Editor/Data/Managed'
Mono path[1] = 'C:/Program Files/Unity/Hub/Editor/6000.2.14f1/Editor/Data/MonoBleedingEdge/lib/mono/unityjit-win32'
Mono config path = 'C:/Program Files/Unity/Hub/Editor/6000.2.14f1/Editor/Data/MonoBleedingEdge/etc'
Using monoOptions --debugger-agent=transport=dt_socket,embedding=1,server=y,suspend=n,address=127.0.0.1:56740
Begin MonoManager ReloadAssembly
Registering precompiled unity dll's ...
Register platform support module: C:/Program Files/Unity/Hub/Editor/6000.2.14f1/Editor/Data/PlaybackEngines/WindowsStandaloneSupport/UnityEditor.WindowsStandalone.Extensions.dll
Registered in 0.001286 seconds.
- Loaded All Assemblies, in  0.301 seconds
[Licensing::Client] Error: HandshakeResponse reported an error:
	ResponseCode: 505
	ResponseStatus: Unsupported protocol version '1.17.4'.
[Licensing::Module] Error: Failed to handshake to channel: "LicenseClient-user"
[Licensing::IpcConnector] LicenseClient-user channel disconnected successfully.
[Licensing::IpcConnector] Successfully connected to: "LicenseClient-user-6000.2.14" at "2025-11-29T12:35:15.4383333Z"
Native extension for WindowsStandalone target not found
Mono: successfully reloaded assembly
- Finished resetting the current domain, in  0.255 seconds
Domain Reload Profiling: 555ms
	BeginReloadAssembly (100ms)
		ExecutionOrderSort (0ms)
		DisableScriptedObjects (0ms)
		BackupInstance (0ms)
		ReleaseScriptingObjects (0ms)
		CreateAndSetChildDomain (1ms)
	RebuildCommonClasses (30ms)
	RebuildNativeTypeToScriptingClass (10ms)
	initialDomainReloadingComplete (36ms)
	LoadAllAssembliesAndSetupDomain (123ms)
		LoadAssemblies (98ms)
		RebuildTransferFunctionScriptingTraits (0ms)
		AnalyzeDomain (121ms)
			TypeCache.Refresh (119ms)
				TypeCache.ScanAssembly (107ms)
			BuildScriptInfoCaches (0ms)
			ResolveRequiredComponents (1ms)
	FinalizeReload (255ms)
		ReleaseScriptCaches (0ms)
		RebuildScriptCaches (0ms)
		SetupLoadedEditorAssemblies (222ms)
			LogAssemblyErrors (0ms)
			InitializePlatformSupportModulesInManaged (42ms)
			SetLoadedEditorAssemblies (3ms)
			BeforeProcessingInitializeOnLoad (46ms)
			ProcessInitializeOnLoadAttributes (92ms)
			ProcessInitializeOnLoadMethodAttributes (39ms)
			AfterProcessingInitializeOnLoad (0ms)
			EditorAssembliesLoaded (0ms)
		ExecutionOrderSort2 (0ms)
		AwakeInstancesAfterBackupRestoration (0ms)
========================================================================
Worker process is ready to serve import requests
Import Worker Mode flag is 0x00
Begin MonoManager ReloadAssembly
[Licensing::Module] Licensing is not yet initialized.
[Licensing::Client] Handshaking with LicensingClient:
  Version:                 1.17.4+4293ba1
  Session Id:              f01c38870d244e08b7a6b83ffd1934e9
  Correlation Id:          c677492c90f93d1fe723df52d2e77708
  External correlation Id: 7054583734928354124
  Machine Id:              gI87iXUkw2WQWbN3VV2VE697BKU=
[Licensing::Module] Successfully connected to LicensingClient on channel: "LicenseClient-user-6000.2.14" (connect: 0.00s, validation: 0.00s, handshake: 0.65s)
[Licensing::IpcConnector] Successfully connected to: "LicenseClient-user-6000.2.14-notifications" at "2025-11-29T12:35:16.089169Z"
[Licensing::Module] Licensing Background thread has ended after 1.31s
[Licensing::Module] Licensing is initialized (took 0.21s).
[Licensing::Client] Successfully resolved entitlement details
[Licensing::Module] License group:
  Id: 10170689369165-UnityPersXXXX
  Product: Unity Personal
  Type: Assigned
  Expiration: Unlimited
- Loaded All Assemblies, in  0.697 seconds
Refreshing native plugins compatible for Editor in 0.47 ms, found 3 plugins.
Native extension for WindowsStandalone target not found
Package Manager log level set to [2]
[Package Manager] Failed to launch server process. Reason: Unity was launched with the -noUpm command-line argument
[Package Manager] Unable to send message (not connected to server process).
[Package Manager] Cannot connect to Unity Package Manager local server
Mono: successfully reloaded assembly
- Finished resetting the current domain, in  0.418 seconds
Domain Reload Profiling: 1113ms
	BeginReloadAssembly (348ms)
		ExecutionOrderSort (0ms)
		DisableScriptedObjects (5ms)
		BackupInstance (0ms)
		ReleaseScriptingObjects (0ms)
		CreateAndSetChildDomain (21ms)
	RebuildCommonClasses (29ms)
	RebuildNativeTypeToScriptingClass (9ms)
	initialDomainReloadingComplete (29ms)
	LoadAllAssembliesAndSetupDomain (280ms)
		LoadAssemblies (215ms)
		RebuildTransferFunctionScriptingTraits (0ms)
		AnalyzeDomain (139ms)
			TypeCache.Refresh (111ms)
				TypeCache.ScanAssembly (102ms)
			BuildScriptInfoCaches (23ms)
			ResolveRequiredComponents (4ms)
	FinalizeReload (418ms)
		ReleaseScriptCaches (0ms)
		RebuildScriptCaches (0ms)
		SetupLoadedEditorAssemblies (337ms)
			LogAssemblyErrors (0ms)
			InitializePlatformSupportModulesInManaged (1ms)
			SetLoadedEditorAssemblies (3ms)
			BeforeProcessingInitializeOnLoad (68ms)
			ProcessInitializeOnLoadAttributes (243ms)
			ProcessInitializeOnLoadMethodAttributes (19ms)
			AfterProcessingInitializeOnLoad (3ms)
			EditorAssembliesLoaded (0ms)
		ExecutionOrderSort2 (0ms)
		AwakeInstancesAfterBackupRestoration (4ms)
Launched and connected shader compiler UnityShaderCompiler.exe after 0.01 seconds
Refreshing native plugins compatible for Editor in 0.52 ms, found 3 plugins.
Preloading 0 native plugins for Editor in 0.00 ms.
Unloading 0 Unused Serialized files (Serialized files now loaded: 0)
Unloading 3858 unused Assets / (1.1 MB). Loaded Objects now: 4371.
Memory consumption went from 94.5 MB to 93.4 MB.
Total: 4.053200 ms (FindLiveObjects: 0.243700 ms CreateObjectMapping: 0.202800 ms MarkObjects: 2.921800 ms  DeleteObjects: 0.684300 ms)

========================================================================
Received Import Request.
  Time since last request: 8198.369475 seconds.
  path: Assets/3D_Content/CoffeBag/internal_ground_ao_texture.jpeg
  artifactKey: Guid(ac17b54a3c8f5cb4193f3e48517044a7) Importer(815301076,1909f56bfc062723c751e8b465ee728b)
Start importing Assets/3D_Content/CoffeBag/internal_ground_ao_texture.jpeg using Guid(ac17b54a3c8f5cb4193f3e48517044a7) Importer(815301076,1909f56bfc062723c751e8b465ee728b) (PreviewImporter) -> (artifact id: '0ad9ec7fec72a3a7f9f8fc1fa78286f1') in 0.0535665 seconds
Number of updated asset objects reloaded before import = 0Number of asset objects unloaded after import = 2

========================================================================
Received Import Request.
  Time since last request: 1.024359 seconds.
  path: Assets/3D_Content/CoffeBag/Image_0.jpeg
  artifactKey: Guid(94b88abc81aa9ae40a297d79f271c4d8) Importer(2089858483,192608db42251d675da83286b1cce702)
Start importing Assets/3D_Content/CoffeBag/Image_0.jpeg using Guid(94b88abc81aa9ae40a297d79f271c4d8) Importer(2089858483,192608db42251d675da83286b1cce702) (ScriptedImporter) -> (artifact id: 'd5199b4ecdfe2d84b4ac9f9cbe545b96') in 0.1071936 seconds
Number of updated asset objects reloaded before import = 0Number of asset objects unloaded after import = 1

========================================================================
Received Import Request.
  Time since last request: 174.207868 seconds.
  path: Assets/3D_Content/Sand_bag/SandBag Pile Final.FBX
  artifactKey: Guid(4905f7a4f32c03a4c96937a102fc5a32) Importer(815301076,1909f56bfc062723c751e8b465ee728b)
Start importing Assets/3D_Content/Sand_bag/SandBag Pile Final.FBX using Guid(4905f7a4f32c03a4c96937a102fc5a32) Importer(815301076,1909f56bfc062723c751e8b465ee728b) (PreviewImporter) -> (artifact id: '141dfa736c8a7b28ac8b99d72f7648dc') in 0.256986 seconds
Number of updated asset objects reloaded before import = 0Number of asset objects unloaded after import = 26

========================================================================
Received Import Request.
  Time since last request: 143.298750 seconds.
  path: Assets/3D_Content/RedBricks/brick_default1_BaseColor.1001.png
  artifactKey: Guid(b4120f7e8eb919045bba631c79c5b92f) Importer(815301076,1909f56bfc062723c751e8b465ee728b)
Start importing Assets/3D_Content/RedBricks/brick_default1_BaseColor.1001.png using Guid(b4120f7e8eb919045bba631c79c5b92f) Importer(815301076,1909f56bfc062723c751e8b465ee728b) (PreviewImporter) -> (artifact id: '2a4a741543d6f37b36cd66cb9b1f300d') in 0.0141194 seconds
Number of updated asset objects reloaded before import = 0Number of asset objects unloaded after import = 2

========================================================================
Received Import Request.
  Time since last request: 0.000022 seconds.
  path: Assets/3D_Content/RedBricks/brick_default1_Normal.1001.png
  artifactKey: Guid(1bc17f6501e172a4d87fa754264f8b30) Importer(815301076,1909f56bfc062723c751e8b465ee728b)
Start importing Assets/3D_Content/RedBricks/brick_default1_Normal.1001.png using Guid(1bc17f6501e172a4d87fa754264f8b30) Importer(815301076,1909f56bfc062723c751e8b465ee728b) (PreviewImporter) -> (artifact id: 'de8f6f928672121064f56db71b0e16ac') in 0.0139457 seconds
Number of updated asset objects reloaded before import = 0Number of asset objects unloaded after import = 2

========================================================================
Received Import Request.
  Time since last request: 0.000017 seconds.
  path: Assets/3D_Content/RedBricks/brick_default1_OcclusionRoughnessMetallic.1001.png
  artifactKey: Guid(fb4c2c5ad77cff9488af131cae945fc9) Importer(815301076,1909f56bfc062723c751e8b465ee728b)
Start importing Assets/3D_Content/RedBricks/brick_default1_OcclusionRoughnessMetallic.1001.png using Guid(fb4c2c5ad77cff9488af131cae945fc9) Importer(815301076,1909f56bfc062723c751e8b465ee728b) (PreviewImporter) -> (artifact id: '643891967441796c9f7d551b0f1890b4') in 0.0120809 seconds
Number of updated asset objects reloaded before import = 0Number of asset objects unloaded after import = 2

========================================================================
Received Import Request.
  Time since last request: 0.941326 seconds.
  path: Assets/3D_Content/RedBricks/brick_default1_BaseColor.1001.png
  artifactKey: Guid(b4120f7e8eb919045bba631c79c5b92f) Importer(2089858483,192608db42251d675da83286b1cce702)
Start importing Assets/3D_Content/RedBricks/brick_default1_BaseColor.1001.png using Guid(b4120f7e8eb919045bba631c79c5b92f) Importer(2089858483,192608db42251d675da83286b1cce702) (ScriptedImporter) -> (artifact id: '3e39ea617065fdd4d2046857d3a241b4') in 0.0169439 seconds
Number of updated asset objects reloaded before import = 0Number of asset objects unloaded after import = 1

========================================================================
Received Import Request.
  Time since last request: 0.000022 seconds.
  path: Assets/3D_Content/RedBricks/brick_default1_Normal.1001.png
  artifactKey: Guid(1bc17f6501e172a4d87fa754264f8b30) Importer(2089858483,192608db42251d675da83286b1cce702)
Start importing Assets/3D_Content/RedBricks/brick_default1_Normal.1001.png using Guid(1bc17f6501e172a4d87fa754264f8b30) Importer(2089858483,192608db42251d675da83286b1cce702) (ScriptedImporter) -> (artifact id: 'cfcbd51c6e8893962105cd3cc85624ff') in 0.0172957 seconds
Number of updated asset objects reloaded before import = 0Number of asset objects unloaded after import = 1

========================================================================
Received Import Request.
  Time since last request: 1307.272205 seconds.
  path: Assets/3D_Content/heap_constr/brick-heap-x_u1_v1.jpg
  artifactKey: Guid(0528e69aff270954080fcffe2f65bde5) Importer(815301076,1909f56bfc062723c751e8b465ee728b)
Start importing Assets/3D_Content/heap_constr/brick-heap-x_u1_v1.jpg using Guid(0528e69aff270954080fcffe2f65bde5) Importer(815301076,1909f56bfc062723c751e8b465ee728b) (PreviewImporter) -> (artifact id: 'ccf59202c8423d2667c91cfec04bb4f7') in 0.0219008 seconds
Number of updated asset objects reloaded before import = 0Number of asset objects unloaded after import = 2

========================================================================
Received Import Request.
  Time since last request: 0.951745 seconds.
  path: Assets/3D_Content/heap_constr/brick-heap-x_u1_v1.jpg
  artifactKey: Guid(0528e69aff270954080fcffe2f65bde5) Importer(2089858483,192608db42251d675da83286b1cce702)
Start importing Assets/3D_Content/heap_constr/brick-heap-x_u1_v1.jpg using Guid(0528e69aff270954080fcffe2f65bde5) Importer(2089858483,192608db42251d675da83286b1cce702) (ScriptedImporter) -> (artifact id: '13a0dcf6b501e118bf4f8182296ac6f3') in 0.017428 seconds
Number of updated asset objects reloaded before import = 0Number of asset objects unloaded after import = 1

