[Licensing::Module] Trying to connect to existing licensing client channel...
Built from '6000.2/staging' branch; Version is '6000.2.14f1 (589824c1fc31) revision 5806116'; Using compiler version '194234433'; Build Type 'Release'
OS: 'Windows 10  (10.0.19045) 64bit Professional' Language: 'en' Physical Memory: 32549 MB
BatchMode: 1, IsHumanControllingUs: 0, StartBugReporterOnCrash: 0, Is64bit: 1
[Licensing::IpcConnector] Successfully connected to: "LicenseClient-user" at "2025-11-29T11:46:55.8903446Z"
Date: 2025-11-29T11:46:55Z

COMMAND LINE ARGUMENTS:
C:\Program Files\Unity\Hub\Editor\6000.2.14f1\Editor\Unity.exe
-adb2
-batchMode
-noUpm
-name
AssetImportWorker1
-projectPath
C:/Users/user/Downloads/Winter_university_2025/VR project
-logFile
Logs/AssetImportWorker1.log
-srvPort
50976
-licensingIpc
LicenseClient-user
-job-worker-count
5
-background-job-worker-count
8
-gc-helper-count
1
-name
AssetImport
Successfully changed project path to: C:/Users/user/Downloads/Winter_university_2025/VR project
C:/Users/user/Downloads/Winter_university_2025/VR project
[UnityMemory] Configuration Parameters - Can be set up in boot.config
    "memorysetup-allocator-temp-initial-block-size-main=262144"
    "memorysetup-allocator-temp-initial-block-size-worker=262144"
    "memorysetup-bucket-allocator-granularity=16"
    "memorysetup-bucket-allocator-bucket-count=8"
    "memorysetup-bucket-allocator-block-size=33554432"
    "memorysetup-bucket-allocator-block-count=8"
    "memorysetup-main-allocator-block-size=16777216"
    "memorysetup-thread-allocator-block-size=16777216"
    "memorysetup-gfx-main-allocator-block-size=16777216"
    "memorysetup-gfx-thread-allocator-block-size=16777216"
    "memorysetup-cache-allocator-block-size=4194304"
    "memorysetup-typetree-allocator-block-size=2097152"
    "memorysetup-profiler-bucket-allocator-granularity=16"
    "memorysetup-profiler-bucket-allocator-bucket-count=8"
    "memorysetup-profiler-bucket-allocator-block-size=33554432"
    "memorysetup-profiler-bucket-allocator-block-count=8"
    "memorysetup-profiler-allocator-block-size=16777216"
    "memorysetup-profiler-editor-allocator-block-size=1048576"
    "memorysetup-temp-allocator-size-main=16777216"
    "memorysetup-job-temp-allocator-block-size=2097152"
    "memorysetup-job-temp-allocator-block-size-background=1048576"
    "memorysetup-job-temp-allocator-reduction-small-platforms=262144"
    "memorysetup-temp-allocator-size-background-worker=32768"
    "memorysetup-temp-allocator-size-job-worker=262144"
    "memorysetup-temp-allocator-size-preload-manager=33554432"
    "memorysetup-temp-allocator-size-nav-mesh-worker=65536"
    "memorysetup-temp-allocator-size-audio-worker=65536"
    "memorysetup-temp-allocator-size-cloud-worker=32768"
    "memorysetup-temp-allocator-size-gi-baking-worker=262144"
    "memorysetup-temp-allocator-size-gi-baking-worker=262144"
    "memorysetup-temp-allocator-size-gi-baking-worker=262144"
    "memorysetup-temp-allocator-size-gi-baking-worker=262144"
    "memorysetup-temp-allocator-size-gi-baking-worker=262144"
    "memorysetup-temp-allocator-size-gfx=262144"
Player connection [18428]  Target information:

Player connection [18428]  * "[IP] 192.168.80.1 [Port] 0 [Flags] 2 [Guid] 3433927396 [EditorId] 3433927396 [Version] 1048832 [Id] WindowsEditor(7,WIN-E5MA88GDPSC) [Debug] 1 [PackageName] WindowsEditor [ProjectName] Editor" 

Player connection [18428]  * "[IP] 192.168.50.1 [Port] 0 [Flags] 2 [Guid] 3433927396 [EditorId] 3433927396 [Version] 1048832 [Id] WindowsEditor(7,WIN-E5MA88GDPSC) [Debug] 1 [PackageName] WindowsEditor [ProjectName] Editor" 

Player connection [18428]  * "[IP] 10.102.65.103 [Port] 0 [Flags] 2 [Guid] 3433927396 [EditorId] 3433927396 [Version] 1048832 [Id] WindowsEditor(7,WIN-E5MA88GDPSC) [Debug] 1 [PackageName] WindowsEditor [ProjectName] Editor" 

Player connection [18428] Host joined multi-casting on [225.0.0.222:54997]...
Player connection [18428] Host joined alternative multi-casting on [225.0.0.222:34997]...
JobSystem: Creating JobQueue using job-worker-count value 5
Input System module state changed to: Initialized.
[Physics::Module] Initialized fallback backend.
[Physics::Module] Id: 0xdecafbad
Library Redirect Path: Library/
[Physics::Module] Selected backend.
[Physics::Module] Name: PhysX
[Physics::Module] Id: 0xf2b8ea05
[Physics::Module] SDK Version: 4.1.2
[Physics::Module] Integration Version: 1.0.0
[Physics::Module] Threading Mode: Multi-Threaded
Refreshing native plugins compatible for Editor in 1.57 ms, found 3 plugins.
Preloading 0 native plugins for Editor in 0.00 ms.
Initialize engine version: 6000.2.14f1 (589824c1fc31)
[Subsystems] Discovering subsystems at path C:/Program Files/Unity/Hub/Editor/6000.2.14f1/Editor/Data/Resources/UnitySubsystems
[Subsystems] Discovering subsystems at path C:/Users/user/Downloads/Winter_university_2025/VR project/Assets
GfxDevice: creating device client; kGfxThreadingModeNonThreaded
Direct3D:
    Version:  Direct3D 11.0 [level 11.1]
    Renderer: NVIDIA GeForce GTX 1630 (ID=0x1f83)
    Vendor:   NVIDIA
    VRAM:     3942 MB
    Driver:   32.0.15.6590
Initialize mono
Mono path[0] = 'C:/Program Files/Unity/Hub/Editor/6000.2.14f1/Editor/Data/Managed'
Mono path[1] = 'C:/Program Files/Unity/Hub/Editor/6000.2.14f1/Editor/Data/MonoBleedingEdge/lib/mono/unityjit-win32'
Mono config path = 'C:/Program Files/Unity/Hub/Editor/6000.2.14f1/Editor/Data/MonoBleedingEdge/etc'
Using monoOptions --debugger-agent=transport=dt_socket,embedding=1,server=y,suspend=n,address=127.0.0.1:56992
Begin MonoManager ReloadAssembly
Registering precompiled unity dll's ...
Register platform support module: C:/Program Files/Unity/Hub/Editor/6000.2.14f1/Editor/Data/PlaybackEngines/WindowsStandaloneSupport/UnityEditor.WindowsStandalone.Extensions.dll
Registered in 0.001361 seconds.
- Loaded All Assemblies, in  0.349 seconds
Native extension for WindowsStandalone target not found
[Licensing::Client] Error: HandshakeResponse reported an error:
	ResponseCode: 505
	ResponseStatus: Unsupported protocol version '1.17.4'.
[Licensing::Module] Error: Failed to handshake to channel: "LicenseClient-user"
[Licensing::IpcConnector] LicenseClient-user channel disconnected successfully.
[Licensing::IpcConnector] Successfully connected to: "LicenseClient-user-6000.2.14" at "2025-11-29T11:46:56.6688814Z"
Mono: successfully reloaded assembly
- Finished resetting the current domain, in  0.345 seconds
Domain Reload Profiling: 692ms
	BeginReloadAssembly (109ms)
		ExecutionOrderSort (0ms)
		DisableScriptedObjects (0ms)
		BackupInstance (0ms)
		ReleaseScriptingObjects (0ms)
		CreateAndSetChildDomain (1ms)
	RebuildCommonClasses (29ms)
	RebuildNativeTypeToScriptingClass (12ms)
	initialDomainReloadingComplete (46ms)
	LoadAllAssembliesAndSetupDomain (151ms)
		LoadAssemblies (107ms)
		RebuildTransferFunctionScriptingTraits (0ms)
		AnalyzeDomain (149ms)
			TypeCache.Refresh (148ms)
				TypeCache.ScanAssembly (138ms)
			BuildScriptInfoCaches (0ms)
			ResolveRequiredComponents (0ms)
	FinalizeReload (345ms)
		ReleaseScriptCaches (0ms)
		RebuildScriptCaches (0ms)
		SetupLoadedEditorAssemblies (312ms)
			LogAssemblyErrors (0ms)
			InitializePlatformSupportModulesInManaged (51ms)
			SetLoadedEditorAssemblies (4ms)
			BeforeProcessingInitializeOnLoad (68ms)
			ProcessInitializeOnLoadAttributes (136ms)
			ProcessInitializeOnLoadMethodAttributes (53ms)
			AfterProcessingInitializeOnLoad (0ms)
			EditorAssembliesLoaded (0ms)
		ExecutionOrderSort2 (0ms)
		AwakeInstancesAfterBackupRestoration (0ms)
========================================================================
Worker process is ready to serve import requests
Import Worker Mode flag is 0x00
Begin MonoManager ReloadAssembly
[Licensing::Module] Licensing is not yet initialized.
[Licensing::Client] Handshaking with LicensingClient:
  Version:                 1.17.4+4293ba1
  Session Id:              d19b2a92e4b84cd1b899c5146ddb1034
  Correlation Id:          c677492c90f93d1fe723df52d2e77708
  External correlation Id: 1408641824391928994
  Machine Id:              gI87iXUkw2WQWbN3VV2VE697BKU=
[Licensing::Module] Successfully connected to LicensingClient on channel: "LicenseClient-user-6000.2.14" (connect: 0.00s, validation: 0.00s, handshake: 0.76s)
[Licensing::IpcConnector] Successfully connected to: "LicenseClient-user-6000.2.14-notifications" at "2025-11-29T11:46:57.4320476Z"
[Licensing::Module] Licensing Background thread has ended after 1.54s
[Licensing::Module] Licensing is initialized (took 0.25s).
[Licensing::Client] Successfully resolved entitlement details
[Licensing::Module] License group:
  Id: 10170689369165-UnityPersXXXX
  Product: Unity Personal
  Type: Assigned
  Expiration: Unlimited
- Loaded All Assemblies, in  0.801 seconds
Refreshing native plugins compatible for Editor in 0.62 ms, found 3 plugins.
Native extension for WindowsStandalone target not found
Package Manager log level set to [2]
[Package Manager] Failed to launch server process. Reason: Unity was launched with the -noUpm command-line argument
[Package Manager] Unable to send message (not connected to server process).
[Package Manager] Cannot connect to Unity Package Manager local server
Mono: successfully reloaded assembly
- Finished resetting the current domain, in  0.458 seconds
Domain Reload Profiling: 1257ms
	BeginReloadAssembly (403ms)
		ExecutionOrderSort (0ms)
		DisableScriptedObjects (6ms)
		BackupInstance (0ms)
		ReleaseScriptingObjects (0ms)
		CreateAndSetChildDomain (24ms)
	RebuildCommonClasses (37ms)
	RebuildNativeTypeToScriptingClass (15ms)
	initialDomainReloadingComplete (30ms)
	LoadAllAssembliesAndSetupDomain (312ms)
		LoadAssemblies (246ms)
		RebuildTransferFunctionScriptingTraits (0ms)
		AnalyzeDomain (154ms)
			TypeCache.Refresh (125ms)
				TypeCache.ScanAssembly (115ms)
			BuildScriptInfoCaches (24ms)
			ResolveRequiredComponents (4ms)
	FinalizeReload (458ms)
		ReleaseScriptCaches (0ms)
		RebuildScriptCaches (0ms)
		SetupLoadedEditorAssemblies (367ms)
			LogAssemblyErrors (0ms)
			InitializePlatformSupportModulesInManaged (1ms)
			SetLoadedEditorAssemblies (3ms)
			BeforeProcessingInitializeOnLoad (73ms)
			ProcessInitializeOnLoadAttributes (264ms)
			ProcessInitializeOnLoadMethodAttributes (21ms)
			AfterProcessingInitializeOnLoad (5ms)
			EditorAssembliesLoaded (0ms)
		ExecutionOrderSort2 (0ms)
		AwakeInstancesAfterBackupRestoration (5ms)
Launched and connected shader compiler UnityShaderCompiler.exe after 0.01 seconds
Refreshing native plugins compatible for Editor in 1.01 ms, found 3 plugins.
Preloading 0 native plugins for Editor in 0.00 ms.
Unloading 0 Unused Serialized files (Serialized files now loaded: 0)
Unloading 3858 unused Assets / (1.4 MB). Loaded Objects now: 4371.
Memory consumption went from 94.6 MB to 93.2 MB.
Total: 7.272000 ms (FindLiveObjects: 0.409000 ms CreateObjectMapping: 0.481200 ms MarkObjects: 5.091800 ms  DeleteObjects: 1.288400 ms)

========================================================================
Received Import Request.
  Time since last request: 3341.221778 seconds.
  path: Assets/3D_Content/Construct_Site/M_ConstrSite.mat
  artifactKey: Guid(b0743846e7392e344a227ad0dc6da0d0) Importer(2089858483,192608db42251d675da83286b1cce702)
Start importing Assets/3D_Content/Construct_Site/M_ConstrSite.mat using Guid(b0743846e7392e344a227ad0dc6da0d0) Importer(2089858483,192608db42251d675da83286b1cce702) (ScriptedImporter) -> (artifact id: 'da4bdb2143cc765a91d3ae8023ee5b27') in 0.1751905 seconds
Number of updated asset objects reloaded before import = 0Number of asset objects unloaded after import = 3

========================================================================
Received Import Request.
  Time since last request: 28.166311 seconds.
  path: Assets/3D_Content/Worklight/source
  artifactKey: Guid(632fd647970a7ff429624098abdc9103) Importer(2089858483,192608db42251d675da83286b1cce702)
Start importing Assets/3D_Content/Worklight/source using Guid(632fd647970a7ff429624098abdc9103) Importer(2089858483,192608db42251d675da83286b1cce702) (ScriptedImporter) -> (artifact id: '2cec8d01ae4f9755b5faee96ae472d68') in 0.0105791 seconds
Number of updated asset objects reloaded before import = 0Number of asset objects unloaded after import = 1

========================================================================
Received Import Request.
  Time since last request: 0.000016 seconds.
  path: Assets/3D_Content/Worklight/source/Worklight.blend
  artifactKey: Guid(4dd298c3eb144eb42acceb51922344ba) Importer(2089858483,192608db42251d675da83286b1cce702)
Start importing Assets/3D_Content/Worklight/source/Worklight.blend using Guid(4dd298c3eb144eb42acceb51922344ba) Importer(2089858483,192608db42251d675da83286b1cce702) (ScriptedImporter) -> (artifact id: '1193dc149b5226603d5d8caf0b38cfb1') in 0.0593961 seconds
Number of updated asset objects reloaded before import = 0Number of asset objects unloaded after import = 25

========================================================================
Received Import Request.
  Time since last request: 0.000020 seconds.
  path: Assets/3D_Content/Worklight/textures/WorkLight_Metallic-WorkLight_Roughness@channels=G.png
  artifactKey: Guid(2e77c89d8f5e7b94d89d7e62eaf23d55) Importer(2089858483,192608db42251d675da83286b1cce702)
Start importing Assets/3D_Content/Worklight/textures/WorkLight_Metallic-WorkLight_Roughness@channels=G.png using Guid(2e77c89d8f5e7b94d89d7e62eaf23d55) Importer(2089858483,192608db42251d675da83286b1cce702) (ScriptedImporter) -> (artifact id: 'e106fdd70d95be437453f3c63be68b44') in 0.0403245 seconds
Number of updated asset objects reloaded before import = 0Number of asset objects unloaded after import = 1

========================================================================
Received Import Request.
  Time since last request: 0.000027 seconds.
  path: Assets/3D_Content/Worklight/textures/WorkLightGlass_Metallic-WorkLightGlass_Roughness@channels=B.png
  artifactKey: Guid(c045cadc18d056b49ad723f8783de044) Importer(2089858483,192608db42251d675da83286b1cce702)
Start importing Assets/3D_Content/Worklight/textures/WorkLightGlass_Metallic-WorkLightGlass_Roughness@channels=B.png using Guid(c045cadc18d056b49ad723f8783de044) Importer(2089858483,192608db42251d675da83286b1cce702) (ScriptedImporter) -> (artifact id: '2c10f385f904213ec2373577432bedf7') in 0.015178 seconds
Number of updated asset objects reloaded before import = 0Number of asset objects unloaded after import = 1

========================================================================
Received Import Request.
  Time since last request: 38.186552 seconds.
  path: Assets/3D_Content/Worklight/textures/WorkLight_Metallic-WorkLight_Roughness@channels=B.png
  artifactKey: Guid(0faf182c25353f040b0b563a4dca2caa) Importer(815301076,1909f56bfc062723c751e8b465ee728b)
Start importing Assets/3D_Content/Worklight/textures/WorkLight_Metallic-WorkLight_Roughness@channels=B.png using Guid(0faf182c25353f040b0b563a4dca2caa) Importer(815301076,1909f56bfc062723c751e8b465ee728b) (PreviewImporter) -> (artifact id: '55f92b325c131a441d7f3fb4c85843ab') in 0.0465734 seconds
Number of updated asset objects reloaded before import = 0Number of asset objects unloaded after import = 2

========================================================================
Received Import Request.
  Time since last request: 0.000012 seconds.
  path: Assets/3D_Content/Worklight/textures/WorkLightGlass_Metallic-WorkLightGlass_Roughness@channels=B.png
  artifactKey: Guid(c045cadc18d056b49ad723f8783de044) Importer(815301076,1909f56bfc062723c751e8b465ee728b)
Start importing Assets/3D_Content/Worklight/textures/WorkLightGlass_Metallic-WorkLightGlass_Roughness@channels=B.png using Guid(c045cadc18d056b49ad723f8783de044) Importer(815301076,1909f56bfc062723c751e8b465ee728b) (PreviewImporter) -> (artifact id: '0555715eae5a71f32cabcd0b72d9eb5c') in 0.010464 seconds
Number of updated asset objects reloaded before import = 0Number of asset objects unloaded after import = 2

========================================================================
Received Import Request.
  Time since last request: 67.213826 seconds.
  path: Assets/3D_Content/Construct_Site/M_ConstrSite.mat
  artifactKey: Guid(b0743846e7392e344a227ad0dc6da0d0) Importer(815301076,1909f56bfc062723c751e8b465ee728b)
Start importing Assets/3D_Content/Construct_Site/M_ConstrSite.mat using Guid(b0743846e7392e344a227ad0dc6da0d0) Importer(815301076,1909f56bfc062723c751e8b465ee728b) (PreviewImporter) -> (artifact id: '467ab27f6b74675695a354a62655408f') in 0.0647488 seconds
Number of updated asset objects reloaded before import = 0Number of asset objects unloaded after import = 3

========================================================================
Received Import Request.
  Time since last request: 75.706085 seconds.
  path: Assets/3D_Content/Worklight/Worklight.fbx
  artifactKey: Guid(f51280d81f0bad842b41c3c577cc4566) Importer(815301076,1909f56bfc062723c751e8b465ee728b)
Start importing Assets/3D_Content/Worklight/Worklight.fbx using Guid(f51280d81f0bad842b41c3c577cc4566) Importer(815301076,1909f56bfc062723c751e8b465ee728b) (PreviewImporter) -> (artifact id: '973422ec6c5a20cc055a460af62bf982') in 0.2074556 seconds
Number of updated asset objects reloaded before import = 0Number of asset objects unloaded after import = 25

========================================================================
Received Import Request.
  Time since last request: 0.840132 seconds.
  path: Assets/3D_Content/Worklight/WorkLightGlass_NormalOGL.png
  artifactKey: Guid(495c9efa72d8ace4daf68626c24f3d24) Importer(2089858483,192608db42251d675da83286b1cce702)
Start importing Assets/3D_Content/Worklight/WorkLightGlass_NormalOGL.png using Guid(495c9efa72d8ace4daf68626c24f3d24) Importer(2089858483,192608db42251d675da83286b1cce702) (ScriptedImporter) -> (artifact id: '6828365ce40d4922f87913c86048bf9f') in 0.0153887 seconds
Number of updated asset objects reloaded before import = 0Number of asset objects unloaded after import = 1

========================================================================
Received Import Request.
  Time since last request: 0.000014 seconds.
  path: Assets/3D_Content/Worklight/WorkLight_Metallic-WorkLight_Roughness@channels=B.png
  artifactKey: Guid(e6fa5ff8227565f409f7d3458edb2a24) Importer(2089858483,192608db42251d675da83286b1cce702)
Start importing Assets/3D_Content/Worklight/WorkLight_Metallic-WorkLight_Roughness@channels=B.png using Guid(e6fa5ff8227565f409f7d3458edb2a24) Importer(2089858483,192608db42251d675da83286b1cce702) (ScriptedImporter) -> (artifact id: 'd313095b61ca45d6ef9bf8ef01512d72') in 0.017597 seconds
Number of updated asset objects reloaded before import = 0Number of asset objects unloaded after import = 1

========================================================================
Received Import Request.
  Time since last request: 0.000019 seconds.
  path: Assets/3D_Content/Worklight/WorkLightGlass_Metallic-WorkLightGlass_Roughness@channels=B.png
  artifactKey: Guid(319804648a5946241ac7d206214fac24) Importer(2089858483,192608db42251d675da83286b1cce702)
Start importing Assets/3D_Content/Worklight/WorkLightGlass_Metallic-WorkLightGlass_Roughness@channels=B.png using Guid(319804648a5946241ac7d206214fac24) Importer(2089858483,192608db42251d675da83286b1cce702) (ScriptedImporter) -> (artifact id: '186c665ea65850567d90066fbe8e15e9') in 0.0166536 seconds
Number of updated asset objects reloaded before import = 0Number of asset objects unloaded after import = 1

========================================================================
Received Import Request.
  Time since last request: 0.000022 seconds.
  path: Assets/3D_Content/Worklight/WorkLightGlass_BaseColor.png
  artifactKey: Guid(e31cce2b4b05e8a4882eace16f89101d) Importer(2089858483,192608db42251d675da83286b1cce702)
Start importing Assets/3D_Content/Worklight/WorkLightGlass_BaseColor.png using Guid(e31cce2b4b05e8a4882eace16f89101d) Importer(2089858483,192608db42251d675da83286b1cce702) (ScriptedImporter) -> (artifact id: '782b6f716bf3ed23df6047fd3f1d656d') in 0.0172023 seconds
Number of updated asset objects reloaded before import = 0Number of asset objects unloaded after import = 1

========================================================================
Received Import Request.
  Time since last request: 0.000020 seconds.
  path: Assets/3D_Content/Worklight/internal_ground_ao_texture.jpeg
  artifactKey: Guid(0d3e236f3fefa3d4e9a2bf7df0436491) Importer(2089858483,192608db42251d675da83286b1cce702)
Start importing Assets/3D_Content/Worklight/internal_ground_ao_texture.jpeg using Guid(0d3e236f3fefa3d4e9a2bf7df0436491) Importer(2089858483,192608db42251d675da83286b1cce702) (ScriptedImporter) -> (artifact id: '39df5488e6a4f63f55e1e7e3c1252c8e') in 0.0156177 seconds
Number of updated asset objects reloaded before import = 0Number of asset objects unloaded after import = 1

========================================================================
Received Import Request.
  Time since last request: 56.906672 seconds.
  path: Assets/3D_Content/Worklight/WorkLight_NormalOGL.png
  artifactKey: Guid(99ac808c61184f647afd40f6a8e7c10f) Importer(815301076,1909f56bfc062723c751e8b465ee728b)
Start importing Assets/3D_Content/Worklight/WorkLight_NormalOGL.png using Guid(99ac808c61184f647afd40f6a8e7c10f) Importer(815301076,1909f56bfc062723c751e8b465ee728b) (PreviewImporter) -> (artifact id: '5bc3661b801ce2169aae881ee98bc2c8') in 0.0222881 seconds
Number of updated asset objects reloaded before import = 0Number of asset objects unloaded after import = 2

Editor requested this worker to shutdown with reason: Scaling down because of idle timeout
AssetImportWorker is now disconnected from the server
Process exiting
Exiting without the bug reporter. Application will terminate with return code 0