[Licensing::Module] Trying to connect to existing licensing client channel...
Built from '6000.2/staging' branch; Version is '6000.2.14f1 (589824c1fc31) revision 5806116'; Using compiler version '194234433'; Build Type 'Release'
OS: 'Windows 10  (10.0.19045) 64bit Professional' Language: 'en' Physical Memory: 32549 MB
[Licensing::IpcConnector] Successfully connected to: "LicenseClient-user" at "2025-11-29T14:03:53.3569118Z"
BatchMode: 1, IsHumanControllingUs: 0, StartBugReporterOnCrash: 0, Is64bit: 1
Date: 2025-11-29T14:03:53Z

COMMAND LINE ARGUMENTS:
C:\Program Files\Unity\Hub\Editor\6000.2.14f1\Editor\Unity.exe
-adb2
-batchMode
-noUpm
-name
AssetImportWorker1
-projectPath
C:/Users/user/Downloads/Winter_university_2025/VR project
-logFile
Logs/AssetImportWorker1.log
-srvPort
53526
-licensingIpc
LicenseClient-user
-job-worker-count
5
-background-job-worker-count
8
-gc-helper-count
1
-name
AssetImport
Successfully changed project path to: C:/Users/user/Downloads/Winter_university_2025/VR project
C:/Users/user/Downloads/Winter_university_2025/VR project
[UnityMemory] Configuration Parameters - Can be set up in boot.config
    "memorysetup-allocator-temp-initial-block-size-main=262144"
    "memorysetup-allocator-temp-initial-block-size-worker=262144"
    "memorysetup-bucket-allocator-granularity=16"
    "memorysetup-bucket-allocator-bucket-count=8"
    "memorysetup-bucket-allocator-block-size=33554432"
    "memorysetup-bucket-allocator-block-count=8"
    "memorysetup-main-allocator-block-size=16777216"
    "memorysetup-thread-allocator-block-size=16777216"
    "memorysetup-gfx-main-allocator-block-size=16777216"
    "memorysetup-gfx-thread-allocator-block-size=16777216"
    "memorysetup-cache-allocator-block-size=4194304"
    "memorysetup-typetree-allocator-block-size=2097152"
    "memorysetup-profiler-bucket-allocator-granularity=16"
    "memorysetup-profiler-bucket-allocator-bucket-count=8"
    "memorysetup-profiler-bucket-allocator-block-size=33554432"
    "memorysetup-profiler-bucket-allocator-block-count=8"
    "memorysetup-profiler-allocator-block-size=16777216"
    "memorysetup-profiler-editor-allocator-block-size=1048576"
    "memorysetup-temp-allocator-size-main=16777216"
    "memorysetup-job-temp-allocator-block-size=2097152"
    "memorysetup-job-temp-allocator-block-size-background=1048576"
    "memorysetup-job-temp-allocator-reduction-small-platforms=262144"
    "memorysetup-temp-allocator-size-background-worker=32768"
    "memorysetup-temp-allocator-size-job-worker=262144"
    "memorysetup-temp-allocator-size-preload-manager=33554432"
    "memorysetup-temp-allocator-size-nav-mesh-worker=65536"
    "memorysetup-temp-allocator-size-audio-worker=65536"
    "memorysetup-temp-allocator-size-cloud-worker=32768"
    "memorysetup-temp-allocator-size-gi-baking-worker=262144"
    "memorysetup-temp-allocator-size-gi-baking-worker=262144"
    "memorysetup-temp-allocator-size-gi-baking-worker=262144"
    "memorysetup-temp-allocator-size-gi-baking-worker=262144"
    "memorysetup-temp-allocator-size-gi-baking-worker=262144"
    "memorysetup-temp-allocator-size-gfx=262144"
Player connection [16940]  Target information:

Player connection [16940]  * "[IP] 192.168.80.1 [Port] 0 [Flags] 2 [Guid] 960496589 [EditorId] 960496589 [Version] 1048832 [Id] WindowsEditor(7,WIN-E5MA88GDPSC) [Debug] 1 [PackageName] WindowsEditor [ProjectName] Editor" 

Player connection [16940]  * "[IP] 192.168.50.1 [Port] 0 [Flags] 2 [Guid] 960496589 [EditorId] 960496589 [Version] 1048832 [Id] WindowsEditor(7,WIN-E5MA88GDPSC) [Debug] 1 [PackageName] WindowsEditor [ProjectName] Editor" 

Player connection [16940]  * "[IP] 10.102.65.103 [Port] 0 [Flags] 2 [Guid] 960496589 [EditorId] 960496589 [Version] 1048832 [Id] WindowsEditor(7,WIN-E5MA88GDPSC) [Debug] 1 [PackageName] WindowsEditor [ProjectName] Editor" 

Player connection [16940] Host joined multi-casting on [225.0.0.222:54997]...
Player connection [16940] Host joined alternative multi-casting on [225.0.0.222:34997]...
JobSystem: Creating JobQueue using job-worker-count value 5
Input System module state changed to: Initialized.
[Physics::Module] Initialized fallback backend.
[Physics::Module] Id: 0xdecafbad
Library Redirect Path: Library/
[Physics::Module] Selected backend.
[Physics::Module] Name: PhysX
[Physics::Module] Id: 0xf2b8ea05
[Physics::Module] SDK Version: 4.1.2
[Physics::Module] Integration Version: 1.0.0
[Physics::Module] Threading Mode: Multi-Threaded
Refreshing native plugins compatible for Editor in 1.97 ms, found 3 plugins.
Preloading 0 native plugins for Editor in 0.00 ms.
Initialize engine version: 6000.2.14f1 (589824c1fc31)
[Subsystems] Discovering subsystems at path C:/Program Files/Unity/Hub/Editor/6000.2.14f1/Editor/Data/Resources/UnitySubsystems
[Subsystems] Discovering subsystems at path C:/Users/user/Downloads/Winter_university_2025/VR project/Assets
GfxDevice: creating device client; kGfxThreadingModeNonThreaded
Direct3D:
    Version:  Direct3D 11.0 [level 11.1]
    Renderer: NVIDIA GeForce GTX 1630 (ID=0x1f83)
    Vendor:   NVIDIA
    VRAM:     3942 MB
    Driver:   32.0.15.6590
Initialize mono
Mono path[0] = 'C:/Program Files/Unity/Hub/Editor/6000.2.14f1/Editor/Data/Managed'
Mono path[1] = 'C:/Program Files/Unity/Hub/Editor/6000.2.14f1/Editor/Data/MonoBleedingEdge/lib/mono/unityjit-win32'
Mono config path = 'C:/Program Files/Unity/Hub/Editor/6000.2.14f1/Editor/Data/MonoBleedingEdge/etc'
Using monoOptions --debugger-agent=transport=dt_socket,embedding=1,server=y,suspend=n,address=127.0.0.1:56580
Begin MonoManager ReloadAssembly
Registering precompiled unity dll's ...
Register platform support module: C:/Program Files/Unity/Hub/Editor/6000.2.14f1/Editor/Data/PlaybackEngines/WindowsStandaloneSupport/UnityEditor.WindowsStandalone.Extensions.dll
Registered in 0.001349 seconds.
- Loaded All Assemblies, in  0.309 seconds
Native extension for WindowsStandalone target not found
[Licensing::Client] Error: HandshakeResponse reported an error:
	ResponseCode: 505
	ResponseStatus: Unsupported protocol version '1.17.4'.
[Licensing::Module] Error: Failed to handshake to channel: "LicenseClient-user"
[Licensing::IpcConnector] LicenseClient-user channel disconnected successfully.
[Licensing::IpcConnector] Successfully connected to: "LicenseClient-user-6000.2.14" at "2025-11-29T14:03:54.0804866Z"
Mono: successfully reloaded assembly
- Finished resetting the current domain, in  0.287 seconds
Domain Reload Profiling: 595ms
	BeginReloadAssembly (107ms)
		ExecutionOrderSort (0ms)
		DisableScriptedObjects (0ms)
		BackupInstance (0ms)
		ReleaseScriptingObjects (0ms)
		CreateAndSetChildDomain (1ms)
	RebuildCommonClasses (29ms)
	RebuildNativeTypeToScriptingClass (10ms)
	initialDomainReloadingComplete (37ms)
	LoadAllAssembliesAndSetupDomain (124ms)
		LoadAssemblies (105ms)
		RebuildTransferFunctionScriptingTraits (0ms)
		AnalyzeDomain (122ms)
			TypeCache.Refresh (121ms)
				TypeCache.ScanAssembly (111ms)
			BuildScriptInfoCaches (0ms)
			ResolveRequiredComponents (0ms)
	FinalizeReload (287ms)
		ReleaseScriptCaches (0ms)
		RebuildScriptCaches (0ms)
		SetupLoadedEditorAssemblies (260ms)
			LogAssemblyErrors (0ms)
			InitializePlatformSupportModulesInManaged (49ms)
			SetLoadedEditorAssemblies (4ms)
			BeforeProcessingInitializeOnLoad (52ms)
			ProcessInitializeOnLoadAttributes (109ms)
			ProcessInitializeOnLoadMethodAttributes (46ms)
			AfterProcessingInitializeOnLoad (0ms)
			EditorAssembliesLoaded (0ms)
		ExecutionOrderSort2 (0ms)
		AwakeInstancesAfterBackupRestoration (0ms)
========================================================================
Worker process is ready to serve import requests
Import Worker Mode flag is 0x00
Begin MonoManager ReloadAssembly
[Licensing::Module] Licensing is not yet initialized.
[Licensing::Client] Handshaking with LicensingClient:
  Version:                 1.17.4+4293ba1
  Session Id:              0ba47153e553418696adeee846b75f70
  Correlation Id:          02c44df26e8c945a652f82afd45339ce
  External correlation Id: 4266370690289769227
  Machine Id:              gI87iXUkw2WQWbN3VV2VE697BKU=
[Licensing::Module] Successfully connected to LicensingClient on channel: "LicenseClient-user-6000.2.14" (connect: 0.00s, validation: 0.00s, handshake: 0.70s)
[Licensing::IpcConnector] Successfully connected to: "LicenseClient-user-6000.2.14-notifications" at "2025-11-29T14:03:54.7846503Z"
[Licensing::Module] Licensing Background thread has ended after 1.43s
[Licensing::Module] Licensing is initialized (took 0.32s).
[Licensing::Client] Successfully resolved entitlement details
[Licensing::Module] License group:
  Id: 10170689369165-UnityPersXXXX
  Product: Unity Personal
  Type: Assigned
  Expiration: Unlimited
- Loaded All Assemblies, in  0.856 seconds
Refreshing native plugins compatible for Editor in 0.51 ms, found 3 plugins.
Native extension for WindowsStandalone target not found
Package Manager log level set to [2]
[Package Manager] Failed to launch server process. Reason: Unity was launched with the -noUpm command-line argument
[Package Manager] Unable to send message (not connected to server process).
[Package Manager] Cannot connect to Unity Package Manager local server
Mono: successfully reloaded assembly
- Finished resetting the current domain, in  0.443 seconds
Domain Reload Profiling: 1297ms
	BeginReloadAssembly (478ms)
		ExecutionOrderSort (0ms)
		DisableScriptedObjects (5ms)
		BackupInstance (0ms)
		ReleaseScriptingObjects (0ms)
		CreateAndSetChildDomain (22ms)
	RebuildCommonClasses (31ms)
	RebuildNativeTypeToScriptingClass (10ms)
	initialDomainReloadingComplete (29ms)
	LoadAllAssembliesAndSetupDomain (307ms)
		LoadAssemblies (239ms)
		RebuildTransferFunctionScriptingTraits (0ms)
		AnalyzeDomain (150ms)
			TypeCache.Refresh (117ms)
				TypeCache.ScanAssembly (107ms)
			BuildScriptInfoCaches (24ms)
			ResolveRequiredComponents (5ms)
	FinalizeReload (443ms)
		ReleaseScriptCaches (0ms)
		RebuildScriptCaches (0ms)
		SetupLoadedEditorAssemblies (358ms)
			LogAssemblyErrors (0ms)
			InitializePlatformSupportModulesInManaged (2ms)
			SetLoadedEditorAssemblies (3ms)
			BeforeProcessingInitializeOnLoad (75ms)
			ProcessInitializeOnLoadAttributes (255ms)
			ProcessInitializeOnLoadMethodAttributes (20ms)
			AfterProcessingInitializeOnLoad (4ms)
			EditorAssembliesLoaded (0ms)
		ExecutionOrderSort2 (0ms)
		AwakeInstancesAfterBackupRestoration (4ms)
Launched and connected shader compiler UnityShaderCompiler.exe after 0.01 seconds
Refreshing native plugins compatible for Editor in 0.88 ms, found 3 plugins.
Preloading 0 native plugins for Editor in 0.00 ms.
Unloading 0 Unused Serialized files (Serialized files now loaded: 0)
Unloading 3858 unused Assets / (1.0 MB). Loaded Objects now: 4372.
Memory consumption went from 95.1 MB to 94.0 MB.
Total: 6.002700 ms (FindLiveObjects: 0.348000 ms CreateObjectMapping: 0.383300 ms MarkObjects: 4.278600 ms  DeleteObjects: 0.991600 ms)

========================================================================
Received Import Request.
  Time since last request: 11558.521047 seconds.
  path: Assets/3D_Content/RedBricks/brick.mat
  artifactKey: Guid(a2e0fc35d6df2fe40bcb508cd11b1e14) Importer(2089858483,192608db42251d675da83286b1cce702)
Start importing Assets/3D_Content/RedBricks/brick.mat using Guid(a2e0fc35d6df2fe40bcb508cd11b1e14) Importer(2089858483,192608db42251d675da83286b1cce702) (ScriptedImporter) -> (artifact id: '14311fa7c42b93dceab3772ba3a6d386') in 0.1069044 seconds
Number of updated asset objects reloaded before import = 0Number of asset objects unloaded after import = 3

========================================================================
Received Import Request.
  Time since last request: 0.000014 seconds.
  path: Assets/3D_Content/CoffeBag/coffe_bag.mat
  artifactKey: Guid(c4af0f98e041db54da86e4c11eaa33ad) Importer(2089858483,192608db42251d675da83286b1cce702)
Start importing Assets/3D_Content/CoffeBag/coffe_bag.mat using Guid(c4af0f98e041db54da86e4c11eaa33ad) Importer(2089858483,192608db42251d675da83286b1cce702) (ScriptedImporter) -> (artifact id: 'd6dd53769e88bbdc23f117e2e28b3b49') in 0.0131597 seconds
Number of updated asset objects reloaded before import = 0Number of asset objects unloaded after import = 3

========================================================================
Received Import Request.
  Time since last request: 18.161678 seconds.
  path: Assets/3D_Content/generator/dieselSPG.png
  artifactKey: Guid(473d48b9942b7a84cbace18501f6fb00) Importer(815301076,1909f56bfc062723c751e8b465ee728b)
Start importing Assets/3D_Content/generator/dieselSPG.png using Guid(473d48b9942b7a84cbace18501f6fb00) Importer(815301076,1909f56bfc062723c751e8b465ee728b) (PreviewImporter) -> (artifact id: '10a68797d061ec81246d003c07b2bc7f') in 0.0432655 seconds
Number of updated asset objects reloaded before import = 0Number of asset objects unloaded after import = 2

========================================================================
Received Import Request.
  Time since last request: 0.000017 seconds.
  path: Assets/3D_Content/generator/dieselSPG [Normal].png
  artifactKey: Guid(67188aa084d0e5a4992dad7102fb6cf1) Importer(815301076,1909f56bfc062723c751e8b465ee728b)
Start importing Assets/3D_Content/generator/dieselSPG [Normal].png using Guid(67188aa084d0e5a4992dad7102fb6cf1) Importer(815301076,1909f56bfc062723c751e8b465ee728b) (PreviewImporter) -> (artifact id: '03c8836788506aaf50f1f8f158720567') in 0.0240695 seconds
Number of updated asset objects reloaded before import = 0Number of asset objects unloaded after import = 2

========================================================================
Received Import Request.
  Time since last request: 0.000018 seconds.
  path: Assets/3D_Content/generator/dieselSPG [Gloss].png
  artifactKey: Guid(0967943dec1997b428eefebdc3322fb2) Importer(815301076,1909f56bfc062723c751e8b465ee728b)
Start importing Assets/3D_Content/generator/dieselSPG [Gloss].png using Guid(0967943dec1997b428eefebdc3322fb2) Importer(815301076,1909f56bfc062723c751e8b465ee728b) (PreviewImporter) -> (artifact id: '2c530e79714a3c20c9840d3a247791dc') in 0.0126991 seconds
Number of updated asset objects reloaded before import = 0Number of asset objects unloaded after import = 2

========================================================================
Received Import Request.
  Time since last request: 0.892282 seconds.
  path: Assets/3D_Content/generator/dieselSPG.png
  artifactKey: Guid(473d48b9942b7a84cbace18501f6fb00) Importer(2089858483,192608db42251d675da83286b1cce702)
Start importing Assets/3D_Content/generator/dieselSPG.png using Guid(473d48b9942b7a84cbace18501f6fb00) Importer(2089858483,192608db42251d675da83286b1cce702) (ScriptedImporter) -> (artifact id: '18a5f7640cc93eae84621bf064aafbda') in 0.0414374 seconds
Number of updated asset objects reloaded before import = 0Number of asset objects unloaded after import = 1

========================================================================
Received Import Request.
  Time since last request: 0.000037 seconds.
  path: Assets/3D_Content/generator/diesel_SPG.fbx
  artifactKey: Guid(cdd4c7b4818ff5b41a183f3d567c7d5e) Importer(2089858483,192608db42251d675da83286b1cce702)
Start importing Assets/3D_Content/generator/diesel_SPG.fbx using Guid(cdd4c7b4818ff5b41a183f3d567c7d5e) Importer(2089858483,192608db42251d675da83286b1cce702) (ScriptedImporter) -> (artifact id: '4e6f0f0a437978a68f10109a8b8a06ff') in 0.0558318 seconds
Number of updated asset objects reloaded before import = 0Number of asset objects unloaded after import = 11

========================================================================
Received Import Request.
  Time since last request: 34.471097 seconds.
  path: Assets/3D_Content/generator/dieselSPG [Normal].png
  artifactKey: Guid(67188aa084d0e5a4992dad7102fb6cf1) Importer(815301076,1909f56bfc062723c751e8b465ee728b)
Start importing Assets/3D_Content/generator/dieselSPG [Normal].png using Guid(67188aa084d0e5a4992dad7102fb6cf1) Importer(815301076,1909f56bfc062723c751e8b465ee728b) (PreviewImporter) -> (artifact id: '3a4e3a247c97ec2518b19574dc616033') in 0.0354389 seconds
Number of updated asset objects reloaded before import = 0Number of asset objects unloaded after import = 2

========================================================================
Received Import Request.
  Time since last request: 103.276561 seconds.
  path: Assets/3D_Content/brick wall/Bitmap2Material_3_Base_Color.tga.png
  artifactKey: Guid(be7a29f05db2a4a458f44eab94f1242e) Importer(815301076,1909f56bfc062723c751e8b465ee728b)
Start importing Assets/3D_Content/brick wall/Bitmap2Material_3_Base_Color.tga.png using Guid(be7a29f05db2a4a458f44eab94f1242e) Importer(815301076,1909f56bfc062723c751e8b465ee728b) (PreviewImporter) -> (artifact id: '53f73674b26f656250a48a2e7e447fdc') in 0.0126762 seconds
Number of updated asset objects reloaded before import = 0Number of asset objects unloaded after import = 2

========================================================================
Received Import Request.
  Time since last request: 0.000018 seconds.
  path: Assets/3D_Content/brick wall/Bitmap2Material_3_Normal.tga.png
  artifactKey: Guid(37e09537277ff64478f481c4e0524896) Importer(815301076,1909f56bfc062723c751e8b465ee728b)
Start importing Assets/3D_Content/brick wall/Bitmap2Material_3_Normal.tga.png using Guid(37e09537277ff64478f481c4e0524896) Importer(815301076,1909f56bfc062723c751e8b465ee728b) (PreviewImporter) -> (artifact id: '804bca774b3f572c959d1716b604bf71') in 0.0133013 seconds
Number of updated asset objects reloaded before import = 0Number of asset objects unloaded after import = 2

========================================================================
Received Import Request.
  Time since last request: 0.970948 seconds.
  path: Assets/3D_Content/brick wall/Bitmap2Material_3_Normal.tga.png
  artifactKey: Guid(37e09537277ff64478f481c4e0524896) Importer(2089858483,192608db42251d675da83286b1cce702)
Start importing Assets/3D_Content/brick wall/Bitmap2Material_3_Normal.tga.png using Guid(37e09537277ff64478f481c4e0524896) Importer(2089858483,192608db42251d675da83286b1cce702) (ScriptedImporter) -> (artifact id: '56578f4347bcd05c7bec72413ab78ab4') in 0.0143184 seconds
Number of updated asset objects reloaded before import = 0Number of asset objects unloaded after import = 1

========================================================================
Received Import Request.
  Time since last request: 0.000021 seconds.
  path: Assets/3D_Content/brick wall/Bitmap2Material_3_Roughness.tga.png
  artifactKey: Guid(522ef22836dde2c4d805aa081f92e8c0) Importer(2089858483,192608db42251d675da83286b1cce702)
Start importing Assets/3D_Content/brick wall/Bitmap2Material_3_Roughness.tga.png using Guid(522ef22836dde2c4d805aa081f92e8c0) Importer(2089858483,192608db42251d675da83286b1cce702) (ScriptedImporter) -> (artifact id: 'e375016b516149304afbf6beb79cffe3') in 0.0158962 seconds
Number of updated asset objects reloaded before import = 0Number of asset objects unloaded after import = 1

========================================================================
Received Import Request.
  Time since last request: 619.183913 seconds.
  path: Assets/3D_Content/Poster1/Poster_01_Mat_Roughness.jpg
  artifactKey: Guid(d0d1e820de012fd488dc625408e0fb16) Importer(815301076,1909f56bfc062723c751e8b465ee728b)
Start importing Assets/3D_Content/Poster1/Poster_01_Mat_Roughness.jpg using Guid(d0d1e820de012fd488dc625408e0fb16) Importer(815301076,1909f56bfc062723c751e8b465ee728b) (PreviewImporter) -> (artifact id: 'e18d844945f51c0ec26ca11c404c6eb5') in 0.0138202 seconds
Number of updated asset objects reloaded before import = 0Number of asset objects unloaded after import = 2

========================================================================
Received Import Request.
  Time since last request: 0.994493 seconds.
  path: Assets/3D_Content/Poster1/Poster_01_Mat_Albedo.jpg
  artifactKey: Guid(e24a62a1b6c2a1449b76c7eea6108fad) Importer(2089858483,192608db42251d675da83286b1cce702)
Start importing Assets/3D_Content/Poster1/Poster_01_Mat_Albedo.jpg using Guid(e24a62a1b6c2a1449b76c7eea6108fad) Importer(2089858483,192608db42251d675da83286b1cce702) (ScriptedImporter) -> (artifact id: 'fee5271fb1ef187171e457d8b4d9549f') in 0.0148756 seconds
Number of updated asset objects reloaded before import = 0Number of asset objects unloaded after import = 1

========================================================================
Received Import Request.
  Time since last request: 12.511633 seconds.
  path: Assets/3D_Content/Poster2/schcbgfp_2K_Normal.jpg
  artifactKey: Guid(e6a89668434eacb46a51ab4cb45f8237) Importer(815301076,1909f56bfc062723c751e8b465ee728b)
Start importing Assets/3D_Content/Poster2/schcbgfp_2K_Normal.jpg using Guid(e6a89668434eacb46a51ab4cb45f8237) Importer(815301076,1909f56bfc062723c751e8b465ee728b) (PreviewImporter) -> (artifact id: 'df03b786947d010f407ccfcbd5d647c0') in 0.0136124 seconds
Number of updated asset objects reloaded before import = 0Number of asset objects unloaded after import = 2

========================================================================
Received Import Request.
  Time since last request: 0.000019 seconds.
  path: Assets/3D_Content/Poster2/schcbgfp_2K_Roughness.jpg
  artifactKey: Guid(ad8f1bbab8f885048a7b600eb332438a) Importer(815301076,1909f56bfc062723c751e8b465ee728b)
Start importing Assets/3D_Content/Poster2/schcbgfp_2K_Roughness.jpg using Guid(ad8f1bbab8f885048a7b600eb332438a) Importer(815301076,1909f56bfc062723c751e8b465ee728b) (PreviewImporter) -> (artifact id: 'fb9ef8d040c298202e8a961e407bf7f6') in 0.0169025 seconds
Number of updated asset objects reloaded before import = 0Number of asset objects unloaded after import = 2

========================================================================
Received Import Request.
  Time since last request: 1.044321 seconds.
  path: Assets/3D_Content/Poster2/schcbgfp_2K_Normal.jpg
  artifactKey: Guid(e6a89668434eacb46a51ab4cb45f8237) Importer(2089858483,192608db42251d675da83286b1cce702)
Start importing Assets/3D_Content/Poster2/schcbgfp_2K_Normal.jpg using Guid(e6a89668434eacb46a51ab4cb45f8237) Importer(2089858483,192608db42251d675da83286b1cce702) (ScriptedImporter) -> (artifact id: 'bc735fb730ae6d648e1116f4dab184c9') in 0.0144857 seconds
Number of updated asset objects reloaded before import = 0Number of asset objects unloaded after import = 1

========================================================================
Received Import Request.
  Time since last request: 0.000016 seconds.
  path: Assets/3D_Content/Poster2/schcbgfp_2K_Roughness.jpg
  artifactKey: Guid(ad8f1bbab8f885048a7b600eb332438a) Importer(2089858483,192608db42251d675da83286b1cce702)
Start importing Assets/3D_Content/Poster2/schcbgfp_2K_Roughness.jpg using Guid(ad8f1bbab8f885048a7b600eb332438a) Importer(2089858483,192608db42251d675da83286b1cce702) (ScriptedImporter) -> (artifact id: 'a132b11a237ffd133d4e2902323d2da5') in 0.0150673 seconds
Number of updated asset objects reloaded before import = 0Number of asset objects unloaded after import = 1

========================================================================
Received Import Request.
  Time since last request: 358.586978 seconds.
  path: Assets/3D_Content/Poster2/poster2.mat
  artifactKey: Guid(7fbb24eef77aad04ab9f1704cb699ec5) Importer(2089858483,192608db42251d675da83286b1cce702)
Start importing Assets/3D_Content/Poster2/poster2.mat using Guid(7fbb24eef77aad04ab9f1704cb699ec5) Importer(2089858483,192608db42251d675da83286b1cce702) (ScriptedImporter) -> (artifact id: '74e4e0f57fb4cf03eccc5f43880458db') in 0.0124644 seconds
Number of updated asset objects reloaded before import = 0Number of asset objects unloaded after import = 3

========================================================================
Received Import Request.
  Time since last request: 0.000021 seconds.
  path: Assets/Scenes/Construction_Site.unity
  artifactKey: Guid(4f11b397c46374943a15ea4969e44fe1) Importer(2089858483,192608db42251d675da83286b1cce702)
Start importing Assets/Scenes/Construction_Site.unity using Guid(4f11b397c46374943a15ea4969e44fe1) Importer(2089858483,192608db42251d675da83286b1cce702) (ScriptedImporter) -> (artifact id: 'a924b7565b8a52c5697beac04c783159') in 0.0140015 seconds
Number of updated asset objects reloaded before import = 0Number of asset objects unloaded after import = 1

