[Licensing::Module] Trying to connect to existing licensing client channel...
Built from '6000.2/staging' branch; Version is '6000.2.14f1 (589824c1fc31) revision 5806116'; Using compiler version '194234433'; Build Type 'Release'
[Licensing::IpcConnector] Successfully connected to: "LicenseClient-ilyah" at "2025-11-30T11:00:10.1865871Z"
OS: 'Windows 11  (10.0.26200) 64bit Professional' Language: 'ru' Physical Memory: 32694 MB
BatchMode: 1, IsHumanControllingUs: 0, StartBugReporterOnCrash: 0, Is64bit: 1
Date: 2025-11-30T11:00:10Z

COMMAND LINE ARGUMENTS:
E:\Game_Engines\Unity\6000.2.14f1\Editor\Unity.exe
-adb2
-batchMode
-noUpm
-name
AssetImportWorker0
-projectPath
C:/Users/ilyah/Downloads/3D Education/Winter_university_2025/VR project
-logFile
Logs/AssetImportWorker0.log
-srvPort
57821
-licensingIpc
LicenseClient-ilyah
-job-worker-count
5
-background-job-worker-count
8
-gc-helper-count
1
-name
AssetImport
Successfully changed project path to: C:/Users/ilyah/Downloads/3D Education/Winter_university_2025/VR project
C:/Users/ilyah/Downloads/3D Education/Winter_university_2025/VR project
[UnityMemory] Configuration Parameters - Can be set up in boot.config
    "memorysetup-allocator-temp-initial-block-size-main=262144"
    "memorysetup-allocator-temp-initial-block-size-worker=262144"
    "memorysetup-bucket-allocator-granularity=16"
    "memorysetup-bucket-allocator-bucket-count=8"
    "memorysetup-bucket-allocator-block-size=33554432"
    "memorysetup-bucket-allocator-block-count=8"
    "memorysetup-main-allocator-block-size=16777216"
    "memorysetup-thread-allocator-block-size=16777216"
    "memorysetup-gfx-main-allocator-block-size=16777216"
    "memorysetup-gfx-thread-allocator-block-size=16777216"
    "memorysetup-cache-allocator-block-size=4194304"
    "memorysetup-typetree-allocator-block-size=2097152"
    "memorysetup-profiler-bucket-allocator-granularity=16"
    "memorysetup-profiler-bucket-allocator-bucket-count=8"
    "memorysetup-profiler-bucket-allocator-block-size=33554432"
    "memorysetup-profiler-bucket-allocator-block-count=8"
    "memorysetup-profiler-allocator-block-size=16777216"
    "memorysetup-profiler-editor-allocator-block-size=1048576"
    "memorysetup-temp-allocator-size-main=16777216"
    "memorysetup-job-temp-allocator-block-size=2097152"
    "memorysetup-job-temp-allocator-block-size-background=1048576"
    "memorysetup-job-temp-allocator-reduction-small-platforms=262144"
    "memorysetup-temp-allocator-size-background-worker=32768"
    "memorysetup-temp-allocator-size-job-worker=262144"
    "memorysetup-temp-allocator-size-preload-manager=33554432"
    "memorysetup-temp-allocator-size-nav-mesh-worker=65536"
    "memorysetup-temp-allocator-size-audio-worker=65536"
    "memorysetup-temp-allocator-size-cloud-worker=32768"
    "memorysetup-temp-allocator-size-gi-baking-worker=262144"
    "memorysetup-temp-allocator-size-gi-baking-worker=262144"
    "memorysetup-temp-allocator-size-gi-baking-worker=262144"
    "memorysetup-temp-allocator-size-gi-baking-worker=262144"
    "memorysetup-temp-allocator-size-gi-baking-worker=262144"
    "memorysetup-temp-allocator-size-gfx=262144"
Player connection [11236]  Target information:

Player connection [11236]  * "[IP] 192.168.1.108 [Port] 0 [Flags] 2 [Guid] 567729132 [EditorId] 567729132 [Version] 1048832 [Id] WindowsEditor(7,DreamPC228) [Debug] 1 [PackageName] WindowsEditor [ProjectName] Editor" 

Player connection [11236] Host joined multi-casting on [225.0.0.222:54997]...
Player connection [11236] Host joined alternative multi-casting on [225.0.0.222:34997]...
JobSystem: Creating JobQueue using job-worker-count value 5
Input System module state changed to: Initialized.
[Physics::Module] Initialized fallback backend.
[Physics::Module] Id: 0xdecafbad
Library Redirect Path: Library/
[Physics::Module] Selected backend.
[Physics::Module] Name: PhysX
[Physics::Module] Id: 0xf2b8ea05
[Physics::Module] SDK Version: 4.1.2
[Physics::Module] Integration Version: 1.0.0
[Physics::Module] Threading Mode: Multi-Threaded
Refreshing native plugins compatible for Editor in 4.19 ms, found 3 plugins.
Preloading 0 native plugins for Editor in 0.00 ms.
Initialize engine version: 6000.2.14f1 (589824c1fc31)
[Subsystems] Discovering subsystems at path E:/Game_Engines/Unity/6000.2.14f1/Editor/Data/Resources/UnitySubsystems
[Subsystems] Discovering subsystems at path C:/Users/ilyah/Downloads/3D Education/Winter_university_2025/VR project/Assets
GfxDevice: creating device client; kGfxThreadingModeNonThreaded
Direct3D:
    Version:  Direct3D 11.0 [level 11.1]
    Renderer: NVIDIA GeForce RTX 3060 Ti (ID=0x2486)
    Vendor:   NVIDIA
    VRAM:     8024 MB
    Driver:   32.0.15.8157
Initialize mono
Mono path[0] = 'E:/Game_Engines/Unity/6000.2.14f1/Editor/Data/Managed'
Mono path[1] = 'E:/Game_Engines/Unity/6000.2.14f1/Editor/Data/MonoBleedingEdge/lib/mono/unityjit-win32'
Mono config path = 'E:/Game_Engines/Unity/6000.2.14f1/Editor/Data/MonoBleedingEdge/etc'
Using monoOptions --debugger-agent=transport=dt_socket,embedding=1,server=y,suspend=n,address=127.0.0.1:56284
Begin MonoManager ReloadAssembly
Registering precompiled unity dll's ...
Register platform support module: E:/Game_Engines/Unity/6000.2.14f1/Editor/Data/PlaybackEngines/WindowsStandaloneSupport/UnityEditor.WindowsStandalone.Extensions.dll
[Licensing::Module] Licensing is not yet initialized.
[Licensing::Client] Error: HandshakeResponse reported an error:
	ResponseCode: 505
	ResponseStatus: Unsupported protocol version '1.17.4'.
[Licensing::Module] Error: Failed to handshake to channel: "LicenseClient-ilyah"
[Licensing::IpcConnector] LicenseClient-ilyah channel disconnected successfully.
[Licensing::IpcConnector] Successfully connected to: "LicenseClient-ilyah-6000.2.14" at "2025-11-30T11:00:12.4630583Z"
[Licensing::Client] Handshaking with LicensingClient:
  Version:                 1.17.4+4293ba1
  Session Id:              c3a543d0abc2475f92db1a41ccfc710d
  Correlation Id:          e9ec5f5b362236593576a4d0e62f71f4
  External correlation Id: 1183142998272350832
  Machine Id:              hPf3mRwuZ1G1bk9WmOkcoEla88k=
[Licensing::Module] Successfully connected to LicensingClient on channel: "LicenseClient-ilyah-6000.2.14" (connect: 0.00s, validation: 0.00s, handshake: 2.17s)
[Licensing::IpcConnector] Successfully connected to: "LicenseClient-ilyah-6000.2.14-notifications" at "2025-11-30T11:00:14.6366745Z"
[Licensing::Module] Licensing Background thread has ended after 4.45s
[Licensing::Module] Licensing is initialized (took 3.65s).
[Licensing::Client] Successfully resolved entitlement details
[Licensing::Module] License group:
  Id: 10170689369165-UnityPersXXXX
  Product: Unity Personal
  Type: Assigned
  Expiration: Unlimited
Register platform support module: E:/Game_Engines/Unity/6000.2.14f1/Editor/Data/PlaybackEngines/MetroSupport/UnityEditor.UWP.Extensions.dll
[Licensing::Client] Successfully resolved entitlement details
Register platform support module: E:/Game_Engines/Unity/6000.2.14f1/Editor/Data/PlaybackEngines/AndroidPlayer/UnityEditor.Android.Extensions.dll
Registered in 3.664001 seconds.
- Loaded All Assemblies, in  4.210 seconds
Native extension for Android target not found
Android Extension - Scanning For ADB Devices 311 ms
Native extension for UWP target not found
Native extension for WindowsStandalone target not found
Mono: successfully reloaded assembly
- Finished resetting the current domain, in  0.731 seconds
Domain Reload Profiling: 4930ms
	BeginReloadAssembly (190ms)
		ExecutionOrderSort (0ms)
		DisableScriptedObjects (0ms)
		BackupInstance (0ms)
		ReleaseScriptingObjects (0ms)
		CreateAndSetChildDomain (1ms)
	RebuildCommonClasses (46ms)
	RebuildNativeTypeToScriptingClass (16ms)
	initialDomainReloadingComplete (3734ms)
	LoadAllAssembliesAndSetupDomain (213ms)
		LoadAssemblies (180ms)
		RebuildTransferFunctionScriptingTraits (0ms)
		AnalyzeDomain (209ms)
			TypeCache.Refresh (207ms)
				TypeCache.ScanAssembly (191ms)
			BuildScriptInfoCaches (0ms)
			ResolveRequiredComponents (1ms)
	FinalizeReload (731ms)
		ReleaseScriptCaches (0ms)
		RebuildScriptCaches (0ms)
		SetupLoadedEditorAssemblies (696ms)
			LogAssemblyErrors (0ms)
			InitializePlatformSupportModulesInManaged (417ms)
			SetLoadedEditorAssemblies (4ms)
			BeforeProcessingInitializeOnLoad (78ms)
			ProcessInitializeOnLoadAttributes (134ms)
			ProcessInitializeOnLoadMethodAttributes (63ms)
			AfterProcessingInitializeOnLoad (0ms)
			EditorAssembliesLoaded (0ms)
		ExecutionOrderSort2 (0ms)
		AwakeInstancesAfterBackupRestoration (0ms)
========================================================================
Worker process is ready to serve import requests
Import Worker Mode flag is 0x00
Begin MonoManager ReloadAssembly
[Licensing::Client] Successfully resolved entitlement details
- Loaded All Assemblies, in  0.927 seconds
Refreshing native plugins compatible for Editor in 1.25 ms, found 3 plugins.
Native extension for Android target not found
Native extension for UWP target not found
Native extension for WindowsStandalone target not found
Package Manager log level set to [2]
[Package Manager] Failed to launch server process. Reason: Unity was launched with the -noUpm command-line argument
[Package Manager] Unable to send message (not connected to server process).
[Package Manager] Cannot connect to Unity Package Manager local server
Mono: successfully reloaded assembly
- Finished resetting the current domain, in  0.630 seconds
Domain Reload Profiling: 1544ms
	BeginReloadAssembly (258ms)
		ExecutionOrderSort (0ms)
		DisableScriptedObjects (9ms)
		BackupInstance (0ms)
		ReleaseScriptingObjects (0ms)
		CreateAndSetChildDomain (41ms)
	RebuildCommonClasses (46ms)
	RebuildNativeTypeToScriptingClass (16ms)
	initialDomainReloadingComplete (61ms)
	LoadAllAssembliesAndSetupDomain (532ms)
		LoadAssemblies (444ms)
		RebuildTransferFunctionScriptingTraits (0ms)
		AnalyzeDomain (238ms)
			TypeCache.Refresh (194ms)
				TypeCache.ScanAssembly (176ms)
			BuildScriptInfoCaches (35ms)
			ResolveRequiredComponents (5ms)
	FinalizeReload (630ms)
		ReleaseScriptCaches (0ms)
		RebuildScriptCaches (0ms)
		SetupLoadedEditorAssemblies (504ms)
			LogAssemblyErrors (0ms)
			InitializePlatformSupportModulesInManaged (13ms)
			SetLoadedEditorAssemblies (4ms)
			BeforeProcessingInitializeOnLoad (127ms)
			ProcessInitializeOnLoadAttributes (317ms)
			ProcessInitializeOnLoadMethodAttributes (25ms)
			AfterProcessingInitializeOnLoad (17ms)
			EditorAssembliesLoaded (0ms)
		ExecutionOrderSort2 (0ms)
		AwakeInstancesAfterBackupRestoration (6ms)
Launched and connected shader compiler UnityShaderCompiler.exe after 0.01 seconds
Refreshing native plugins compatible for Editor in 1.35 ms, found 3 plugins.
Preloading 0 native plugins for Editor in 0.00 ms.
Unloading 0 Unused Serialized files (Serialized files now loaded: 0)
Unloading 3858 unused Assets / (1.0 MB). Loaded Objects now: 4374.
Memory consumption went from 95.6 MB to 94.6 MB.
Total: 5.750900 ms (FindLiveObjects: 0.556700 ms CreateObjectMapping: 0.162900 ms MarkObjects: 3.959100 ms  DeleteObjects: 1.071200 ms)

========================================================================
Received Import Request.
  Time since last request: 158542.407608 seconds.
  path: Assets/3D_Content/Tools/Buckets/Bucket2/Bucket2_Mat.mat
  artifactKey: Guid(0c4af619f3c75aa4fb3424239e910f4c) Importer(815301076,1909f56bfc062723c751e8b465ee728b)
Start importing Assets/3D_Content/Tools/Buckets/Bucket2/Bucket2_Mat.mat using Guid(0c4af619f3c75aa4fb3424239e910f4c) Importer(815301076,1909f56bfc062723c751e8b465ee728b) (PreviewImporter) -> (artifact id: '31757a99f2c0fde4ce01e7fd735274f4') in 0.1307959 seconds
Number of updated asset objects reloaded before import = 0Number of asset objects unloaded after import = 2

========================================================================
Received Import Request.
  Time since last request: 833.543475 seconds.
  path: Assets/Scenes/Construction_Site_Final.unity
  artifactKey: Guid(c11aca42584ea5643b700d3f134ffeec) Importer(2089858483,192608db42251d675da83286b1cce702)
Start importing Assets/Scenes/Construction_Site_Final.unity using Guid(c11aca42584ea5643b700d3f134ffeec) Importer(2089858483,192608db42251d675da83286b1cce702) (ScriptedImporter) -> (artifact id: '4515a0df57eed34b33c868c16b05ea8b') in 0.0770059 seconds
Number of updated asset objects reloaded before import = 0Number of asset objects unloaded after import = 1

========================================================================
Received Import Request.
  Time since last request: 0.905118 seconds.
  path: Assets/3D_Content/Tools/Buckets/Bucket2/Bucket2.fbx
  artifactKey: Guid(5c76a2dd654719445bbbd1ec7323067e) Importer(2089858483,192608db42251d675da83286b1cce702)
Start importing Assets/3D_Content/Tools/Buckets/Bucket2/Bucket2.fbx using Guid(5c76a2dd654719445bbbd1ec7323067e) Importer(2089858483,192608db42251d675da83286b1cce702) (ScriptedImporter) -> (artifact id: 'fd444e7c4fb4c63fbd00fd67ce093d1b') in 0.0893501 seconds
Number of updated asset objects reloaded before import = 0Number of asset objects unloaded after import = 13

========================================================================
Received Import Request.
  Time since last request: 41.767088 seconds.
  path: Assets/3D_Content/Tools/Buckets/Bucket2/Bucket2
  artifactKey: Guid(c98333cce82f6f34c8c8a5a3c656b9b6) Importer(815301076,1909f56bfc062723c751e8b465ee728b)
Start importing Assets/3D_Content/Tools/Buckets/Bucket2/Bucket2 using Guid(c98333cce82f6f34c8c8a5a3c656b9b6) Importer(815301076,1909f56bfc062723c751e8b465ee728b) (PreviewImporter) -> (artifact id: '00a66b884f6565657b1e795c3b70e411') in 0.0005098 seconds
Number of updated asset objects reloaded before import = 0Number of asset objects unloaded after import = 0

========================================================================
Received Import Request.
  Time since last request: 0.965970 seconds.
  path: Assets/3D_Content/Tools/Buckets/Bucket2/Bucket2
  artifactKey: Guid(c98333cce82f6f34c8c8a5a3c656b9b6) Importer(2089858483,192608db42251d675da83286b1cce702)
Start importing Assets/3D_Content/Tools/Buckets/Bucket2/Bucket2 using Guid(c98333cce82f6f34c8c8a5a3c656b9b6) Importer(2089858483,192608db42251d675da83286b1cce702) (ScriptedImporter) -> (artifact id: 'ad3912b643c2fe3c075fbb4c2e02309d') in 0.0117521 seconds
Number of updated asset objects reloaded before import = 0Number of asset objects unloaded after import = 1

========================================================================
Received Import Request.
  Time since last request: 431.528488 seconds.
  path: Assets/3D_Content/Tools/Buckets/Bucket2/Bucket2.fbx
  artifactKey: Guid(5c76a2dd654719445bbbd1ec7323067e) Importer(815301076,1909f56bfc062723c751e8b465ee728b)
Start importing Assets/3D_Content/Tools/Buckets/Bucket2/Bucket2.fbx using Guid(5c76a2dd654719445bbbd1ec7323067e) Importer(815301076,1909f56bfc062723c751e8b465ee728b) (PreviewImporter) -> (artifact id: '5e8f4f123b4af999a91a833b73c7d530') in 0.0741814 seconds
Number of updated asset objects reloaded before import = 0Number of asset objects unloaded after import = 13

========================================================================
Received Import Request.
  Time since last request: 0.898008 seconds.
  path: Assets/3D_Content/Tools/Buckets/Bucket2/Bucket2.fbx
  artifactKey: Guid(5c76a2dd654719445bbbd1ec7323067e) Importer(2089858483,192608db42251d675da83286b1cce702)
Start importing Assets/3D_Content/Tools/Buckets/Bucket2/Bucket2.fbx using Guid(5c76a2dd654719445bbbd1ec7323067e) Importer(2089858483,192608db42251d675da83286b1cce702) (ScriptedImporter) -> (artifact id: 'b833528b6ef10594c345753e730b9196') in 0.0216408 seconds
Number of updated asset objects reloaded before import = 0Number of asset objects unloaded after import = 13

========================================================================
Received Import Request.
  Time since last request: 4.141260 seconds.
  path: Assets/3D_Content/Tools/Buckets/Bucket2/Bucket2.fbx
  artifactKey: Guid(5c76a2dd654719445bbbd1ec7323067e) Importer(815301076,1909f56bfc062723c751e8b465ee728b)
Start importing Assets/3D_Content/Tools/Buckets/Bucket2/Bucket2.fbx using Guid(5c76a2dd654719445bbbd1ec7323067e) Importer(815301076,1909f56bfc062723c751e8b465ee728b) (PreviewImporter) -> (artifact id: 'eb4958caf1713a00e80c3d841be99785') in 0.0342179 seconds
Number of updated asset objects reloaded before import = 0Number of asset objects unloaded after import = 15

========================================================================
Received Import Request.
  Time since last request: 0.939829 seconds.
  path: Assets/3D_Content/Tools/Buckets/Bucket2/Bucket2/Bucket_BC.png
  artifactKey: Guid(b2755ea1efaf002418bc5a4f2dd692fd) Importer(2089858483,192608db42251d675da83286b1cce702)
Start importing Assets/3D_Content/Tools/Buckets/Bucket2/Bucket2/Bucket_BC.png using Guid(b2755ea1efaf002418bc5a4f2dd692fd) Importer(2089858483,192608db42251d675da83286b1cce702) (ScriptedImporter)[Licensing::Client] Successfully resolved entitlement details
[Licensing::Client] Successfully resolved entitlement details
 -> (artifact id: '224033268a7fc539424b745bc3e6c042') in 0.0530524 seconds
Number of updated asset objects reloaded before import = 0Number of asset objects unloaded after import = 1

========================================================================
Received Import Request.
  Time since last request: 0.376421 seconds.
  path: Assets/3D_Content/Tools/Buckets/Bucket2/Bucket2.fbx
  artifactKey: Guid(5c76a2dd654719445bbbd1ec7323067e) Importer(815301076,1909f56bfc062723c751e8b465ee728b)
Start importing Assets/3D_Content/Tools/Buckets/Bucket2/Bucket2.fbx using Guid(5c76a2dd654719445bbbd1ec7323067e) Importer(815301076,1909f56bfc062723c751e8b465ee728b) (PreviewImporter) -> (artifact id: '0cf3491a3b71231b3f050d0633ee6332') in 0.0578773 seconds
Number of updated asset objects reloaded before import = 0Number of asset objects unloaded after import = 15

========================================================================
Received Import Request.
  Time since last request: 9.806012 seconds.
  path: Assets/3D_Content/Tools/Buckets/Bucket2/Bucket2/Bucket_NRML.png
  artifactKey: Guid(d43d1a6e4ef4c9c4faeb7e1787eda96b) Importer(2089858483,192608db42251d675da83286b1cce702)
Start importing Assets/3D_Content/Tools/Buckets/Bucket2/Bucket2/Bucket_NRML.png using Guid(d43d1a6e4ef4c9c4faeb7e1787eda96b) Importer(2089858483,192608db42251d675da83286b1cce702) (ScriptedImporter) -> (artifact id: 'f5a815b9dbb7176e5d2c9d915f6feb5c') in 0.0243825 seconds
Number of updated asset objects reloaded before import = 0Number of asset objects unloaded after import = 1

========================================================================
Received Import Request.
  Time since last request: 174.188088 seconds.
  path: Assets/Scenes/Construction_Site_Final.unity
  artifactKey: Guid(c11aca42584ea5643b700d3f134ffeec) Importer(2089858483,192608db42251d675da83286b1cce702)
Start importing Assets/Scenes/Construction_Site_Final.unity using Guid(c11aca42584ea5643b700d3f134ffeec) Importer(2089858483,192608db42251d675da83286b1cce702) (ScriptedImporter) -> (artifact id: 'f197edbf6701e4b242fe6a738e30c759') in 0.0171099 seconds
Number of updated asset objects reloaded before import = 0Number of asset objects unloaded after import = 1

