[Licensing::Module] Trying to connect to existing licensing client channel...
Built from '6000.2/staging' branch; Version is '6000.2.14f1 (589824c1fc31) revision 5806116'; Using compiler version '194234433'; Build Type 'Release'
OS: 'Windows 10  (10.0.19045) 64bit Professional' Language: 'en' Physical Memory: 32549 MB
[Licensing::IpcConnector] Successfully connected to: "LicenseClient-user" at "2025-12-01T09:28:34.9933236Z"
BatchMode: 1, IsHumanControllingUs: 0, StartBugReporterOnCrash: 0, Is64bit: 1
Date: 2025-12-01T09:28:34Z

COMMAND LINE ARGUMENTS:
C:\Program Files\Unity\Hub\Editor\6000.2.14f1\Editor\Unity.exe
-adb2
-batchMode
-noUpm
-name
AssetImportWorker0
-projectPath
C:/Users/user/Downloads/Winter_university_2025/VR project
-logFile
Logs/AssetImportWorker0.log
-srvPort
55449
-licensingIpc
LicenseClient-user
-job-worker-count
5
-background-job-worker-count
8
-gc-helper-count
1
-name
AssetImport
Successfully changed project path to: C:/Users/user/Downloads/Winter_university_2025/VR project
C:/Users/user/Downloads/Winter_university_2025/VR project
[UnityMemory] Configuration Parameters - Can be set up in boot.config
    "memorysetup-allocator-temp-initial-block-size-main=262144"
    "memorysetup-allocator-temp-initial-block-size-worker=262144"
    "memorysetup-bucket-allocator-granularity=16"
    "memorysetup-bucket-allocator-bucket-count=8"
    "memorysetup-bucket-allocator-block-size=33554432"
    "memorysetup-bucket-allocator-block-count=8"
    "memorysetup-main-allocator-block-size=16777216"
    "memorysetup-thread-allocator-block-size=16777216"
    "memorysetup-gfx-main-allocator-block-size=16777216"
    "memorysetup-gfx-thread-allocator-block-size=16777216"
    "memorysetup-cache-allocator-block-size=4194304"
    "memorysetup-typetree-allocator-block-size=2097152"
    "memorysetup-profiler-bucket-allocator-granularity=16"
    "memorysetup-profiler-bucket-allocator-bucket-count=8"
    "memorysetup-profiler-bucket-allocator-block-size=33554432"
    "memorysetup-profiler-bucket-allocator-block-count=8"
    "memorysetup-profiler-allocator-block-size=16777216"
    "memorysetup-profiler-editor-allocator-block-size=1048576"
    "memorysetup-temp-allocator-size-main=16777216"
    "memorysetup-job-temp-allocator-block-size=2097152"
    "memorysetup-job-temp-allocator-block-size-background=1048576"
    "memorysetup-job-temp-allocator-reduction-small-platforms=262144"
    "memorysetup-temp-allocator-size-background-worker=32768"
    "memorysetup-temp-allocator-size-job-worker=262144"
    "memorysetup-temp-allocator-size-preload-manager=33554432"
    "memorysetup-temp-allocator-size-nav-mesh-worker=65536"
    "memorysetup-temp-allocator-size-audio-worker=65536"
    "memorysetup-temp-allocator-size-cloud-worker=32768"
    "memorysetup-temp-allocator-size-gi-baking-worker=262144"
    "memorysetup-temp-allocator-size-gi-baking-worker=262144"
    "memorysetup-temp-allocator-size-gi-baking-worker=262144"
    "memorysetup-temp-allocator-size-gi-baking-worker=262144"
    "memorysetup-temp-allocator-size-gi-baking-worker=262144"
    "memorysetup-temp-allocator-size-gfx=262144"
Player connection [12200]  Target information:

Player connection [12200]  * "[IP] 192.168.80.1 [Port] 0 [Flags] 2 [Guid] 1183435669 [EditorId] 1183435669 [Version] 1048832 [Id] WindowsEditor(7,WIN-E5MA88GDPSC) [Debug] 1 [PackageName] WindowsEditor [ProjectName] Editor" 

Player connection [12200]  * "[IP] 192.168.50.1 [Port] 0 [Flags] 2 [Guid] 1183435669 [EditorId] 1183435669 [Version] 1048832 [Id] WindowsEditor(7,WIN-E5MA88GDPSC) [Debug] 1 [PackageName] WindowsEditor [ProjectName] Editor" 

Player connection [12200]  * "[IP] 10.102.65.103 [Port] 0 [Flags] 2 [Guid] 1183435669 [EditorId] 1183435669 [Version] 1048832 [Id] WindowsEditor(7,WIN-E5MA88GDPSC) [Debug] 1 [PackageName] WindowsEditor [ProjectName] Editor" 

Player connection [12200] Host joined multi-casting on [225.0.0.222:54997]...
Player connection [12200] Host joined alternative multi-casting on [225.0.0.222:34997]...
JobSystem: Creating JobQueue using job-worker-count value 5
Input System module state changed to: Initialized.
[Physics::Module] Initialized fallback backend.
[Physics::Module] Id: 0xdecafbad
Library Redirect Path: Library/
[Physics::Module] Selected backend.
[Physics::Module] Name: PhysX
[Physics::Module] Id: 0xf2b8ea05
[Physics::Module] SDK Version: 4.1.2
[Physics::Module] Integration Version: 1.0.0
[Physics::Module] Threading Mode: Multi-Threaded
Refreshing native plugins compatible for Editor in 1.50 ms, found 3 plugins.
Preloading 0 native plugins for Editor in 0.00 ms.
Initialize engine version: 6000.2.14f1 (589824c1fc31)
[Subsystems] Discovering subsystems at path C:/Program Files/Unity/Hub/Editor/6000.2.14f1/Editor/Data/Resources/UnitySubsystems
[Subsystems] Discovering subsystems at path C:/Users/user/Downloads/Winter_university_2025/VR project/Assets
GfxDevice: creating device client; kGfxThreadingModeNonThreaded
Direct3D:
    Version:  Direct3D 11.0 [level 11.1]
    Renderer: NVIDIA GeForce GTX 1630 (ID=0x1f83)
    Vendor:   NVIDIA
    VRAM:     3942 MB
    Driver:   32.0.15.6590
Initialize mono
Mono path[0] = 'C:/Program Files/Unity/Hub/Editor/6000.2.14f1/Editor/Data/Managed'
Mono path[1] = 'C:/Program Files/Unity/Hub/Editor/6000.2.14f1/Editor/Data/MonoBleedingEdge/lib/mono/unityjit-win32'
Mono config path = 'C:/Program Files/Unity/Hub/Editor/6000.2.14f1/Editor/Data/MonoBleedingEdge/etc'
Using monoOptions --debugger-agent=transport=dt_socket,embedding=1,server=y,suspend=n,address=127.0.0.1:56320
Begin MonoManager ReloadAssembly
Registering precompiled unity dll's ...
Register platform support module: C:/Program Files/Unity/Hub/Editor/6000.2.14f1/Editor/Data/PlaybackEngines/WindowsStandaloneSupport/UnityEditor.WindowsStandalone.Extensions.dll
Registered in 0.001280 seconds.
- Loaded All Assemblies, in  0.297 seconds
Native extension for WindowsStandalone target not found
[Licensing::Client] Error: HandshakeResponse reported an error:
	ResponseCode: 505
	ResponseStatus: Unsupported protocol version '1.17.4'.
[Licensing::Module] Error: Failed to handshake to channel: "LicenseClient-user"
[Licensing::IpcConnector] LicenseClient-user channel disconnected successfully.
[Licensing::IpcConnector] Successfully connected to: "LicenseClient-user-6000.2.14" at "2025-12-01T09:28:35.6396594Z"
Mono: successfully reloaded assembly
- Finished resetting the current domain, in  0.256 seconds
Domain Reload Profiling: 552ms
	BeginReloadAssembly (97ms)
		ExecutionOrderSort (0ms)
		DisableScriptedObjects (0ms)
		BackupInstance (0ms)
		ReleaseScriptingObjects (0ms)
		CreateAndSetChildDomain (1ms)
	RebuildCommonClasses (28ms)
	RebuildNativeTypeToScriptingClass (10ms)
	initialDomainReloadingComplete (39ms)
	LoadAllAssembliesAndSetupDomain (121ms)
		LoadAssemblies (95ms)
		RebuildTransferFunctionScriptingTraits (0ms)
		AnalyzeDomain (119ms)
			TypeCache.Refresh (118ms)
				TypeCache.ScanAssembly (108ms)
			BuildScriptInfoCaches (0ms)
			ResolveRequiredComponents (0ms)
	FinalizeReload (256ms)
		ReleaseScriptCaches (0ms)
		RebuildScriptCaches (0ms)
		SetupLoadedEditorAssemblies (226ms)
			LogAssemblyErrors (0ms)
			InitializePlatformSupportModulesInManaged (43ms)
			SetLoadedEditorAssemblies (3ms)
			BeforeProcessingInitializeOnLoad (49ms)
			ProcessInitializeOnLoadAttributes (92ms)
			ProcessInitializeOnLoadMethodAttributes (39ms)
			AfterProcessingInitializeOnLoad (0ms)
			EditorAssembliesLoaded (0ms)
		ExecutionOrderSort2 (0ms)
		AwakeInstancesAfterBackupRestoration (0ms)
========================================================================
Worker process is ready to serve import requests
Import Worker Mode flag is 0x00
Begin MonoManager ReloadAssembly
[Licensing::Module] Licensing is not yet initialized.
[Licensing::Client] Handshaking with LicensingClient:
  Version:                 1.17.4+4293ba1
  Session Id:              f9020bb6bb0a49019feb1e333a8ec6d3
  Correlation Id:          f9cf1cbad66563b4d0b4f2d18882af87
  External correlation Id: 19734157203543696
  Machine Id:              gI87iXUkw2WQWbN3VV2VE697BKU=
[Licensing::Module] Successfully connected to LicensingClient on channel: "LicenseClient-user-6000.2.14" (connect: 0.00s, validation: 0.01s, handshake: 0.61s)
[Licensing::IpcConnector] Successfully connected to: "LicenseClient-user-6000.2.14-notifications" at "2025-12-01T09:28:36.2597944Z"
[Licensing::Module] Licensing Background thread has ended after 1.27s
[Licensing::Module] Licensing is initialized (took 0.26s).
[Licensing::Client] Successfully resolved entitlement details
[Licensing::Module] License group:
  Id: 10170689369165-UnityPersXXXX
  Product: Unity Personal
  Type: Assigned
  Expiration: Unlimited
- Loaded All Assemblies, in  0.733 seconds
Refreshing native plugins compatible for Editor in 0.47 ms, found 3 plugins.
Native extension for WindowsStandalone target not found
Package Manager log level set to [2]
[Package Manager] Failed to launch server process. Reason: Unity was launched with the -noUpm command-line argument
[Package Manager] Unable to send message (not connected to server process).
[Package Manager] Cannot connect to Unity Package Manager local server
Mono: successfully reloaded assembly
- Finished resetting the current domain, in  0.415 seconds
Domain Reload Profiling: 1147ms
	BeginReloadAssembly (396ms)
		ExecutionOrderSort (0ms)
		DisableScriptedObjects (5ms)
		BackupInstance (0ms)
		ReleaseScriptingObjects (0ms)
		CreateAndSetChildDomain (20ms)
	RebuildCommonClasses (27ms)
	RebuildNativeTypeToScriptingClass (10ms)
	initialDomainReloadingComplete (28ms)
	LoadAllAssembliesAndSetupDomain (271ms)
		LoadAssemblies (212ms)
		RebuildTransferFunctionScriptingTraits (0ms)
		AnalyzeDomain (133ms)
			TypeCache.Refresh (104ms)
				TypeCache.ScanAssembly (95ms)
			BuildScriptInfoCaches (23ms)
			ResolveRequiredComponents (4ms)
	FinalizeReload (416ms)
		ReleaseScriptCaches (0ms)
		RebuildScriptCaches (0ms)
		SetupLoadedEditorAssemblies (335ms)
			LogAssemblyErrors (0ms)
			InitializePlatformSupportModulesInManaged (1ms)
			SetLoadedEditorAssemblies (3ms)
			BeforeProcessingInitializeOnLoad (68ms)
			ProcessInitializeOnLoadAttributes (240ms)
			ProcessInitializeOnLoadMethodAttributes (19ms)
			AfterProcessingInitializeOnLoad (3ms)
			EditorAssembliesLoaded (0ms)
		ExecutionOrderSort2 (0ms)
		AwakeInstancesAfterBackupRestoration (4ms)
Launched and connected shader compiler UnityShaderCompiler.exe after 0.01 seconds
Refreshing native plugins compatible for Editor in 0.51 ms, found 3 plugins.
Preloading 0 native plugins for Editor in 0.00 ms.
Unloading 0 Unused Serialized files (Serialized files now loaded: 0)
Unloading 3858 unused Assets / (1.2 MB). Loaded Objects now: 4372.
Memory consumption went from 95.3 MB to 94.1 MB.
Total: 4.136800 ms (FindLiveObjects: 0.265200 ms CreateObjectMapping: 0.196000 ms MarkObjects: 2.960200 ms  DeleteObjects: 0.714700 ms)

========================================================================
Received Import Request.
  Time since last request: 7224.229257 seconds.
  path: Assets/3D_Content/floor
  artifactKey: Guid(c99df67eba3fcb745bd1ac3980f910ef) Importer(2089858483,192608db42251d675da83286b1cce702)
Start importing Assets/3D_Content/floor using Guid(c99df67eba3fcb745bd1ac3980f910ef) Importer(2089858483,192608db42251d675da83286b1cce702) (ScriptedImporter) -> (artifact id: '793669373c0d6d1d15a05ae7e69a7cee') in 0.0499996 seconds
Number of updated asset objects reloaded before import = 0Number of asset objects unloaded after import = 1

========================================================================
Received Import Request.
  Time since last request: 35.224883 seconds.
  path: Assets/3D_Content/floor/Plane.fbx
  artifactKey: Guid(d1abd4616b0f8554993687182beaa3e7) Importer(815301076,1909f56bfc062723c751e8b465ee728b)
Start importing Assets/3D_Content/floor/Plane.fbx using Guid(d1abd4616b0f8554993687182beaa3e7) Importer(815301076,1909f56bfc062723c751e8b465ee728b) (PreviewImporter) -> (artifact id: '1b0ccc556910082d12517f7b9240ae29') in 0.1329882 seconds
Number of updated asset objects reloaded before import = 0Number of asset objects unloaded after import = 7

========================================================================
Received Import Request.
  Time since last request: 0.837776 seconds.
  path: Assets/3D_Content/floor/Plane.fbx
  artifactKey: Guid(d1abd4616b0f8554993687182beaa3e7) Importer(2089858483,192608db42251d675da83286b1cce702)
Start importing Assets/3D_Content/floor/Plane.fbx using Guid(d1abd4616b0f8554993687182beaa3e7) Importer(2089858483,192608db42251d675da83286b1cce702) (ScriptedImporter) -> (artifact id: '8d6e1201e391234d14b28b62dd585343') in 0.1006639 seconds
Number of updated asset objects reloaded before import = 0Number of asset objects unloaded after import = 7

========================================================================
Received Import Request.
  Time since last request: 7.547183 seconds.
  path: Assets/3D_Content/floor/Cavity.jpg
  artifactKey: Guid(29fec5221dc3c1347b4065ad7041c00d) Importer(815301076,1909f56bfc062723c751e8b465ee728b)
Start importing Assets/3D_Content/floor/Cavity.jpg using Guid(29fec5221dc3c1347b4065ad7041c00d) Importer(815301076,1909f56bfc062723c751e8b465ee728b) (PreviewImporter) -> (artifact id: 'd5f41f7f2da5e37b574111c879481cac') in 0.0217614 seconds
Number of updated asset objects reloaded before import = 0Number of asset objects unloaded after import = 2

========================================================================
Received Import Request.
  Time since last request: 0.003749 seconds.
  path: Assets/3D_Content/floor/PuddlePuddle_height.jpg
  artifactKey: Guid(36d43360e0d2f15489b2063bf775b5df) Importer(815301076,1909f56bfc062723c751e8b465ee728b)
Start importing Assets/3D_Content/floor/PuddlePuddle_height.jpg using Guid(36d43360e0d2f15489b2063bf775b5df) Importer(815301076,1909f56bfc062723c751e8b465ee728b) (PreviewImporter) -> (artifact id: 'd23ce6867080d0f4f774b2f8eea52143') in 0.0150428 seconds
Number of updated asset objects reloaded before import = 0Number of asset objects unloaded after import = 2

========================================================================
Received Import Request.
  Time since last request: 0.000018 seconds.
  path: Assets/3D_Content/floor/PuddlePuddle_roughness.jpg
  artifactKey: Guid(00b1e36f86e95f449a1cb5263eb00261) Importer(815301076,1909f56bfc062723c751e8b465ee728b)
Start importing Assets/3D_Content/floor/PuddlePuddle_roughness.jpg using Guid(00b1e36f86e95f449a1cb5263eb00261) Importer(815301076,1909f56bfc062723c751e8b465ee728b) (PreviewImporter) -> (artifact id: '7ef16f5014772f396797e220c179472d') in 0.0149519 seconds
Number of updated asset objects reloaded before import = 0Number of asset objects unloaded after import = 2

========================================================================
Received Import Request.
  Time since last request: 0.000026 seconds.
  path: Assets/3D_Content/floor/PuddlePuddle_normal.jpg
  artifactKey: Guid(36bfcce3c04d62b45966de93fdb52c3c) Importer(815301076,1909f56bfc062723c751e8b465ee728b)
Start importing Assets/3D_Content/floor/PuddlePuddle_normal.jpg using Guid(36bfcce3c04d62b45966de93fdb52c3c) Importer(815301076,1909f56bfc062723c751e8b465ee728b) (PreviewImporter) -> (artifact id: '1970fd47ec12c7c029e60112561fa612') in 0.0223239 seconds
Number of updated asset objects reloaded before import = 0Number of asset objects unloaded after import = 2

========================================================================
Received Import Request.
  Time since last request: 0.000021 seconds.
  path: Assets/3D_Content/floor/PuddlePuddle_basecolor.jpg
  artifactKey: Guid(8096c3c5d19d67141816a116ce4cfe7f) Importer(815301076,1909f56bfc062723c751e8b465ee728b)
Start importing Assets/3D_Content/floor/PuddlePuddle_basecolor.jpg using Guid(8096c3c5d19d67141816a116ce4cfe7f) Importer(815301076,1909f56bfc062723c751e8b465ee728b) (PreviewImporter) -> (artifact id: 'd632e274df9065b4bdb570fe2e2b2577') in 0.0128246 seconds
Number of updated asset objects reloaded before import = 0Number of asset objects unloaded after import = 2

========================================================================
Received Import Request.
  Time since last request: 0.946648 seconds.
  path: Assets/3D_Content/floor/PuddlePuddle_height.jpg
  artifactKey: Guid(36d43360e0d2f15489b2063bf775b5df) Importer(2089858483,192608db42251d675da83286b1cce702)
Start importing Assets/3D_Content/floor/PuddlePuddle_height.jpg using Guid(36d43360e0d2f15489b2063bf775b5df) Importer(2089858483,192608db42251d675da83286b1cce702) (ScriptedImporter) -> (artifact id: '8715cdfa77afdfad313725644a618c04') in 0.0349175 seconds
Number of updated asset objects reloaded before import = 0Number of asset objects unloaded after import = 1

========================================================================
Received Import Request.
  Time since last request: 0.000018 seconds.
  path: Assets/3D_Content/floor/Cavity.jpg
  artifactKey: Guid(29fec5221dc3c1347b4065ad7041c00d) Importer(2089858483,192608db42251d675da83286b1cce702)
Start importing Assets/3D_Content/floor/Cavity.jpg using Guid(29fec5221dc3c1347b4065ad7041c00d) Importer(2089858483,192608db42251d675da83286b1cce702) (ScriptedImporter) -> (artifact id: '4fdbdede844783521951c8307f49f444') in 0.0191367 seconds
Number of updated asset objects reloaded before import = 0Number of asset objects unloaded after import = 1

========================================================================
Received Import Request.
  Time since last request: 0.000037 seconds.
  path: Assets/3D_Content/floor/PuddlePuddle_basecolor.jpg
  artifactKey: Guid(8096c3c5d19d67141816a116ce4cfe7f) Importer(2089858483,192608db42251d675da83286b1cce702)
Start importing Assets/3D_Content/floor/PuddlePuddle_basecolor.jpg using Guid(8096c3c5d19d67141816a116ce4cfe7f) Importer(2089858483,192608db42251d675da83286b1cce702) (ScriptedImporter) -> (artifact id: '6cd1176ae906ca4b31d71f6f977b420b') in 0.014866 seconds
Number of updated asset objects reloaded before import = 0Number of asset objects unloaded after import = 1

========================================================================
Received Import Request.
  Time since last request: 0.000026 seconds.
  path: Assets/3D_Content/floor/PuddlePuddle_roughness.jpg
  artifactKey: Guid(00b1e36f86e95f449a1cb5263eb00261) Importer(2089858483,192608db42251d675da83286b1cce702)
Start importing Assets/3D_Content/floor/PuddlePuddle_roughness.jpg using Guid(00b1e36f86e95f449a1cb5263eb00261) Importer(2089858483,192608db42251d675da83286b1cce702) (ScriptedImporter) -> (artifact id: 'a1fea2e35035e1bea353bed19a502bc8') in 0.0188409 seconds
Number of updated asset objects reloaded before import = 0Number of asset objects unloaded after import = 1

========================================================================
Received Import Request.
  Time since last request: 0.000016 seconds.
  path: Assets/3D_Content/floor/PuddlePuddle_AO.jpg
  artifactKey: Guid(3e836c8e17219f243a5811193a276cd7) Importer(2089858483,192608db42251d675da83286b1cce702)
Start importing Assets/3D_Content/floor/PuddlePuddle_AO.jpg using Guid(3e836c8e17219f243a5811193a276cd7) Importer(2089858483,192608db42251d675da83286b1cce702) (ScriptedImporter) -> (artifact id: '6112f8112d6c767bcad295cf3dcbb545') in 0.0154712 seconds
Number of updated asset objects reloaded before import = 0Number of asset objects unloaded after import = 1

Editor requested this worker to shutdown with reason: Scaling down because of idle timeout
AssetImportWorker is now disconnected from the server
Process exiting
Exiting without the bug reporter. Application will terminate with return code 0