[Licensing::Module] Trying to connect to existing licensing client channel...
Built from '6000.2/staging' branch; Version is '6000.2.14f1 (589824c1fc31) revision 5806116'; Using compiler version '194234433'; Build Type 'Release'
OS: 'Windows 11  (10.0.26200) 64bit Professional' Language: 'ru' Physical Memory: 32694 MB
[Licensing::IpcConnector] Successfully connected to: "LicenseClient-ilyah" at "2025-11-30T08:42:01.3155716Z"
BatchMode: 1, IsHumanControllingUs: 0, StartBugReporterOnCrash: 0, Is64bit: 1
Date: 2025-11-30T08:42:01Z

COMMAND LINE ARGUMENTS:
E:\Game_Engines\Unity\6000.2.14f1\Editor\Unity.exe
-adb2
-batchMode
-noUpm
-name
AssetImportWorker2
-projectPath
C:/Users/ilyah/Downloads/3D Education/Winter_university_2025/VR project
-logFile
Logs/AssetImportWorker2.log
-srvPort
50004
-licensingIpc
LicenseClient-ilyah
-job-worker-count
5
-background-job-worker-count
8
-gc-helper-count
1
-name
AssetImport
Successfully changed project path to: C:/Users/ilyah/Downloads/3D Education/Winter_university_2025/VR project
C:/Users/ilyah/Downloads/3D Education/Winter_university_2025/VR project
[UnityMemory] Configuration Parameters - Can be set up in boot.config
    "memorysetup-allocator-temp-initial-block-size-main=262144"
    "memorysetup-allocator-temp-initial-block-size-worker=262144"
    "memorysetup-bucket-allocator-granularity=16"
    "memorysetup-bucket-allocator-bucket-count=8"
    "memorysetup-bucket-allocator-block-size=33554432"
    "memorysetup-bucket-allocator-block-count=8"
    "memorysetup-main-allocator-block-size=16777216"
    "memorysetup-thread-allocator-block-size=16777216"
    "memorysetup-gfx-main-allocator-block-size=16777216"
    "memorysetup-gfx-thread-allocator-block-size=16777216"
    "memorysetup-cache-allocator-block-size=4194304"
    "memorysetup-typetree-allocator-block-size=2097152"
    "memorysetup-profiler-bucket-allocator-granularity=16"
    "memorysetup-profiler-bucket-allocator-bucket-count=8"
    "memorysetup-profiler-bucket-allocator-block-size=33554432"
    "memorysetup-profiler-bucket-allocator-block-count=8"
    "memorysetup-profiler-allocator-block-size=16777216"
    "memorysetup-profiler-editor-allocator-block-size=1048576"
    "memorysetup-temp-allocator-size-main=16777216"
    "memorysetup-job-temp-allocator-block-size=2097152"
    "memorysetup-job-temp-allocator-block-size-background=1048576"
    "memorysetup-job-temp-allocator-reduction-small-platforms=262144"
    "memorysetup-temp-allocator-size-background-worker=32768"
    "memorysetup-temp-allocator-size-job-worker=262144"
    "memorysetup-temp-allocator-size-preload-manager=33554432"
    "memorysetup-temp-allocator-size-nav-mesh-worker=65536"
    "memorysetup-temp-allocator-size-audio-worker=65536"
    "memorysetup-temp-allocator-size-cloud-worker=32768"
    "memorysetup-temp-allocator-size-gi-baking-worker=262144"
    "memorysetup-temp-allocator-size-gi-baking-worker=262144"
    "memorysetup-temp-allocator-size-gi-baking-worker=262144"
    "memorysetup-temp-allocator-size-gi-baking-worker=262144"
    "memorysetup-temp-allocator-size-gi-baking-worker=262144"
    "memorysetup-temp-allocator-size-gfx=262144"
Player connection [3672]  Target information:

Player connection [3672]  * "[IP] 192.168.1.108 [Port] 0 [Flags] 2 [Guid] 1823001784 [EditorId] 1823001784 [Version] 1048832 [Id] WindowsEditor(7,DreamPC228) [Debug] 1 [PackageName] WindowsEditor [ProjectName] Editor" 

Player connection [3672] Host joined multi-casting on [225.0.0.222:54997]...
Player connection [3672] Host joined alternative multi-casting on [225.0.0.222:34997]...
JobSystem: Creating JobQueue using job-worker-count value 5
Input System module state changed to: Initialized.
[Physics::Module] Initialized fallback backend.
[Physics::Module] Id: 0xdecafbad
Library Redirect Path: Library/
[Physics::Module] Selected backend.
[Physics::Module] Name: PhysX
[Physics::Module] Id: 0xf2b8ea05
[Physics::Module] SDK Version: 4.1.2
[Physics::Module] Integration Version: 1.0.0
[Physics::Module] Threading Mode: Multi-Threaded
Refreshing native plugins compatible for Editor in 2.53 ms, found 3 plugins.
Preloading 0 native plugins for Editor in 0.00 ms.
Initialize engine version: 6000.2.14f1 (589824c1fc31)
[Subsystems] Discovering subsystems at path E:/Game_Engines/Unity/6000.2.14f1/Editor/Data/Resources/UnitySubsystems
[Subsystems] Discovering subsystems at path C:/Users/ilyah/Downloads/3D Education/Winter_university_2025/VR project/Assets
GfxDevice: creating device client; kGfxThreadingModeNonThreaded
Direct3D:
    Version:  Direct3D 11.0 [level 11.1]
    Renderer: NVIDIA GeForce RTX 3060 Ti (ID=0x2486)
    Vendor:   NVIDIA
    VRAM:     8024 MB
    Driver:   32.0.15.8157
Initialize mono
Mono path[0] = 'E:/Game_Engines/Unity/6000.2.14f1/Editor/Data/Managed'
Mono path[1] = 'E:/Game_Engines/Unity/6000.2.14f1/Editor/Data/MonoBleedingEdge/lib/mono/unityjit-win32'
Mono config path = 'E:/Game_Engines/Unity/6000.2.14f1/Editor/Data/MonoBleedingEdge/etc'
Using monoOptions --debugger-agent=transport=dt_socket,embedding=1,server=y,suspend=n,address=127.0.0.1:56560
Begin MonoManager ReloadAssembly
Registering precompiled unity dll's ...
Register platform support module: E:/Game_Engines/Unity/6000.2.14f1/Editor/Data/PlaybackEngines/WindowsStandaloneSupport/UnityEditor.WindowsStandalone.Extensions.dll
[Licensing::Module] Licensing is not yet initialized.
[Licensing::Client] Error: HandshakeResponse reported an error:
	ResponseCode: 505
	ResponseStatus: Unsupported protocol version '1.17.4'.
[Licensing::Module] Error: Failed to handshake to channel: "LicenseClient-ilyah"
[Licensing::IpcConnector] LicenseClient-ilyah channel disconnected successfully.
[Licensing::IpcConnector] Successfully connected to: "LicenseClient-ilyah-6000.2.14" at "2025-11-30T08:42:03.4330893Z"
[Licensing::Client] Handshaking with LicensingClient:
  Version:                 1.17.4+4293ba1
  Session Id:              8c3f3fa9c18548b897574ee693068a3f
  Correlation Id:          c3fde666e3bcea61f92e244ada8c0d7a
  External correlation Id: 1729790624750704368
  Machine Id:              hPf3mRwuZ1G1bk9WmOkcoEla88k=
[Licensing::Module] Successfully connected to LicensingClient on channel: "LicenseClient-ilyah-6000.2.14" (connect: 0.00s, validation: 0.00s, handshake: 2.05s)
[Licensing::IpcConnector] Successfully connected to: "LicenseClient-ilyah-6000.2.14-notifications" at "2025-11-30T08:42:05.483409Z"
[Licensing::Module] Licensing Background thread has ended after 4.17s
[Licensing::Module] Licensing is initialized (took 3.47s).
[Licensing::Client] Successfully resolved entitlement details
[Licensing::Module] License group:
  Id: 10170689369165-UnityPersXXXX
  Product: Unity Personal
  Type: Assigned
  Expiration: Unlimited
Register platform support module: E:/Game_Engines/Unity/6000.2.14f1/Editor/Data/PlaybackEngines/MetroSupport/UnityEditor.UWP.Extensions.dll
[Licensing::Client] Successfully resolved entitlement details
Register platform support module: E:/Game_Engines/Unity/6000.2.14f1/Editor/Data/PlaybackEngines/AndroidPlayer/UnityEditor.Android.Extensions.dll
Registered in 3.478503 seconds.
- Loaded All Assemblies, in  3.937 seconds
Native extension for Android target not found
Android Extension - Scanning For ADB Devices 213 ms
Native extension for UWP target not found
Native extension for WindowsStandalone target not found
Mono: successfully reloaded assembly
- Finished resetting the current domain, in  0.553 seconds
Domain Reload Profiling: 4482ms
	BeginReloadAssembly (162ms)
		ExecutionOrderSort (0ms)
		DisableScriptedObjects (0ms)
		BackupInstance (0ms)
		ReleaseScriptingObjects (0ms)
		CreateAndSetChildDomain (1ms)
	RebuildCommonClasses (41ms)
	RebuildNativeTypeToScriptingClass (13ms)
	initialDomainReloadingComplete (3534ms)
	LoadAllAssembliesAndSetupDomain (179ms)
		LoadAssemblies (155ms)
		RebuildTransferFunctionScriptingTraits (0ms)
		AnalyzeDomain (175ms)
			TypeCache.Refresh (173ms)
				TypeCache.ScanAssembly (160ms)
			BuildScriptInfoCaches (0ms)
			ResolveRequiredComponents (0ms)
	FinalizeReload (553ms)
		ReleaseScriptCaches (0ms)
		RebuildScriptCaches (0ms)
		SetupLoadedEditorAssemblies (521ms)
			LogAssemblyErrors (0ms)
			InitializePlatformSupportModulesInManaged (305ms)
			SetLoadedEditorAssemblies (3ms)
			BeforeProcessingInitializeOnLoad (57ms)
			ProcessInitializeOnLoadAttributes (107ms)
			ProcessInitializeOnLoadMethodAttributes (49ms)
			AfterProcessingInitializeOnLoad (0ms)
			EditorAssembliesLoaded (0ms)
		ExecutionOrderSort2 (0ms)
		AwakeInstancesAfterBackupRestoration (0ms)
========================================================================
Worker process is ready to serve import requests
Import Worker Mode flag is 0x00
Begin MonoManager ReloadAssembly
[Licensing::Client] Successfully resolved entitlement details
- Loaded All Assemblies, in  0.758 seconds
Refreshing native plugins compatible for Editor in 0.98 ms, found 3 plugins.
Native extension for Android target not found
Native extension for UWP target not found
Native extension for WindowsStandalone target not found
Package Manager log level set to [2]
[Package Manager] Failed to launch server process. Reason: Unity was launched with the -noUpm command-line argument
[Package Manager] Unable to send message (not connected to server process).
[Package Manager] Cannot connect to Unity Package Manager local server
Mono: successfully reloaded assembly
- Finished resetting the current domain, in  0.554 seconds
Domain Reload Profiling: 1303ms
	BeginReloadAssembly (209ms)
		ExecutionOrderSort (0ms)
		DisableScriptedObjects (6ms)
		BackupInstance (0ms)
		ReleaseScriptingObjects (0ms)
		CreateAndSetChildDomain (30ms)
	RebuildCommonClasses (40ms)
	RebuildNativeTypeToScriptingClass (13ms)
	initialDomainReloadingComplete (45ms)
	LoadAllAssembliesAndSetupDomain (442ms)
		LoadAssemblies (366ms)
		RebuildTransferFunctionScriptingTraits (0ms)
		AnalyzeDomain (200ms)
			TypeCache.Refresh (161ms)
				TypeCache.ScanAssembly (148ms)
			BuildScriptInfoCaches (31ms)
			ResolveRequiredComponents (5ms)
	FinalizeReload (554ms)
		ReleaseScriptCaches (0ms)
		RebuildScriptCaches (0ms)
		SetupLoadedEditorAssemblies (446ms)
			LogAssemblyErrors (0ms)
			InitializePlatformSupportModulesInManaged (12ms)
			SetLoadedEditorAssemblies (4ms)
			BeforeProcessingInitializeOnLoad (105ms)
			ProcessInitializeOnLoadAttributes (286ms)
			ProcessInitializeOnLoadMethodAttributes (25ms)
			AfterProcessingInitializeOnLoad (14ms)
			EditorAssembliesLoaded (0ms)
		ExecutionOrderSort2 (0ms)
		AwakeInstancesAfterBackupRestoration (5ms)
Launched and connected shader compiler UnityShaderCompiler.exe after 0.01 seconds
Refreshing native plugins compatible for Editor in 1.54 ms, found 3 plugins.
Preloading 0 native plugins for Editor in 0.00 ms.
Unloading 0 Unused Serialized files (Serialized files now loaded: 0)
Unloading 3858 unused Assets / (0.9 MB). Loaded Objects now: 4374.
Memory consumption went from 95.3 MB to 94.4 MB.
Total: 6.969200 ms (FindLiveObjects: 0.637800 ms CreateObjectMapping: 0.260800 ms MarkObjects: 4.809200 ms  DeleteObjects: 1.259800 ms)

========================================================================
Received Import Request.
  Time since last request: 150254.970248 seconds.
  path: Assets/3D_Content/Tools_Table
  artifactKey: Guid(16153b8742ebd634db0fd6f83257c59e) Importer(2089858483,192608db42251d675da83286b1cce702)
Start importing Assets/3D_Content/Tools_Table using Guid(16153b8742ebd634db0fd6f83257c59e) Importer(2089858483,192608db42251d675da83286b1cce702) (ScriptedImporter) -> (artifact id: '3afb8f433f6042dc13e35de56b141e1a') in 0.062597 seconds
Number of updated asset objects reloaded before import = 0Number of asset objects unloaded after import = 1

========================================================================
Received Import Request.
  Time since last request: 13.141005 seconds.
  path: Assets/3D_Content/Tools_Table/Mechanical table.fbx
  artifactKey: Guid(98d96772663eb224db33ea55df58d577) Importer(815301076,1909f56bfc062723c751e8b465ee728b)
Start importing Assets/3D_Content/Tools_Table/Mechanical table.fbx using Guid(98d96772663eb224db33ea55df58d577) Importer(815301076,1909f56bfc062723c751e8b465ee728b) (PreviewImporter) -> (artifact id: '57d7f40481ec13c4493ca56b2420b460') in 0.1312831 seconds
Number of updated asset objects reloaded before import = 0Number of asset objects unloaded after import = 7

========================================================================
Received Import Request.
  Time since last request: 0.857047 seconds.
  path: Assets/3D_Content/Tools_Table/Mechanical table.fbx
  artifactKey: Guid(98d96772663eb224db33ea55df58d577) Importer(2089858483,192608db42251d675da83286b1cce702)
Start importing Assets/3D_Content/Tools_Table/Mechanical table.fbx using Guid(98d96772663eb224db33ea55df58d577) Importer(2089858483,192608db42251d675da83286b1cce702) (ScriptedImporter) -> (artifact id: 'ce4ea04a95d058ab5a5e5e2345592caa') in 0.0960417 seconds
Number of updated asset objects reloaded before import = 0Number of asset objects unloaded after import = 7

========================================================================
Received Import Request.
  Time since last request: 204.466199 seconds.
  path: Assets/3D_Content/heap_constr/brick-heap-x.fbx
  artifactKey: Guid(e7237692229af064ca614162f88de90e) Importer(815301076,1909f56bfc062723c751e8b465ee728b)
Start importing Assets/3D_Content/heap_constr/brick-heap-x.fbx using Guid(e7237692229af064ca614162f88de90e) Importer(815301076,1909f56bfc062723c751e8b465ee728b) (PreviewImporter) -> (artifact id: '95056bb3570491bed71046fe10e71492') in 0.0776245 seconds
Number of updated asset objects reloaded before import = 0Number of asset objects unloaded after import = 9

========================================================================
Received Import Request.
  Time since last request: 447.869498 seconds.
  path: Assets/3D_Content/Tools_Table/Constr_Table.fbx
  artifactKey: Guid(971f6aee4d368bd409f3661f9e9794da) Importer(815301076,1909f56bfc062723c751e8b465ee728b)
Start importing Assets/3D_Content/Tools_Table/Constr_Table.fbx using Guid(971f6aee4d368bd409f3661f9e9794da) Importer(815301076,1909f56bfc062723c751e8b465ee728b) (PreviewImporter) -> (artifact id: '40ecf541e33e8bfde6db1bae9d54734c') in 0.0435079 seconds
Number of updated asset objects reloaded before import = 0Number of asset objects unloaded after import = 18

========================================================================
Received Import Request.
  Time since last request: 0.940320 seconds.
  path: Assets/3D_Content/Tools_Table/Constr_Table.fbx
  artifactKey: Guid(971f6aee4d368bd409f3661f9e9794da) Importer(2089858483,192608db42251d675da83286b1cce702)
Start importing Assets/3D_Content/Tools_Table/Constr_Table.fbx using Guid(971f6aee4d368bd409f3661f9e9794da) Importer(2089858483,192608db42251d675da83286b1cce702) (ScriptedImporter) -> (artifact id: '6a0408348c1499397d025febbdbf6d80') in 0.035636 seconds
Number of updated asset objects reloaded before import = 0Number of asset objects unloaded after import = 18

========================================================================
Received Import Request.
  Time since last request: 194.785673 seconds.
  path: Assets/3D_Content/Tools_Table/Constr_Table.glb
  artifactKey: Guid(0855e5ad3c505624aa7fdc1a03c9628b) Importer(2089858483,192608db42251d675da83286b1cce702)
Start importing Assets/3D_Content/Tools_Table/Constr_Table.glb using Guid(0855e5ad3c505624aa7fdc1a03c9628b) Importer(2089858483,192608db42251d675da83286b1cce702) (ScriptedImporter) -> (artifact id: '11d18f81a497f64b5cb9476b7f3b1851') in 0.0133359 seconds
Number of updated asset objects reloaded before import = 0Number of asset objects unloaded after import = 1

========================================================================
Received Import Request.
  Time since last request: 55.748174 seconds.
  path: Assets/3D_Content/Tools_Table/Constr_Table.fbx
  artifactKey: Guid(971f6aee4d368bd409f3661f9e9794da) Importer(815301076,1909f56bfc062723c751e8b465ee728b)
Start importing Assets/3D_Content/Tools_Table/Constr_Table.fbx using Guid(971f6aee4d368bd409f3661f9e9794da) Importer(815301076,1909f56bfc062723c751e8b465ee728b) (PreviewImporter) -> (artifact id: '8e390acd12a294423c375773408fde80') in 0.0665361 seconds
Number of updated asset objects reloaded before import = 0Number of asset objects unloaded after import = 18

========================================================================
Received Import Request.
  Time since last request: 0.891872 seconds.
  path: Assets/3D_Content/Tools_Table/Constr_Table.fbx
  artifactKey: Guid(971f6aee4d368bd409f3661f9e9794da) Importer(2089858483,192608db42251d675da83286b1cce702)
Start importing Assets/3D_Content/Tools_Table/Constr_Table.fbx using Guid(971f6aee4d368bd409f3661f9e9794da) Importer(2089858483,192608db42251d675da83286b1cce702) (ScriptedImporter) -> (artifact id: '82981f1c6117f5c329b978ff01dade22') in 0.0245236 seconds
Number of updated asset objects reloaded before import = 0Number of asset objects unloaded after import = 18

========================================================================
Received Import Request.
  Time since last request: 291.846267 seconds.
  path: Assets/3D_Content/Tools_Table/Table_Tex
  artifactKey: Guid(40c9800299d0a6c4b873a138290c19e6) Importer(2089858483,192608db42251d675da83286b1cce702)
Start importing Assets/3D_Content/Tools_Table/Table_Tex using Guid(40c9800299d0a6c4b873a138290c19e6) Importer(2089858483,192608db42251d675da83286b1cce702) (ScriptedImporter) -> (artifact id: '50f77e3d357f429b4c2094c58fb197ab') in 0.0116793 seconds
Number of updated asset objects reloaded before import = 0Number of asset objects unloaded after import = 1

========================================================================
Received Import Request.
  Time since last request: 30.929694 seconds.
  path: Assets/3D_Content/Tools_Table/Constr_Table.fbx
  artifactKey: Guid(971f6aee4d368bd409f3661f9e9794da) Importer(815301076,1909f56bfc062723c751e8b465ee728b)
Start importing Assets/3D_Content/Tools_Table/Constr_Table.fbx using Guid(971f6aee4d368bd409f3661f9e9794da) Importer(815301076,1909f56bfc062723c751e8b465ee728b) (PreviewImporter) -> (artifact id: '889fd039d32608a5c0b508af7c1af5a1') in 0.0447896 seconds
Number of updated asset objects reloaded before import = 0Number of asset objects unloaded after import = 20

========================================================================
Received Import Request.
  Time since last request: 0.935886 seconds.
  path: Assets/3D_Content/Tools_Table/Table_Tex/Scene_-_Root_baseColor.png
  artifactKey: Guid(2b8786a61feb0844fb10aac13672f32e) Importer(2089858483,192608db42251d675da83286b1cce702)
Start importing Assets/3D_Content/Tools_Table/Table_Tex/Scene_-_Root_baseColor.png using Guid(2b8786a61feb0844fb10aac13672f32e) Importer(2089858483,192608db42251d675da83286b1cce702) (ScriptedImporter)[Licensing::Client] Successfully resolved entitlement details
[Licensing::Client] Successfully resolved entitlement details
 -> (artifact id: '921b9c3835d8664402f7a24e3580d377') in 0.0545897 seconds
Number of updated asset objects reloaded before import = 0Number of asset objects unloaded after import = 1

========================================================================
Received Import Request.
  Time since last request: 0.716722 seconds.
  path: Assets/3D_Content/Tools_Table/Constr_Table.fbx
  artifactKey: Guid(971f6aee4d368bd409f3661f9e9794da) Importer(815301076,1909f56bfc062723c751e8b465ee728b)
Start importing Assets/3D_Content/Tools_Table/Constr_Table.fbx using Guid(971f6aee4d368bd409f3661f9e9794da) Importer(815301076,1909f56bfc062723c751e8b465ee728b) (PreviewImporter) -> (artifact id: 'c3280a1dbf27e53c4b59332ff068ca5c') in 0.0869864 seconds
Number of updated asset objects reloaded before import = 0Number of asset objects unloaded after import = 20

========================================================================
Received Import Request.
  Time since last request: 174.348749 seconds.
  path: Assets/Scenes/Construction_Site_Final.unity
  artifactKey: Guid(c11aca42584ea5643b700d3f134ffeec) Importer(2089858483,192608db42251d675da83286b1cce702)
Start importing Assets/Scenes/Construction_Site_Final.unity using Guid(c11aca42584ea5643b700d3f134ffeec) Importer(2089858483,192608db42251d675da83286b1cce702) (ScriptedImporter) -> (artifact id: '37cc1ace916cc08db6da6bb71c982c65') in 0.0156415 seconds
Number of updated asset objects reloaded before import = 0Number of asset objects unloaded after import = 1

========================================================================
Received Import Request.
  Time since last request: 979.206829 seconds.
  path: Assets/3D_Content/Trowel
  artifactKey: Guid(3ca93fd0a89db76478316079eefc530d) Importer(2089858483,192608db42251d675da83286b1cce702)
Start importing Assets/3D_Content/Trowel using Guid(3ca93fd0a89db76478316079eefc530d) Importer(2089858483,192608db42251d675da83286b1cce702) (ScriptedImporter) -> (artifact id: 'f0f5b0f93256d48ff55b888bcedc3380') in 0.0133975 seconds
Number of updated asset objects reloaded before import = 0Number of asset objects unloaded after import = 1

========================================================================
Received Import Request.
  Time since last request: 8.241318 seconds.
  path: Assets/3D_Content/Trowel/Trowel.fbx
  artifactKey: Guid(4a2f7581093ba254fab170d713a26e50) Importer(815301076,1909f56bfc062723c751e8b465ee728b)
Start importing Assets/3D_Content/Trowel/Trowel.fbx using Guid(4a2f7581093ba254fab170d713a26e50) Importer(815301076,1909f56bfc062723c751e8b465ee728b) (PreviewImporter) -> (artifact id: 'f764a590e4b394e3fe7ca26be45afb85') in 0.0498603 seconds
Number of updated asset objects reloaded before import = 0Number of asset objects unloaded after import = 12

========================================================================
Received Import Request.
  Time since last request: 0.929645 seconds.
  path: Assets/3D_Content/Trowel/Trowel.fbx
  artifactKey: Guid(4a2f7581093ba254fab170d713a26e50) Importer(2089858483,192608db42251d675da83286b1cce702)
Start importing Assets/3D_Content/Trowel/Trowel.fbx using Guid(4a2f7581093ba254fab170d713a26e50) Importer(2089858483,192608db42251d675da83286b1cce702) (ScriptedImporter) -> (artifact id: 'b3d060187759319d99a91159c0155ecb') in 0.0271849 seconds
Number of updated asset objects reloaded before import = 0Number of asset objects unloaded after import = 12

========================================================================
Received Import Request.
  Time since last request: 16.085510 seconds.
  path: Assets/3D_Content/Trowel/TR_Tex
  artifactKey: Guid(44a8327bff39ef844860de609a2eb5a1) Importer(2089858483,192608db42251d675da83286b1cce702)
Start importing Assets/3D_Content/Trowel/TR_Tex using Guid(44a8327bff39ef844860de609a2eb5a1) Importer(2089858483,192608db42251d675da83286b1cce702) (ScriptedImporter) -> (artifact id: '159ff8dd0a34f378307c000a1b2c166d') in 0.0114707 seconds
Number of updated asset objects reloaded before import = 0Number of asset objects unloaded after import = 1

========================================================================
Received Import Request.
  Time since last request: 20.392420 seconds.
  path: Assets/3D_Content/Tools_Table/Constr_Table.fbx
  artifactKey: Guid(971f6aee4d368bd409f3661f9e9794da) Importer(815301076,1909f56bfc062723c751e8b465ee728b)
Start importing Assets/3D_Content/Tools_Table/Constr_Table.fbx using Guid(971f6aee4d368bd409f3661f9e9794da) Importer(815301076,1909f56bfc062723c751e8b465ee728b) (PreviewImporter) -> (artifact id: '068f8a4d660b7d4fb426d73d66e97701') in 0.0748069 seconds
Number of updated asset objects reloaded before import = 0Number of asset objects unloaded after import = 20

========================================================================
Received Import Request.
  Time since last request: 0.869021 seconds.
  path: Assets/3D_Content/Trowel/TR_Tex/Scene_-_Root_baseColor.png
  artifactKey: Guid(3cfc0075e8546994f8e518f0f4b0fcbf) Importer(2089858483,192608db42251d675da83286b1cce702)
Start importing Assets/3D_Content/Trowel/TR_Tex/Scene_-_Root_baseColor.png using Guid(3cfc0075e8546994f8e518f0f4b0fcbf) Importer(2089858483,192608db42251d675da83286b1cce702) (ScriptedImporter) -> (artifact id: 'efde10fad312d0e65fba65916bf4cbe0') in 0.0212221 seconds
Number of updated asset objects reloaded before import = 0Number of asset objects unloaded after import = 1

========================================================================
Received Import Request.
  Time since last request: 1.056631 seconds.
  path: Assets/3D_Content/Tools_Table/Constr_Table.fbx
  artifactKey: Guid(971f6aee4d368bd409f3661f9e9794da) Importer(815301076,1909f56bfc062723c751e8b465ee728b)
Start importing Assets/3D_Content/Tools_Table/Constr_Table.fbx using Guid(971f6aee4d368bd409f3661f9e9794da) Importer(815301076,1909f56bfc062723c751e8b465ee728b) (PreviewImporter) -> (artifact id: '3d054ebf087a14730e308de88797cf33') in 0.0877327 seconds
Number of updated asset objects reloaded before import = 0Number of asset objects unloaded after import = 20

========================================================================
Received Import Request.
  Time since last request: 25.903577 seconds.
  path: Assets/3D_Content/Trowel/TR_Tex/Scene_-_Root_baseColor.png
  artifactKey: Guid(3cfc0075e8546994f8e518f0f4b0fcbf) Importer(815301076,1909f56bfc062723c751e8b465ee728b)
Start importing Assets/3D_Content/Trowel/TR_Tex/Scene_-_Root_baseColor.png using Guid(3cfc0075e8546994f8e518f0f4b0fcbf) Importer(815301076,1909f56bfc062723c751e8b465ee728b) (PreviewImporter) -> (artifact id: 'e830718f32120580dbd1a5b2ed962043') in 0.0239079 seconds
Number of updated asset objects reloaded before import = 0Number of asset objects unloaded after import = 2

========================================================================
Received Import Request.
  Time since last request: 10.400758 seconds.
  path: Assets/3D_Content/Tools_Table/Constr_Table.fbx
  artifactKey: Guid(971f6aee4d368bd409f3661f9e9794da) Importer(815301076,1909f56bfc062723c751e8b465ee728b)
Start importing Assets/3D_Content/Tools_Table/Constr_Table.fbx using Guid(971f6aee4d368bd409f3661f9e9794da) Importer(815301076,1909f56bfc062723c751e8b465ee728b) (PreviewImporter) -> (artifact id: '69233f486ba89e76c6fadb2d4e8e1a82') in 0.0633669 seconds
Number of updated asset objects reloaded before import = 0Number of asset objects unloaded after import = 20

========================================================================
Received Import Request.
  Time since last request: 0.885346 seconds.
  path: Assets/3D_Content/Trowel/TR_Tex/Scene_-_Root_baseColor 1.png
  artifactKey: Guid(a54d78bd0b6f01943b13e9dc8aff3889) Importer(2089858483,192608db42251d675da83286b1cce702)
Start importing Assets/3D_Content/Trowel/TR_Tex/Scene_-_Root_baseColor 1.png using Guid(a54d78bd0b6f01943b13e9dc8aff3889) Importer(2089858483,192608db42251d675da83286b1cce702) (ScriptedImporter) -> (artifact id: '4ee07d326c14094a937117db32d86773') in 0.0215942 seconds
Number of updated asset objects reloaded before import = 0Number of asset objects unloaded after import = 1

========================================================================
Received Import Request.
  Time since last request: 1.257841 seconds.
  path: Assets/3D_Content/Tools_Table/Constr_Table.fbx
  artifactKey: Guid(971f6aee4d368bd409f3661f9e9794da) Importer(815301076,1909f56bfc062723c751e8b465ee728b)
Start importing Assets/3D_Content/Tools_Table/Constr_Table.fbx using Guid(971f6aee4d368bd409f3661f9e9794da) Importer(815301076,1909f56bfc062723c751e8b465ee728b) (PreviewImporter) -> (artifact id: '6da158f4ebe60cd16a8245bd90b592df') in 0.0597615 seconds
Number of updated asset objects reloaded before import = 0Number of asset objects unloaded after import = 20

========================================================================
Received Import Request.
  Time since last request: 15.762257 seconds.
  path: Assets/3D_Content/Trowel/TR_Mat.mat
  artifactKey: Guid(f2bb30c2ed9aadc41a732004f054b0f3) Importer(815301076,1909f56bfc062723c751e8b465ee728b)
Start importing Assets/3D_Content/Trowel/TR_Mat.mat using Guid(f2bb30c2ed9aadc41a732004f054b0f3) Importer(815301076,1909f56bfc062723c751e8b465ee728b) (PreviewImporter) -> (artifact id: 'c1e1ced6935836af5103e0ca38daeafc') in 0.0261714 seconds
Number of updated asset objects reloaded before import = 0Number of asset objects unloaded after import = 1

========================================================================
Received Import Request.
  Time since last request: 0.967447 seconds.
  path: Assets/3D_Content/Trowel/TR_Mat.mat
  artifactKey: Guid(f2bb30c2ed9aadc41a732004f054b0f3) Importer(2089858483,192608db42251d675da83286b1cce702)
Start importing Assets/3D_Content/Trowel/TR_Mat.mat using Guid(f2bb30c2ed9aadc41a732004f054b0f3) Importer(2089858483,192608db42251d675da83286b1cce702) (ScriptedImporter) -> (artifact id: '35720a2cd0563fed07c1790efd64f56f') in 0.0133643 seconds
Number of updated asset objects reloaded before import = 0Number of asset objects unloaded after import = 1

========================================================================
Received Import Request.
  Time since last request: 5.801986 seconds.
  path: Assets/3D_Content/Trowel/TR_Tex/Scene_-_Root_baseColor 1.png
  artifactKey: Guid(a54d78bd0b6f01943b13e9dc8aff3889) Importer(815301076,1909f56bfc062723c751e8b465ee728b)
Start importing Assets/3D_Content/Trowel/TR_Tex/Scene_-_Root_baseColor 1.png using Guid(a54d78bd0b6f01943b13e9dc8aff3889) Importer(815301076,1909f56bfc062723c751e8b465ee728b) (PreviewImporter) -> (artifact id: '825d34bde27f62154b3d02f5b8b97049') in 0.0198719 seconds
Number of updated asset objects reloaded before import = 0Number of asset objects unloaded after import = 2

========================================================================
Received Import Request.
  Time since last request: 84.455893 seconds.
  path: Assets/3D_Content/Tools_Table/Constr_Table.fbx
  artifactKey: Guid(971f6aee4d368bd409f3661f9e9794da) Importer(815301076,1909f56bfc062723c751e8b465ee728b)
Start importing Assets/3D_Content/Tools_Table/Constr_Table.fbx using Guid(971f6aee4d368bd409f3661f9e9794da) Importer(815301076,1909f56bfc062723c751e8b465ee728b) (PreviewImporter) -> (artifact id: '9e86f6094ca1a6bc30ebaaf63c55a65a') in 0.0432516 seconds
Number of updated asset objects reloaded before import = 0Number of asset objects unloaded after import = 19

========================================================================
Received Import Request.
  Time since last request: 0.929052 seconds.
  path: Assets/3D_Content/Tools_Table/Table_Tex/Scene_-_Root_baseColor.png
  artifactKey: Guid(2b8786a61feb0844fb10aac13672f32e) Importer(815301076,1909f56bfc062723c751e8b465ee728b)
Start importing Assets/3D_Content/Tools_Table/Table_Tex/Scene_-_Root_baseColor.png using Guid(2b8786a61feb0844fb10aac13672f32e) Importer(815301076,1909f56bfc062723c751e8b465ee728b) (PreviewImporter) -> (artifact id: 'b2eaee144ee706d3874a9c45f4dc3a80') in 0.0192793 seconds
Number of updated asset objects reloaded before import = 0Number of asset objects unloaded after import = 2

========================================================================
Received Import Request.
  Time since last request: 34.225109 seconds.
  path: Assets/3D_Content/Tools_Table/Table_Tex/Table_Mat.mat
  artifactKey: Guid(24f18a95d5e621a449b8d6aa68578445) Importer(815301076,1909f56bfc062723c751e8b465ee728b)
Start importing Assets/3D_Content/Tools_Table/Table_Tex/Table_Mat.mat using Guid(24f18a95d5e621a449b8d6aa68578445) Importer(815301076,1909f56bfc062723c751e8b465ee728b) (PreviewImporter) -> (artifact id: '7e3b584711bc484f8ca82797e787e0a7') in 0.0145375 seconds
Number of updated asset objects reloaded before import = 0Number of asset objects unloaded after import = 1

========================================================================
Received Import Request.
  Time since last request: 0.957099 seconds.
  path: Assets/3D_Content/Tools_Table/Table_Tex/Table_Mat.mat
  artifactKey: Guid(24f18a95d5e621a449b8d6aa68578445) Importer(2089858483,192608db42251d675da83286b1cce702)
Start importing Assets/3D_Content/Tools_Table/Table_Tex/Table_Mat.mat using Guid(24f18a95d5e621a449b8d6aa68578445) Importer(2089858483,192608db42251d675da83286b1cce702) (ScriptedImporter) -> (artifact id: '86651cd7baceb944e55695dc677709bc') in 0.0134447 seconds
Number of updated asset objects reloaded before import = 0Number of asset objects unloaded after import = 1

========================================================================
Received Import Request.
  Time since last request: 37.683687 seconds.
  path: Assets/3D_Content/Tools_Table/Table_Mat.mat
  artifactKey: Guid(24f18a95d5e621a449b8d6aa68578445) Importer(815301076,1909f56bfc062723c751e8b465ee728b)
Start importing Assets/3D_Content/Tools_Table/Table_Mat.mat using Guid(24f18a95d5e621a449b8d6aa68578445) Importer(815301076,1909f56bfc062723c751e8b465ee728b) (PreviewImporter) -> (artifact id: '317a08f015d1e85c3f095fde8dc2c0ff') in 0.0228436 seconds
Number of updated asset objects reloaded before import = 0Number of asset objects unloaded after import = 3

========================================================================
Received Import Request.
  Time since last request: 0.447113 seconds.
  path: Assets/3D_Content/Tools_Table/Table_Mat.mat
  artifactKey: Guid(24f18a95d5e621a449b8d6aa68578445) Importer(2089858483,192608db42251d675da83286b1cce702)
Start importing Assets/3D_Content/Tools_Table/Table_Mat.mat using Guid(24f18a95d5e621a449b8d6aa68578445) Importer(2089858483,192608db42251d675da83286b1cce702) (ScriptedImporter) -> (artifact id: '5f7fdb65e063b29a6a0a7074ee269ee6') in 0.0180681 seconds
Number of updated asset objects reloaded before import = 0Number of asset objects unloaded after import = 3

========================================================================
Received Import Request.
  Time since last request: 27.842043 seconds.
  path: Assets/3D_Content/Tools_Table/Constr_Table.fbx
  artifactKey: Guid(971f6aee4d368bd409f3661f9e9794da) Importer(815301076,1909f56bfc062723c751e8b465ee728b)
Start importing Assets/3D_Content/Tools_Table/Constr_Table.fbx using Guid(971f6aee4d368bd409f3661f9e9794da) Importer(815301076,1909f56bfc062723c751e8b465ee728b) (PreviewImporter) -> (artifact id: '624bba4f8e23d418695b9f4fac075288') in 0.0421512 seconds
Number of updated asset objects reloaded before import = 0Number of asset objects unloaded after import = 18

========================================================================
Received Import Request.
  Time since last request: 17.220348 seconds.
  path: Assets/3D_Content/Trowel/Trowel.fbx
  artifactKey: Guid(4a2f7581093ba254fab170d713a26e50) Importer(815301076,1909f56bfc062723c751e8b465ee728b)
Start importing Assets/3D_Content/Trowel/Trowel.fbx using Guid(4a2f7581093ba254fab170d713a26e50) Importer(815301076,1909f56bfc062723c751e8b465ee728b) (PreviewImporter) -> (artifact id: 'fa72f8f1a97b8c0de75a6eb59ff6596f') in 0.0737096 seconds
Number of updated asset objects reloaded before import = 0Number of asset objects unloaded after import = 16

========================================================================
Received Import Request.
  Time since last request: 0.904098 seconds.
  path: Assets/3D_Content/Trowel/TR_Tex/Material_baseColor.jpeg
  artifactKey: Guid(7096e3e2b50f474499c16efd5ed5b17f) Importer(2089858483,192608db42251d675da83286b1cce702)
Start importing Assets/3D_Content/Trowel/TR_Tex/Material_baseColor.jpeg using Guid(7096e3e2b50f474499c16efd5ed5b17f) Importer(2089858483,192608db42251d675da83286b1cce702) (ScriptedImporter) -> (artifact id: 'da7ef685a08a807eca50d69e0165ba7f') in 0.0203814 seconds
Number of updated asset objects reloaded before import = 0Number of asset objects unloaded after import = 1

========================================================================
Received Import Request.
  Time since last request: 0.000170 seconds.
  path: Assets/3D_Content/Trowel/TR_Tex/Material.001_baseColor.jpeg
  artifactKey: Guid(09ddf4ea1f5a7a146a2635d6ecec2479) Importer(2089858483,192608db42251d675da83286b1cce702)
Start importing Assets/3D_Content/Trowel/TR_Tex/Material.001_baseColor.jpeg using Guid(09ddf4ea1f5a7a146a2635d6ecec2479) Importer(2089858483,192608db42251d675da83286b1cce702) (ScriptedImporter) -> (artifact id: 'b986a145a03d68684cbca9862decf17b') in 0.0204738 seconds
Number of updated asset objects reloaded before import = 0Number of asset objects unloaded after import = 1

========================================================================
Received Import Request.
  Time since last request: 8.170779 seconds.
  path: Assets/3D_Content/Trowel/TR_Tex
  artifactKey: Guid(44a8327bff39ef844860de609a2eb5a1) Importer(815301076,1909f56bfc062723c751e8b465ee728b)
Start importing Assets/3D_Content/Trowel/TR_Tex using Guid(44a8327bff39ef844860de609a2eb5a1) Importer(815301076,1909f56bfc062723c751e8b465ee728b) (PreviewImporter) -> (artifact id: 'a302d9e00519378f40b847c28137b6f9') in 0.0004997 seconds
Number of updated asset objects reloaded before import = 0Number of asset objects unloaded after import = 0

========================================================================
Received Import Request.
  Time since last request: 3.730779 seconds.
  path: Assets/3D_Content/Tools_Table
  artifactKey: Guid(16153b8742ebd634db0fd6f83257c59e) Importer(815301076,1909f56bfc062723c751e8b465ee728b)
Start importing Assets/3D_Content/Tools_Table using Guid(16153b8742ebd634db0fd6f83257c59e) Importer(815301076,1909f56bfc062723c751e8b465ee728b) (PreviewImporter) -> (artifact id: '6014f838437be485c3905372f700b8bd') in 0.0005937 seconds
Number of updated asset objects reloaded before import = 0Number of asset objects unloaded after import = 0

========================================================================
Received Import Request.
  Time since last request: 4.453582 seconds.
  path: Assets/3D_Content/Tools_Table/Table_Tex
  artifactKey: Guid(40c9800299d0a6c4b873a138290c19e6) Importer(815301076,1909f56bfc062723c751e8b465ee728b)
Start importing Assets/3D_Content/Tools_Table/Table_Tex using Guid(40c9800299d0a6c4b873a138290c19e6) Importer(815301076,1909f56bfc062723c751e8b465ee728b) (PreviewImporter) -> (artifact id: '0bc2595904899947ecbe609bc3bdf580') in 0.0005305 seconds
Number of updated asset objects reloaded before import = 0Number of asset objects unloaded after import = 0

========================================================================
Received Import Request.
  Time since last request: 10.968310 seconds.
  path: Assets/3D_Content/Tools_Table/Constr_Table.fbx
  artifactKey: Guid(971f6aee4d368bd409f3661f9e9794da) Importer(815301076,1909f56bfc062723c751e8b465ee728b)
Start importing Assets/3D_Content/Tools_Table/Constr_Table.fbx using Guid(971f6aee4d368bd409f3661f9e9794da) Importer(815301076,1909f56bfc062723c751e8b465ee728b) (PreviewImporter) -> (artifact id: 'da595737d95db42c926da4be3945ce26') in 0.0623308 seconds
Number of updated asset objects reloaded before import = 0Number of asset objects unloaded after import = 20

========================================================================
Received Import Request.
  Time since last request: 0.915919 seconds.
  path: Assets/3D_Content/Tools_Table/Table_Tex/Scene_-_Root_baseColor.png
  artifactKey: Guid(836d6902a4d0d8e4d92957e6f40ff08f) Importer(2089858483,192608db42251d675da83286b1cce702)
Start importing Assets/3D_Content/Tools_Table/Table_Tex/Scene_-_Root_baseColor.png using Guid(836d6902a4d0d8e4d92957e6f40ff08f) Importer(2089858483,192608db42251d675da83286b1cce702) (ScriptedImporter) -> (artifact id: '90c1768f9cb1ddf116722bd6fbac3c50') in 0.0212684 seconds
Number of updated asset objects reloaded before import = 0Number of asset objects unloaded after import = 1

========================================================================
Received Import Request.
  Time since last request: 0.590061 seconds.
  path: Assets/3D_Content/Tools_Table/Constr_Table.fbx
  artifactKey: Guid(971f6aee4d368bd409f3661f9e9794da) Importer(815301076,1909f56bfc062723c751e8b465ee728b)
Start importing Assets/3D_Content/Tools_Table/Constr_Table.fbx using Guid(971f6aee4d368bd409f3661f9e9794da) Importer(815301076,1909f56bfc062723c751e8b465ee728b) (PreviewImporter) -> (artifact id: 'd37708dbfc7bb071f19317dd9d473daf') in 0.0740761 seconds
Number of updated asset objects reloaded before import = 0Number of asset objects unloaded after import = 20

========================================================================
Received Import Request.
  Time since last request: 9.486789 seconds.
  path: Assets/3D_Content/Tools_Table/Table_Tex/Scene_-_Root_normal.png
  artifactKey: Guid(96cef5bd68312c944b4b81e687a3b1ca) Importer(2089858483,192608db42251d675da83286b1cce702)
Start importing Assets/3D_Content/Tools_Table/Table_Tex/Scene_-_Root_normal.png using Guid(96cef5bd68312c944b4b81e687a3b1ca) Importer(2089858483,192608db42251d675da83286b1cce702) (ScriptedImporter) -> (artifact id: 'f1159eb1bc1f3690ede2eac636bcdca3') in 0.0208701 seconds
Number of updated asset objects reloaded before import = 0Number of asset objects unloaded after import = 1

========================================================================
Received Import Request.
  Time since last request: 21.783245 seconds.
  path: Assets/Scenes/Construction_Site_Final.unity
  artifactKey: Guid(c11aca42584ea5643b700d3f134ffeec) Importer(2089858483,192608db42251d675da83286b1cce702)
Start importing Assets/Scenes/Construction_Site_Final.unity using Guid(c11aca42584ea5643b700d3f134ffeec) Importer(2089858483,192608db42251d675da83286b1cce702) (ScriptedImporter) -> (artifact id: 'bbf0e7e32ba304766c297b8f0303c47d') in 0.0205968 seconds
Number of updated asset objects reloaded before import = 0Number of asset objects unloaded after import = 1

========================================================================
Received Import Request.
  Time since last request: 7.457944 seconds.
  path: Assets/Scenes/Construction_Site_Final.unity
  artifactKey: Guid(c11aca42584ea5643b700d3f134ffeec) Importer(2089858483,192608db42251d675da83286b1cce702)
Start importing Assets/Scenes/Construction_Site_Final.unity using Guid(c11aca42584ea5643b700d3f134ffeec) Importer(2089858483,192608db42251d675da83286b1cce702) (ScriptedImporter) -> (artifact id: '6e9d5eac44330f0ba110d98c49a4c95b') in 0.0183054 seconds
Number of updated asset objects reloaded before import = 0Number of asset objects unloaded after import = 1

========================================================================
Received Import Request.
  Time since last request: 51.191875 seconds.
  path: Assets/3D_Content/Tools
  artifactKey: Guid(25aaddc7fb792e24794051bc5a290468) Importer(815301076,1909f56bfc062723c751e8b465ee728b)
Start importing Assets/3D_Content/Tools using Guid(25aaddc7fb792e24794051bc5a290468) Importer(815301076,1909f56bfc062723c751e8b465ee728b) (PreviewImporter) -> (artifact id: '80f7da81508df87bbb9e40fdfce9c1f7') in 0.0005259 seconds
Number of updated asset objects reloaded before import = 0Number of asset objects unloaded after import = 0

========================================================================
Received Import Request.
  Time since last request: 0.961142 seconds.
  path: Assets/3D_Content/Tools
  artifactKey: Guid(25aaddc7fb792e24794051bc5a290468) Importer(2089858483,192608db42251d675da83286b1cce702)
Start importing Assets/3D_Content/Tools using Guid(25aaddc7fb792e24794051bc5a290468) Importer(2089858483,192608db42251d675da83286b1cce702) (ScriptedImporter) -> (artifact id: 'b55b7f7d00ba325d645c09b5ff05013e') in 0.0114051 seconds
Number of updated asset objects reloaded before import = 0Number of asset objects unloaded after import = 1

========================================================================
Received Import Request.
  Time since last request: 5.143601 seconds.
  path: Assets/3D_Content/Tools/Tools_Table
  artifactKey: Guid(16153b8742ebd634db0fd6f83257c59e) Importer(2089858483,192608db42251d675da83286b1cce702)
Start importing Assets/3D_Content/Tools/Tools_Table using Guid(16153b8742ebd634db0fd6f83257c59e) Importer(2089858483,192608db42251d675da83286b1cce702) (ScriptedImporter) -> (artifact id: 'e71ecaae612a43c22dde589a9838e5fe') in 0.0137177 seconds
Number of updated asset objects reloaded before import = 0Number of asset objects unloaded after import = 1

========================================================================
Received Import Request.
  Time since last request: 0.000061 seconds.
  path: Assets/3D_Content/Tools/Trowel/TR_Tex/Material.004_baseColor.jpeg
  artifactKey: Guid(550e3424e9ed6214d9707768b476c21a) Importer(2089858483,192608db42251d675da83286b1cce702)
Start importing Assets/3D_Content/Tools/Trowel/TR_Tex/Material.004_baseColor.jpeg using Guid(550e3424e9ed6214d9707768b476c21a) Importer(2089858483,192608db42251d675da83286b1cce702) (ScriptedImporter) -> (artifact id: '42031deda455b34d359c8b294774c16c') in 0.0246457 seconds
Number of updated asset objects reloaded before import = 0Number of asset objects unloaded after import = 1

========================================================================
Received Import Request.
  Time since last request: 0.000024 seconds.
  path: Assets/3D_Content/Tools/Tools_Table/Table_Tex/Scene_-_Root_baseColor.png
  artifactKey: Guid(836d6902a4d0d8e4d92957e6f40ff08f) Importer(2089858483,192608db42251d675da83286b1cce702)
Start importing Assets/3D_Content/Tools/Tools_Table/Table_Tex/Scene_-_Root_baseColor.png using Guid(836d6902a4d0d8e4d92957e6f40ff08f) Importer(2089858483,192608db42251d675da83286b1cce702) (ScriptedImporter) -> (artifact id: 'ae9aae8eaaedf4f29391843746f8d7b7') in 0.0217445 seconds
Number of updated asset objects reloaded before import = 0Number of asset objects unloaded after import = 1

========================================================================
Received Import Request.
  Time since last request: 0.000029 seconds.
  path: Assets/3D_Content/Tools/Trowel/TR_Tex/Material_baseColor.jpeg
  artifactKey: Guid(7096e3e2b50f474499c16efd5ed5b17f) Importer(2089858483,192608db42251d675da83286b1cce702)
Start importing Assets/3D_Content/Tools/Trowel/TR_Tex/Material_baseColor.jpeg using Guid(7096e3e2b50f474499c16efd5ed5b17f) Importer(2089858483,192608db42251d675da83286b1cce702) (ScriptedImporter) -> (artifact id: '2d169badddfa0d87f9266c2ce0c6fc5a') in 0.020882 seconds
Number of updated asset objects reloaded before import = 0Number of asset objects unloaded after import = 1

========================================================================
Received Import Request.
  Time since last request: 0.000108 seconds.
  path: Assets/3D_Content/Tools/Trowel/TR_Tex/Material.001_baseColor.jpeg
  artifactKey: Guid(09ddf4ea1f5a7a146a2635d6ecec2479) Importer(2089858483,192608db42251d675da83286b1cce702)
Start importing Assets/3D_Content/Tools/Trowel/TR_Tex/Material.001_baseColor.jpeg using Guid(09ddf4ea1f5a7a146a2635d6ecec2479) Importer(2089858483,192608db42251d675da83286b1cce702) (ScriptedImporter) -> (artifact id: '8f566d13a51be08ed1b41ec00b036645') in 0.0232823 seconds
Number of updated asset objects reloaded before import = 0Number of asset objects unloaded after import = 1

========================================================================
Received Import Request.
  Time since last request: 0.000052 seconds.
  path: Assets/3D_Content/Tools/Tools_Table/Table_Tex/Scene_-_Root_normal.png
  artifactKey: Guid(96cef5bd68312c944b4b81e687a3b1ca) Importer(2089858483,192608db42251d675da83286b1cce702)
Start importing Assets/3D_Content/Tools/Tools_Table/Table_Tex/Scene_-_Root_normal.png using Guid(96cef5bd68312c944b4b81e687a3b1ca) Importer(2089858483,192608db42251d675da83286b1cce702) (ScriptedImporter) -> (artifact id: '73f5d48eb698989918d45b21d7246f2e') in 0.0240947 seconds
Number of updated asset objects reloaded before import = 0Number of asset objects unloaded after import = 1

========================================================================
Received Import Request.
  Time since last request: 0.000041 seconds.
  path: Assets/3D_Content/Tools/Trowel/TR_Tex
  artifactKey: Guid(44a8327bff39ef844860de609a2eb5a1) Importer(2089858483,192608db42251d675da83286b1cce702)
Start importing Assets/3D_Content/Tools/Trowel/TR_Tex using Guid(44a8327bff39ef844860de609a2eb5a1) Importer(2089858483,192608db42251d675da83286b1cce702) (ScriptedImporter) -> (artifact id: '678052157c38886d0ee048ce917a9ab5') in 0.0172671 seconds
Number of updated asset objects reloaded before import = 0Number of asset objects unloaded after import = 1

========================================================================
Received Import Request.
  Time since last request: 12.591542 seconds.
  path: Assets/3D_Content/Tools/Buckets
  artifactKey: Guid(b3e95bb5322a9e64fa6e13e2afc3fe52) Importer(815301076,1909f56bfc062723c751e8b465ee728b)
Start importing Assets/3D_Content/Tools/Buckets using Guid(b3e95bb5322a9e64fa6e13e2afc3fe52) Importer(815301076,1909f56bfc062723c751e8b465ee728b) (PreviewImporter) -> (artifact id: 'de1813180455aa778bb10d57e6b43620') in 0.0006616 seconds
Number of updated asset objects reloaded before import = 0Number of asset objects unloaded after import = 0

========================================================================
Received Import Request.
  Time since last request: 0.968336 seconds.
  path: Assets/3D_Content/Tools/Buckets
  artifactKey: Guid(b3e95bb5322a9e64fa6e13e2afc3fe52) Importer(2089858483,192608db42251d675da83286b1cce702)
Start importing Assets/3D_Content/Tools/Buckets using Guid(b3e95bb5322a9e64fa6e13e2afc3fe52) Importer(2089858483,192608db42251d675da83286b1cce702) (ScriptedImporter) -> (artifact id: 'c7b38c2cb78ce8f79fa4fa0dbde9d4d6') in 0.0121834 seconds
Number of updated asset objects reloaded before import = 0Number of asset objects unloaded after import = 1

========================================================================
Received Import Request.
  Time since last request: 4.618013 seconds.
  path: Assets/3D_Content/Tools/Buckets/Bucket1
  artifactKey: Guid(544b865371fdf854ebbd0bb1f3cc095e) Importer(815301076,1909f56bfc062723c751e8b465ee728b)
Start importing Assets/3D_Content/Tools/Buckets/Bucket1 using Guid(544b865371fdf854ebbd0bb1f3cc095e) Importer(815301076,1909f56bfc062723c751e8b465ee728b) (PreviewImporter) -> (artifact id: '2fb4f2ef2ec19064c11f93e20c1c1aed') in 0.0006384 seconds
Number of updated asset objects reloaded before import = 0Number of asset objects unloaded after import = 0

========================================================================
Received Import Request.
  Time since last request: 3.208548 seconds.
  path: Assets/3D_Content/Tools/Buckets/Bucket1
  artifactKey: Guid(544b865371fdf854ebbd0bb1f3cc095e) Importer(2089858483,192608db42251d675da83286b1cce702)
Start importing Assets/3D_Content/Tools/Buckets/Bucket1 using Guid(544b865371fdf854ebbd0bb1f3cc095e) Importer(2089858483,192608db42251d675da83286b1cce702) (ScriptedImporter) -> (artifact id: 'fb19852f30b98879250aa9ec3b07fd98') in 0.0104814 seconds
Number of updated asset objects reloaded before import = 0Number of asset objects unloaded after import = 1

========================================================================
Received Import Request.
  Time since last request: 3.154800 seconds.
  path: Assets/3D_Content/Tools/Buckets/Bucket2
  artifactKey: Guid(6ad107f3a273a7c4fa7e5c7518bbf0ad) Importer(815301076,1909f56bfc062723c751e8b465ee728b)
Start importing Assets/3D_Content/Tools/Buckets/Bucket2 using Guid(6ad107f3a273a7c4fa7e5c7518bbf0ad) Importer(815301076,1909f56bfc062723c751e8b465ee728b) (PreviewImporter) -> (artifact id: 'f58e779b884321f71c5ccb32f2b5b0f1') in 0.0005655 seconds
Number of updated asset objects reloaded before import = 0Number of asset objects unloaded after import = 0

========================================================================
Received Import Request.
  Time since last request: 0.969375 seconds.
  path: Assets/3D_Content/Tools/Buckets/Bucket2
  artifactKey: Guid(6ad107f3a273a7c4fa7e5c7518bbf0ad) Importer(2089858483,192608db42251d675da83286b1cce702)
Start importing Assets/3D_Content/Tools/Buckets/Bucket2 using Guid(6ad107f3a273a7c4fa7e5c7518bbf0ad) Importer(2089858483,192608db42251d675da83286b1cce702) (ScriptedImporter) -> (artifact id: '6463178d3d0e4496c4f2459442d5ffd4') in 0.0111983 seconds
Number of updated asset objects reloaded before import = 0Number of asset objects unloaded after import = 1

========================================================================
Received Import Request.
  Time since last request: 373.684481 seconds.
  path: Assets/3D_Content/Tools/Hammer
  artifactKey: Guid(a6ddce24886172b4c8a5ad2d1807ac36) Importer(815301076,1909f56bfc062723c751e8b465ee728b)
Start importing Assets/3D_Content/Tools/Hammer using Guid(a6ddce24886172b4c8a5ad2d1807ac36) Importer(815301076,1909f56bfc062723c751e8b465ee728b) (PreviewImporter) -> (artifact id: '2cfeaf8cab558712673aec97a459a37a') in 0.0006479 seconds
Number of updated asset objects reloaded before import = 0Number of asset objects unloaded after import = 0

========================================================================
Received Import Request.
  Time since last request: 0.968166 seconds.
  path: Assets/3D_Content/Tools/Hammer
  artifactKey: Guid(a6ddce24886172b4c8a5ad2d1807ac36) Importer(2089858483,192608db42251d675da83286b1cce702)
Start importing Assets/3D_Content/Tools/Hammer using Guid(a6ddce24886172b4c8a5ad2d1807ac36) Importer(2089858483,192608db42251d675da83286b1cce702) (ScriptedImporter) -> (artifact id: '8119ce0f9b7eb676cf91c2dbd30e6aae') in 0.0123574 seconds
Number of updated asset objects reloaded before import = 0Number of asset objects unloaded after import = 1

========================================================================
Received Import Request.
  Time since last request: 8.739971 seconds.
  path: Assets/3D_Content/Tools/Hammer/Hammer.fbx
  artifactKey: Guid(daf262b006f6ddb42bf3c0cde632b9a8) Importer(815301076,1909f56bfc062723c751e8b465ee728b)
Start importing Assets/3D_Content/Tools/Hammer/Hammer.fbx using Guid(daf262b006f6ddb42bf3c0cde632b9a8) Importer(815301076,1909f56bfc062723c751e8b465ee728b) (PreviewImporter) -> (artifact id: '88227b482142f44666347cdb93bba25c') in 0.0270723 seconds
Number of updated asset objects reloaded before import = 0Number of asset objects unloaded after import = 8

========================================================================
Received Import Request.
  Time since last request: 0.952982 seconds.
  path: Assets/3D_Content/Tools/Hammer/Hammer.fbx
  artifactKey: Guid(daf262b006f6ddb42bf3c0cde632b9a8) Importer(2089858483,192608db42251d675da83286b1cce702)
Start importing Assets/3D_Content/Tools/Hammer/Hammer.fbx using Guid(daf262b006f6ddb42bf3c0cde632b9a8) Importer(2089858483,192608db42251d675da83286b1cce702) (ScriptedImporter) -> (artifact id: 'b760ff296f3f7a77b416a008d5aa3bd3') in 0.0215636 seconds
Number of updated asset objects reloaded before import = 0Number of asset objects unloaded after import = 8

========================================================================
Received Import Request.
  Time since last request: 7.004953 seconds.
  path: Assets/3D_Content/Tools/Hammer/Hammer_Tex
  artifactKey: Guid(cadfa012b9d14ea4d8cfb521bcfab4d5) Importer(815301076,1909f56bfc062723c751e8b465ee728b)
Start importing Assets/3D_Content/Tools/Hammer/Hammer_Tex using Guid(cadfa012b9d14ea4d8cfb521bcfab4d5) Importer(815301076,1909f56bfc062723c751e8b465ee728b) (PreviewImporter) -> (artifact id: '897c0ca29c8a0b2f7ffad34057327d79') in 0.00057 seconds
Number of updated asset objects reloaded before import = 0Number of asset objects unloaded after import = 0

========================================================================
Received Import Request.
  Time since last request: 0.962822 seconds.
  path: Assets/3D_Content/Tools/Hammer/Hammer_Tex
  artifactKey: Guid(cadfa012b9d14ea4d8cfb521bcfab4d5) Importer(2089858483,192608db42251d675da83286b1cce702)
Start importing Assets/3D_Content/Tools/Hammer/Hammer_Tex using Guid(cadfa012b9d14ea4d8cfb521bcfab4d5) Importer(2089858483,192608db42251d675da83286b1cce702) (ScriptedImporter) -> (artifact id: '36ed2a5bd72e8d1ff1863a410d9964d5') in 0.0185723 seconds
Number of updated asset objects reloaded before import = 0Number of asset objects unloaded after import = 1

========================================================================
Received Import Request.
  Time since last request: 71.201153 seconds.
  path: Assets/3D_Content/Tools/Hammer/Hammer.fbx
  artifactKey: Guid(daf262b006f6ddb42bf3c0cde632b9a8) Importer(815301076,1909f56bfc062723c751e8b465ee728b)
Start importing Assets/3D_Content/Tools/Hammer/Hammer.fbx using Guid(daf262b006f6ddb42bf3c0cde632b9a8) Importer(815301076,1909f56bfc062723c751e8b465ee728b) (PreviewImporter) -> (artifact id: '943cfb4d3eddfceeb07eed1a87839eb0') in 0.0786514 seconds
Number of updated asset objects reloaded before import = 0Number of asset objects unloaded after import = 8

========================================================================
Received Import Request.
  Time since last request: 0.881139 seconds.
  path: Assets/3D_Content/Tools/Hammer/Hammer.fbx
  artifactKey: Guid(daf262b006f6ddb42bf3c0cde632b9a8) Importer(2089858483,192608db42251d675da83286b1cce702)
Start importing Assets/3D_Content/Tools/Hammer/Hammer.fbx using Guid(daf262b006f6ddb42bf3c0cde632b9a8) Importer(2089858483,192608db42251d675da83286b1cce702) (ScriptedImporter) -> (artifact id: '7bcc7653154f0d65a69db939d2fe2c14') in 0.0210483 seconds
Number of updated asset objects reloaded before import = 0Number of asset objects unloaded after import = 8

========================================================================
Received Import Request.
  Time since last request: 105.512569 seconds.
  path: Assets/3D_Content/Tools/Hammer/Hammer.fbx
  artifactKey: Guid(daf262b006f6ddb42bf3c0cde632b9a8) Importer(815301076,1909f56bfc062723c751e8b465ee728b)
Start importing Assets/3D_Content/Tools/Hammer/Hammer.fbx using Guid(daf262b006f6ddb42bf3c0cde632b9a8) Importer(815301076,1909f56bfc062723c751e8b465ee728b) (PreviewImporter) -> (artifact id: '283c4011e39d58da68f953b4045566b5') in 0.0259611 seconds
Number of updated asset objects reloaded before import = 0Number of asset objects unloaded after import = 8

========================================================================
Received Import Request.
  Time since last request: 0.923122 seconds.
  path: Assets/3D_Content/Tools/Hammer/Hammer.fbx
  artifactKey: Guid(daf262b006f6ddb42bf3c0cde632b9a8) Importer(2089858483,192608db42251d675da83286b1cce702)
Start importing Assets/3D_Content/Tools/Hammer/Hammer.fbx using Guid(daf262b006f6ddb42bf3c0cde632b9a8) Importer(2089858483,192608db42251d675da83286b1cce702) (ScriptedImporter) -> (artifact id: '2058125af297c643124b0cb64fed64c4') in 0.0185814 seconds
Number of updated asset objects reloaded before import = 0Number of asset objects unloaded after import = 8

========================================================================
Received Import Request.
  Time since last request: 42.239803 seconds.
  path: Assets/3D_Content/Tools/Buckets/Bucket1/Bucket.fbx
  artifactKey: Guid(44407ffd2191e754fa1c7348b445c221) Importer(815301076,1909f56bfc062723c751e8b465ee728b)
Start importing Assets/3D_Content/Tools/Buckets/Bucket1/Bucket.fbx using Guid(44407ffd2191e754fa1c7348b445c221) Importer(815301076,1909f56bfc062723c751e8b465ee728b) (PreviewImporter) -> (artifact id: 'a2b275b0d7452c5dd0c4b662f06dea3c') in 0.0536253 seconds
Number of updated asset objects reloaded before import = 0Number of asset objects unloaded after import = 14

========================================================================
Received Import Request.
  Time since last request: 0.891963 seconds.
  path: Assets/3D_Content/Tools/Buckets/Bucket1/Bucket.fbx
  artifactKey: Guid(44407ffd2191e754fa1c7348b445c221) Importer(2089858483,192608db42251d675da83286b1cce702)
Start importing Assets/3D_Content/Tools/Buckets/Bucket1/Bucket.fbx using Guid(44407ffd2191e754fa1c7348b445c221) Importer(2089858483,192608db42251d675da83286b1cce702) (ScriptedImporter) -> (artifact id: '7f4c8f06502826bd2560e87d525cf1e3') in 0.0224064 seconds
Number of updated asset objects reloaded before import = 0Number of asset objects unloaded after import = 14

========================================================================
Received Import Request.
  Time since last request: 15.073078 seconds.
  path: Assets/3D_Content/Tools/Buckets/Bucket1/Bucket_Tex
  artifactKey: Guid(aded12725705d60459319142acf410fb) Importer(815301076,1909f56bfc062723c751e8b465ee728b)
Start importing Assets/3D_Content/Tools/Buckets/Bucket1/Bucket_Tex using Guid(aded12725705d60459319142acf410fb) Importer(815301076,1909f56bfc062723c751e8b465ee728b) (PreviewImporter) -> (artifact id: '17cbcf56809b8926ca01b7d92b9124b1') in 0.0006219 seconds
Number of updated asset objects reloaded before import = 0Number of asset objects unloaded after import = 0

========================================================================
Received Import Request.
  Time since last request: 0.969587 seconds.
  path: Assets/3D_Content/Tools/Buckets/Bucket1/Bucket_Tex
  artifactKey: Guid(aded12725705d60459319142acf410fb) Importer(2089858483,192608db42251d675da83286b1cce702)
Start importing Assets/3D_Content/Tools/Buckets/Bucket1/Bucket_Tex using Guid(aded12725705d60459319142acf410fb) Importer(2089858483,192608db42251d675da83286b1cce702) (ScriptedImporter) -> (artifact id: 'e7e3daa5f08ae3a92169d67cddefdf0d') in 0.0126196 seconds
Number of updated asset objects reloaded before import = 0Number of asset objects unloaded after import = 1

========================================================================
Received Import Request.
  Time since last request: 7.772654 seconds.
  path: Assets/3D_Content/Tools/Buckets/Bucket1/Bucket.fbx
  artifactKey: Guid(44407ffd2191e754fa1c7348b445c221) Importer(815301076,1909f56bfc062723c751e8b465ee728b)
Start importing Assets/3D_Content/Tools/Buckets/Bucket1/Bucket.fbx using Guid(44407ffd2191e754fa1c7348b445c221) Importer(815301076,1909f56bfc062723c751e8b465ee728b) (PreviewImporter) -> (artifact id: 'bb404a9d6bc9d4f3803fec0bb92e412c') in 0.0725118 seconds
Number of updated asset objects reloaded before import = 0Number of asset objects unloaded after import = 16

========================================================================
Received Import Request.
  Time since last request: 0.905147 seconds.
  path: Assets/3D_Content/Tools/Buckets/Bucket1/Bucket_Tex/worn-aluminum_preview.jpg
  artifactKey: Guid(3456e9929b658ca4b99c09bf8f5d2e8b) Importer(2089858483,192608db42251d675da83286b1cce702)
Start importing Assets/3D_Content/Tools/Buckets/Bucket1/Bucket_Tex/worn-aluminum_preview.jpg using Guid(3456e9929b658ca4b99c09bf8f5d2e8b) Importer(2089858483,192608db42251d675da83286b1cce702) (ScriptedImporter) -> (artifact id: '0ed7c079c1e4ee51ed7fa4ff7e0624f9') in 0.019327 seconds
Number of updated asset objects reloaded before import = 0Number of asset objects unloaded after import = 1

========================================================================
Received Import Request.
  Time since last request: 18.485984 seconds.
  path: Assets/3D_Content/Tools/Buckets/Bucket2/Bucket2.fbx
  artifactKey: Guid(5c76a2dd654719445bbbd1ec7323067e) Importer(815301076,1909f56bfc062723c751e8b465ee728b)
Start importing Assets/3D_Content/Tools/Buckets/Bucket2/Bucket2.fbx using Guid(5c76a2dd654719445bbbd1ec7323067e) Importer(815301076,1909f56bfc062723c751e8b465ee728b) (PreviewImporter) -> (artifact id: 'c341f60feb43983e6245681b62950f13') in 0.0748264 seconds
Number of updated asset objects reloaded before import = 0Number of asset objects unloaded after import = 15

========================================================================
Received Import Request.
  Time since last request: 0.884674 seconds.
  path: Assets/3D_Content/Tools/Buckets/Bucket2/Bucket2.fbx
  artifactKey: Guid(5c76a2dd654719445bbbd1ec7323067e) Importer(2089858483,192608db42251d675da83286b1cce702)
Start importing Assets/3D_Content/Tools/Buckets/Bucket2/Bucket2.fbx using Guid(5c76a2dd654719445bbbd1ec7323067e) Importer(2089858483,192608db42251d675da83286b1cce702) (ScriptedImporter) -> (artifact id: 'bbd398d875d6c5a53fe997d281fd9abe') in 0.0244888 seconds
Number of updated asset objects reloaded before import = 0Number of asset objects unloaded after import = 15

========================================================================
Received Import Request.
  Time since last request: 7.746831 seconds.
  path: Assets/3D_Content/Tools/Buckets/Bucket2/Bucket2_Tex
  artifactKey: Guid(7a357553fb2e70740a10bf9a9c1b4553) Importer(815301076,1909f56bfc062723c751e8b465ee728b)
Start importing Assets/3D_Content/Tools/Buckets/Bucket2/Bucket2_Tex using Guid(7a357553fb2e70740a10bf9a9c1b4553) Importer(815301076,1909f56bfc062723c751e8b465ee728b) (PreviewImporter) -> (artifact id: '77bb06394a3dcb1aad446c09dfa8a71c') in 0.000581 seconds
Number of updated asset objects reloaded before import = 0Number of asset objects unloaded after import = 0

========================================================================
Received Import Request.
  Time since last request: 0.967770 seconds.
  path: Assets/3D_Content/Tools/Buckets/Bucket2/Bucket2_Tex
  artifactKey: Guid(7a357553fb2e70740a10bf9a9c1b4553) Importer(2089858483,192608db42251d675da83286b1cce702)
Start importing Assets/3D_Content/Tools/Buckets/Bucket2/Bucket2_Tex using Guid(7a357553fb2e70740a10bf9a9c1b4553) Importer(2089858483,192608db42251d675da83286b1cce702) (ScriptedImporter) -> (artifact id: '6379c58917dc313952d6e80e2bf4b99b') in 0.0121626 seconds
Number of updated asset objects reloaded before import = 0Number of asset objects unloaded after import = 1

========================================================================
Received Import Request.
  Time since last request: 46.129461 seconds.
  path: Assets/3D_Content/Tools/Buckets/Bucket2/Bucket2.fbx
  artifactKey: Guid(5c76a2dd654719445bbbd1ec7323067e) Importer(815301076,1909f56bfc062723c751e8b465ee728b)
Start importing Assets/3D_Content/Tools/Buckets/Bucket2/Bucket2.fbx using Guid(5c76a2dd654719445bbbd1ec7323067e) Importer(815301076,1909f56bfc062723c751e8b465ee728b) (PreviewImporter) -> (artifact id: '39fe8001fc182535db7b058b38b488ef') in 0.0500169 seconds
Number of updated asset objects reloaded before import = 0Number of asset objects unloaded after import = 15

========================================================================
Received Import Request.
  Time since last request: 0.926328 seconds.
  path: Assets/3D_Content/Tools/Buckets/Bucket2/Bucket2_Tex/rusty_metal_04_diff_4k.jpg
  artifactKey: Guid(95508e0f9556ff94288069d9c6ccfabc) Importer(2089858483,192608db42251d675da83286b1cce702)
Start importing Assets/3D_Content/Tools/Buckets/Bucket2/Bucket2_Tex/rusty_metal_04_diff_4k.jpg using Guid(95508e0f9556ff94288069d9c6ccfabc) Importer(2089858483,192608db42251d675da83286b1cce702) (ScriptedImporter) -> (artifact id: '394585ac2de2ab2fb1f02bfc0e43b7de') in 0.0230951 seconds
Number of updated asset objects reloaded before import = 0Number of asset objects unloaded after import = 1

========================================================================
Received Import Request.
  Time since last request: 2.363527 seconds.
  path: Assets/3D_Content/Tools/Buckets/Bucket2/Bucket2_Tex/rusty_metal_04_diff_4k.jpg
  artifactKey: Guid(95508e0f9556ff94288069d9c6ccfabc) Importer(815301076,1909f56bfc062723c751e8b465ee728b)
Start importing Assets/3D_Content/Tools/Buckets/Bucket2/Bucket2_Tex/rusty_metal_04_diff_4k.jpg using Guid(95508e0f9556ff94288069d9c6ccfabc) Importer(815301076,1909f56bfc062723c751e8b465ee728b) (PreviewImporter) -> (artifact id: '0fcc99f32de49273da157634f5cb3e2e') in 0.0160547 seconds
Number of updated asset objects reloaded before import = 0Number of asset objects unloaded after import = 2

========================================================================
Received Import Request.
  Time since last request: 15.118729 seconds.
  path: Assets/3D_Content/Tools/Buckets/Bucket2/Bucket2_Mat.mat
  artifactKey: Guid(0c4af619f3c75aa4fb3424239e910f4c) Importer(815301076,1909f56bfc062723c751e8b465ee728b)
Start importing Assets/3D_Content/Tools/Buckets/Bucket2/Bucket2_Mat.mat using Guid(0c4af619f3c75aa4fb3424239e910f4c) Importer(815301076,1909f56bfc062723c751e8b465ee728b) (PreviewImporter) -> (artifact id: 'b38ed6c94162fd479b3477c48bc4780e') in 0.0155314 seconds
Number of updated asset objects reloaded before import = 0Number of asset objects unloaded after import = 1

========================================================================
Received Import Request.
  Time since last request: 0.928288 seconds.
  path: Assets/3D_Content/Tools/Buckets/Bucket2/Bucket2_Mat.mat
  artifactKey: Guid(0c4af619f3c75aa4fb3424239e910f4c) Importer(2089858483,192608db42251d675da83286b1cce702)
Start importing Assets/3D_Content/Tools/Buckets/Bucket2/Bucket2_Mat.mat using Guid(0c4af619f3c75aa4fb3424239e910f4c) Importer(2089858483,192608db42251d675da83286b1cce702) (ScriptedImporter) -> (artifact id: '7a69ee83fcedbf328d5a351a23462384') in 0.0127312 seconds
Number of updated asset objects reloaded before import = 0Number of asset objects unloaded after import = 1

========================================================================
Received Import Request.
  Time since last request: 35.084096 seconds.
  path: Assets/3D_Content/Tools/Buckets/Bucket2/Bucket2.fbx
  artifactKey: Guid(5c76a2dd654719445bbbd1ec7323067e) Importer(815301076,1909f56bfc062723c751e8b465ee728b)
Start importing Assets/3D_Content/Tools/Buckets/Bucket2/Bucket2.fbx using Guid(5c76a2dd654719445bbbd1ec7323067e) Importer(815301076,1909f56bfc062723c751e8b465ee728b) (PreviewImporter) -> (artifact id: '61b6b450090f15c0f6f434b3661a93ff') in 0.0400982 seconds
Number of updated asset objects reloaded before import = 0Number of asset objects unloaded after import = 15

========================================================================
Received Import Request.
  Time since last request: 451.731044 seconds.
  path: Assets/3D_Content/Tools/Hammer/Hammer_M.mat
  artifactKey: Guid(70bd0e574c700054fbfe6c451f0043d5) Importer(815301076,1909f56bfc062723c751e8b465ee728b)
Start importing Assets/3D_Content/Tools/Hammer/Hammer_M.mat using Guid(70bd0e574c700054fbfe6c451f0043d5) Importer(815301076,1909f56bfc062723c751e8b465ee728b) (PreviewImporter) -> (artifact id: '970c76e158c7db5e20c19fa03a582984') in 0.0217802 seconds
Number of updated asset objects reloaded before import = 0Number of asset objects unloaded after import = 1

========================================================================
Received Import Request.
  Time since last request: 0.914033 seconds.
  path: Assets/3D_Content/Tools/Hammer/Hammer_M.mat
  artifactKey: Guid(70bd0e574c700054fbfe6c451f0043d5) Importer(2089858483,192608db42251d675da83286b1cce702)
Start importing Assets/3D_Content/Tools/Hammer/Hammer_M.mat using Guid(70bd0e574c700054fbfe6c451f0043d5) Importer(2089858483,192608db42251d675da83286b1cce702) (ScriptedImporter) -> (artifact id: '4758f2c63a58c2acdb33d3fffbede808') in 0.0132912 seconds
Number of updated asset objects reloaded before import = 0Number of asset objects unloaded after import = 1

========================================================================
Received Import Request.
  Time since last request: 300.355931 seconds.
  path: Assets/3D_Content/Tools/Hammer/Hammer.fbx
  artifactKey: Guid(daf262b006f6ddb42bf3c0cde632b9a8) Importer(815301076,1909f56bfc062723c751e8b465ee728b)
Start importing Assets/3D_Content/Tools/Hammer/Hammer.fbx using Guid(daf262b006f6ddb42bf3c0cde632b9a8) Importer(815301076,1909f56bfc062723c751e8b465ee728b) (PreviewImporter) -> (artifact id: '987af179ef7f786e56ac40157dd0b075') in 0.0304689 seconds
Number of updated asset objects reloaded before import = 0Number of asset objects unloaded after import = 8

========================================================================
Received Import Request.
  Time since last request: 0.976208 seconds.
  path: Assets/3D_Content/Tools/Hammer/Hammer.fbx
  artifactKey: Guid(daf262b006f6ddb42bf3c0cde632b9a8) Importer(2089858483,192608db42251d675da83286b1cce702)
Start importing Assets/3D_Content/Tools/Hammer/Hammer.fbx using Guid(daf262b006f6ddb42bf3c0cde632b9a8) Importer(2089858483,192608db42251d675da83286b1cce702) (ScriptedImporter) -> (artifact id: '600188e1932211119e55f6eff3c78086') in 0.0243262 seconds
Number of updated asset objects reloaded before import = 0Number of asset objects unloaded after import = 8

========================================================================
Received Import Request.
  Time since last request: 9.293821 seconds.
  path: Assets/3D_Content/Tools/Hammer/Hammer.fbx
  artifactKey: Guid(daf262b006f6ddb42bf3c0cde632b9a8) Importer(815301076,1909f56bfc062723c751e8b465ee728b)
Start importing Assets/3D_Content/Tools/Hammer/Hammer.fbx using Guid(daf262b006f6ddb42bf3c0cde632b9a8) Importer(815301076,1909f56bfc062723c751e8b465ee728b) (PreviewImporter) -> (artifact id: 'ee82ef37886d08b5b8be32380e5fae35') in 0.029417 seconds
Number of updated asset objects reloaded before import = 0Number of asset objects unloaded after import = 10

========================================================================
Received Import Request.
  Time since last request: 0.943214 seconds.
  path: Assets/3D_Content/Tools/Hammer/Hammer_Tex/Hammer_BC.png
  artifactKey: Guid(ad13c382336c58a438c85701efc9934a) Importer(2089858483,192608db42251d675da83286b1cce702)
Start importing Assets/3D_Content/Tools/Hammer/Hammer_Tex/Hammer_BC.png using Guid(ad13c382336c58a438c85701efc9934a) Importer(2089858483,192608db42251d675da83286b1cce702) (ScriptedImporter) -> (artifact id: 'd69ee3cd5a9eadb7852e612854bf87a3') in 0.0205127 seconds
Number of updated asset objects reloaded before import = 0Number of asset objects unloaded after import = 1

========================================================================
Received Import Request.
  Time since last request: 0.805295 seconds.
  path: Assets/3D_Content/Tools/Hammer/Hammer.fbx
  artifactKey: Guid(daf262b006f6ddb42bf3c0cde632b9a8) Importer(815301076,1909f56bfc062723c751e8b465ee728b)
Start importing Assets/3D_Content/Tools/Hammer/Hammer.fbx using Guid(daf262b006f6ddb42bf3c0cde632b9a8) Importer(815301076,1909f56bfc062723c751e8b465ee728b) (PreviewImporter) -> (artifact id: '9d33410adaf7a6758f8501cfd98419e7') in 0.0365475 seconds
Number of updated asset objects reloaded before import = 0Number of asset objects unloaded after import = 10

========================================================================
Received Import Request.
  Time since last request: 1074.880954 seconds.
  path: Assets/3D_Content/Tools/Buckets/Bucket2/Bucket2_Mat.mat
  artifactKey: Guid(0c4af619f3c75aa4fb3424239e910f4c) Importer(2089858483,192608db42251d675da83286b1cce702)
Start importing Assets/3D_Content/Tools/Buckets/Bucket2/Bucket2_Mat.mat using Guid(0c4af619f3c75aa4fb3424239e910f4c) Importer(2089858483,192608db42251d675da83286b1cce702) (ScriptedImporter) -> (artifact id: '4719cfff3f43288a663771a8f2db4a62') in 0.0169163 seconds
Number of updated asset objects reloaded before import = 0Number of asset objects unloaded after import = 2

